2020/11/15 17:28:45,741 (FabricNetworkContainer.java:110) [COMMON][W] - Reconfiguring log filter finished, version: 1
2020/11/15 17:28:45,748 (FabricNetworkContainer.java:110) [COMMON][E] - more than one or no slf4j static bindings were found, third party logs may not be logged.
2020/11/15 17:28:45,748 (FabricNetworkContainer.java:110) [COMMON][E] - binding: [jar:file:/Users/joker/.m2/repository/cn/bidsun/bidsun-common/0.0.1-SNAPSHOT/bidsun-common-0.0.1-SNAPSHOT.jar!/org/slf4j/impl/StaticLoggerBinder.class]
2020/11/15 17:28:45,749 (FabricNetworkContainer.java:110) [COMMON][E] - binding: [jar:file:/Users/joker/.m2/repository/org/slf4j/slf4j-log4j12/1.7.30/slf4j-log4j12-1.7.30.jar!/org/slf4j/impl/StaticLoggerBinder.class]
2020/11/15 17:28:45,751 (FabricNetworkContainer.java:110) [THIRD_PARTY][I] - 开始初始化区块链网络
2020/11/15 17:28:59,911 (FabricNetworkContainer.java:176) [THIRD_PARTY][I] - 查询已经存在的channel
2020/11/15 17:28:59,915 (FabricNetworkContainer.java:183) [THIRD_PARTY][I] - 开始组装当前组织的admin用户信息,organizationId为:Org1MSP
2020/11/15 17:29:02,286 (FabricNetworkContainer.java:193) [THIRD_PARTY][I] - adminUser:UserInfo(name=Admin, enrollSecret=null, mspId=Org1MSP, roles=null, account=null, affiliation=null, enrollment=org.hyperledger.fabric.sdk.identity.X509Enrollment@412c995d, gmEnrollment=null)
2020/11/15 17:29:02,287 (FabricNetworkContainer.java:195) [THIRD_PARTY][I] - 结束组装admin用户信息
2020/11/15 17:29:02,287 (FabricNetworkContainer.java:199) [THIRD_PARTY][I] - 开始初始化组织id为[Org1MSP]的相关区块链信息
2020/11/15 17:29:02,288 (FabricNetworkContainer.java:202) [THIRD_PARTY][I] - 该组织Org1MSP加入的channel数量为:1
2020/11/15 17:29:03,379 (FabricNetworkContainer.java:206) [THIRD_PARTY][I] - 获取channel的所有peer
2020/11/15 17:29:05,130 (FabricNetworkContainer.java:209) [THIRD_PARTY][I] - 获取channel的所有orderer
2020/11/15 17:29:05,160 (InternalLoggerFactory.java:43) [NETTY][D] - Using SLF4J as the default logging framework
2020/11/15 17:29:16,375 (FabricNetworkContainer.java:233) [THIRD_PARTY][I] - anchorPeer:PeerConfiguration.PeerNode(domain=peer0.org1.com, url=grpcs://47.103.60.250:11051, tlsCertFile=/Users/joker/go/src/myLibrary/java-library/src/main/resources/crypto-config/peerOrganizations/org1.com/peers/peer0.org1.com/tls/ca.crt, chainCodes=[democc], anchorPeer=true, endorsingPeer=true, chaincodeQuery=true, ledgerQuery=true, eventSource=true)
2020/11/15 17:29:17,245 (FabricNetworkContainer.java:236) [THIRD_PARTY][I] - begin 查询该组织[demochannel]已经加入的channel信息
2020/11/15 17:30:11,266 (PlatformDependent.java:938) [NETTY][D] - Platform: MacOS
2020/11/15 17:30:11,270 (PlatformDependent0.java:395) [NETTY][D] - -Dio.netty.noUnsafe: false
2020/11/15 17:30:11,272 (PlatformDependent0.java:851) [NETTY][D] - Java version: 8
2020/11/15 17:30:11,277 (PlatformDependent0.java:120) [NETTY][D] - sun.misc.Unsafe.theUnsafe: available
2020/11/15 17:30:11,282 (PlatformDependent0.java:144) [NETTY][D] - sun.misc.Unsafe.copyMemory: available
2020/11/15 17:30:11,287 (PlatformDependent0.java:182) [NETTY][D] - java.nio.Buffer.address: available
2020/11/15 17:30:11,290 (PlatformDependent0.java:243) [NETTY][D] - direct buffer constructor: available
2020/11/15 17:30:11,293 (PlatformDependent0.java:313) [NETTY][D] - java.nio.Bits.unaligned: available, true
2020/11/15 17:30:11,295 (PlatformDependent0.java:378) [NETTY][D] - jdk.internal.misc.Unsafe.allocateUninitializedArray(int): unavailable prior to Java9
2020/11/15 17:30:11,297 (PlatformDependent0.java:385) [NETTY][D] - java.nio.DirectByteBuffer.<init>(long, int): available
2020/11/15 17:30:11,299 (PlatformDependent.java:970) [NETTY][D] - sun.misc.Unsafe: available
2020/11/15 17:30:11,300 (PlatformDependent.java:1089) [NETTY][D] - -Dio.netty.tmpdir: /var/folders/lj/8ncrpczs1n3f2lq4gbdjmgrw0000gn/T (java.io.tmpdir)
2020/11/15 17:30:11,302 (PlatformDependent.java:1168) [NETTY][D] - -Dio.netty.bitMode: 64 (sun.arch.data.model)
2020/11/15 17:30:11,307 (PlatformDependent.java:159) [NETTY][D] - -Dio.netty.maxDirectMemory: 3817865216 bytes
2020/11/15 17:30:11,309 (PlatformDependent.java:166) [NETTY][D] - -Dio.netty.uninitializedArrayAllocationThreshold: -1
2020/11/15 17:30:11,314 (CleanerJava6.java:92) [NETTY][D] - java.nio.ByteBuffer.cleaner(): available
2020/11/15 17:30:11,315 (PlatformDependent.java:186) [NETTY][D] - -Dio.netty.noPreferDirect: false
2020/11/15 17:30:11,322 (NativeLibraryLoader.java:73) [NETTY][D] - -Dio.netty.native.workdir: /var/folders/lj/8ncrpczs1n3f2lq4gbdjmgrw0000gn/T (io.netty.tmpdir)
2020/11/15 17:30:11,324 (NativeLibraryLoader.java:78) [NETTY][D] - -Dio.netty.native.deleteLibAfterLoading: true
2020/11/15 17:30:11,325 (NativeLibraryLoader.java:82) [NETTY][D] - -Dio.netty.native.tryPatchShadedId: true
2020/11/15 17:30:11,333 (NativeLibraryLoader.java:344) [NETTY][D] - Unable to load the library 'netty_tcnative_osx_x86_64', trying other loading mechanism.
2020/11/15 17:30:11,339 (NativeLibraryLoader.java:140) [NETTY][D] - netty_tcnative_osx_x86_64 cannot be loaded from java.library.path, now trying export to -Dio.netty.native.workdir: /var/folders/lj/8ncrpczs1n3f2lq4gbdjmgrw0000gn/T
2020/11/15 17:30:11,875 (NativeLibraryLoader.java:340) [NETTY][D] - Successfully loaded the library /var/folders/lj/8ncrpczs1n3f2lq4gbdjmgrw0000gn/T/libnetty_tcnative_osx_x86_646586804185936994507.dylib
2020/11/15 17:30:11,878 (OpenSsl.java:146) [NETTY][D] - Initialize netty-tcnative using engine: 'default'
2020/11/15 17:30:11,880 (OpenSsl.java:171) [NETTY][D] - netty-tcnative using native library: BoringSSL
2020/11/15 17:30:12,013 (ResourceLeakDetector.java:129) [NETTY][D] - -Dio.netty.leakDetection.level: simple
2020/11/15 17:30:12,014 (ResourceLeakDetector.java:130) [NETTY][D] - -Dio.netty.leakDetection.targetRecords: 4
2020/11/15 17:30:12,033 (AbstractByteBuf.java:62) [NETTY][D] - -Dio.netty.buffer.checkAccessible: true
2020/11/15 17:30:12,035 (AbstractByteBuf.java:63) [NETTY][D] - -Dio.netty.buffer.checkBounds: true
2020/11/15 17:30:12,041 (ResourceLeakDetectorFactory.java:202) [NETTY][D] - Loaded default ResourceLeakDetector: io.netty.util.ResourceLeakDetector@cb03411
2020/11/15 17:30:12,091 (InternalThreadLocalMap.java:54) [NETTY][D] - -Dio.netty.threadLocalMap.stringBuilder.initialSize: 1024
2020/11/15 17:30:12,095 (InternalThreadLocalMap.java:57) [NETTY][D] - -Dio.netty.threadLocalMap.stringBuilder.maxSize: 4096
2020/11/15 17:30:12,112 (PooledByteBufAllocator.java:142) [NETTY][D] - -Dio.netty.allocator.numHeapArenas: 16
2020/11/15 17:30:12,114 (PooledByteBufAllocator.java:143) [NETTY][D] - -Dio.netty.allocator.numDirectArenas: 16
2020/11/15 17:30:12,116 (PooledByteBufAllocator.java:145) [NETTY][D] - -Dio.netty.allocator.pageSize: 8192
2020/11/15 17:30:12,117 (PooledByteBufAllocator.java:150) [NETTY][D] - -Dio.netty.allocator.maxOrder: 11
2020/11/15 17:30:12,119 (PooledByteBufAllocator.java:154) [NETTY][D] - -Dio.netty.allocator.chunkSize: 16777216
2020/11/15 17:30:12,120 (PooledByteBufAllocator.java:155) [NETTY][D] - -Dio.netty.allocator.tinyCacheSize: 512
2020/11/15 17:30:12,121 (PooledByteBufAllocator.java:156) [NETTY][D] - -Dio.netty.allocator.smallCacheSize: 256
2020/11/15 17:30:12,123 (PooledByteBufAllocator.java:157) [NETTY][D] - -Dio.netty.allocator.normalCacheSize: 64
2020/11/15 17:30:12,124 (PooledByteBufAllocator.java:158) [NETTY][D] - -Dio.netty.allocator.maxCachedBufferCapacity: 32768
2020/11/15 17:30:12,125 (PooledByteBufAllocator.java:159) [NETTY][D] - -Dio.netty.allocator.cacheTrimInterval: 8192
2020/11/15 17:30:12,127 (PooledByteBufAllocator.java:160) [NETTY][D] - -Dio.netty.allocator.cacheTrimIntervalMillis: 0
2020/11/15 17:30:12,129 (PooledByteBufAllocator.java:161) [NETTY][D] - -Dio.netty.allocator.useCacheForAllThreads: true
2020/11/15 17:30:12,130 (PooledByteBufAllocator.java:162) [NETTY][D] - -Dio.netty.allocator.maxCachedByteBuffersPerChunk: 1023
2020/11/15 17:30:12,160 (ByteBufUtil.java:85) [NETTY][D] - -Dio.netty.allocator.type: pooled
2020/11/15 17:30:12,162 (ByteBufUtil.java:94) [NETTY][D] - -Dio.netty.threadLocalDirectBufferSize: 0
2020/11/15 17:30:12,163 (ByteBufUtil.java:97) [NETTY][D] - -Dio.netty.maxThreadLocalCharBufferSize: 16384
2020/11/15 17:30:12,179 (OpenSsl.java:274) [NETTY][D] - KeyManagerFactory not supported.
2020/11/15 17:30:12,185 (CipherSuiteConverter.java:330) [NETTY][D] - Cipher suite mapping: TLS_ECDHE_ECDSA_WITH_AES_128_GCM_SHA256 => ECDHE-ECDSA-AES128-GCM-SHA256
2020/11/15 17:30:12,187 (CipherSuiteConverter.java:331) [NETTY][D] - Cipher suite mapping: SSL_ECDHE_ECDSA_WITH_AES_128_GCM_SHA256 => ECDHE-ECDSA-AES128-GCM-SHA256
2020/11/15 17:30:12,188 (CipherSuiteConverter.java:330) [NETTY][D] - Cipher suite mapping: TLS_ECDHE_RSA_WITH_AES_128_GCM_SHA256 => ECDHE-RSA-AES128-GCM-SHA256
2020/11/15 17:30:12,190 (CipherSuiteConverter.java:331) [NETTY][D] - Cipher suite mapping: SSL_ECDHE_RSA_WITH_AES_128_GCM_SHA256 => ECDHE-RSA-AES128-GCM-SHA256
2020/11/15 17:30:12,192 (CipherSuiteConverter.java:330) [NETTY][D] - Cipher suite mapping: TLS_ECDHE_ECDSA_WITH_AES_256_GCM_SHA384 => ECDHE-ECDSA-AES256-GCM-SHA384
2020/11/15 17:30:12,193 (CipherSuiteConverter.java:331) [NETTY][D] - Cipher suite mapping: SSL_ECDHE_ECDSA_WITH_AES_256_GCM_SHA384 => ECDHE-ECDSA-AES256-GCM-SHA384
2020/11/15 17:30:12,195 (CipherSuiteConverter.java:330) [NETTY][D] - Cipher suite mapping: TLS_ECDHE_RSA_WITH_AES_256_GCM_SHA384 => ECDHE-RSA-AES256-GCM-SHA384
2020/11/15 17:30:12,197 (CipherSuiteConverter.java:331) [NETTY][D] - Cipher suite mapping: SSL_ECDHE_RSA_WITH_AES_256_GCM_SHA384 => ECDHE-RSA-AES256-GCM-SHA384
2020/11/15 17:30:12,199 (CipherSuiteConverter.java:330) [NETTY][D] - Cipher suite mapping: TLS_ECDHE_ECDSA_WITH_CHACHA20_POLY1305_SHA256 => ECDHE-ECDSA-CHACHA20-POLY1305
2020/11/15 17:30:12,201 (CipherSuiteConverter.java:331) [NETTY][D] - Cipher suite mapping: SSL_ECDHE_ECDSA_WITH_CHACHA20_POLY1305_SHA256 => ECDHE-ECDSA-CHACHA20-POLY1305
2020/11/15 17:30:12,202 (CipherSuiteConverter.java:330) [NETTY][D] - Cipher suite mapping: TLS_ECDHE_RSA_WITH_CHACHA20_POLY1305_SHA256 => ECDHE-RSA-CHACHA20-POLY1305
2020/11/15 17:30:12,204 (CipherSuiteConverter.java:331) [NETTY][D] - Cipher suite mapping: SSL_ECDHE_RSA_WITH_CHACHA20_POLY1305_SHA256 => ECDHE-RSA-CHACHA20-POLY1305
2020/11/15 17:30:12,206 (CipherSuiteConverter.java:330) [NETTY][D] - Cipher suite mapping: TLS_ECDHE_PSK_WITH_CHACHA20_POLY1305_SHA256 => ECDHE-PSK-CHACHA20-POLY1305
2020/11/15 17:30:12,207 (CipherSuiteConverter.java:331) [NETTY][D] - Cipher suite mapping: SSL_ECDHE_PSK_WITH_CHACHA20_POLY1305_SHA256 => ECDHE-PSK-CHACHA20-POLY1305
2020/11/15 17:30:12,209 (CipherSuiteConverter.java:330) [NETTY][D] - Cipher suite mapping: TLS_ECDHE_ECDSA_WITH_AES_128_CBC_SHA => ECDHE-ECDSA-AES128-SHA
2020/11/15 17:30:12,211 (CipherSuiteConverter.java:331) [NETTY][D] - Cipher suite mapping: SSL_ECDHE_ECDSA_WITH_AES_128_CBC_SHA => ECDHE-ECDSA-AES128-SHA
2020/11/15 17:30:12,213 (CipherSuiteConverter.java:330) [NETTY][D] - Cipher suite mapping: TLS_ECDHE_RSA_WITH_AES_128_CBC_SHA => ECDHE-RSA-AES128-SHA
2020/11/15 17:30:12,214 (CipherSuiteConverter.java:331) [NETTY][D] - Cipher suite mapping: SSL_ECDHE_RSA_WITH_AES_128_CBC_SHA => ECDHE-RSA-AES128-SHA
2020/11/15 17:30:12,216 (CipherSuiteConverter.java:330) [NETTY][D] - Cipher suite mapping: TLS_ECDHE_PSK_WITH_AES_128_CBC_SHA => ECDHE-PSK-AES128-CBC-SHA
2020/11/15 17:30:12,217 (CipherSuiteConverter.java:331) [NETTY][D] - Cipher suite mapping: SSL_ECDHE_PSK_WITH_AES_128_CBC_SHA => ECDHE-PSK-AES128-CBC-SHA
2020/11/15 17:30:12,219 (CipherSuiteConverter.java:330) [NETTY][D] - Cipher suite mapping: TLS_ECDHE_ECDSA_WITH_AES_256_CBC_SHA => ECDHE-ECDSA-AES256-SHA
2020/11/15 17:30:12,221 (CipherSuiteConverter.java:331) [NETTY][D] - Cipher suite mapping: SSL_ECDHE_ECDSA_WITH_AES_256_CBC_SHA => ECDHE-ECDSA-AES256-SHA
2020/11/15 17:30:12,223 (CipherSuiteConverter.java:330) [NETTY][D] - Cipher suite mapping: TLS_ECDHE_RSA_WITH_AES_256_CBC_SHA => ECDHE-RSA-AES256-SHA
2020/11/15 17:30:12,224 (CipherSuiteConverter.java:331) [NETTY][D] - Cipher suite mapping: SSL_ECDHE_RSA_WITH_AES_256_CBC_SHA => ECDHE-RSA-AES256-SHA
2020/11/15 17:30:12,226 (CipherSuiteConverter.java:330) [NETTY][D] - Cipher suite mapping: TLS_ECDHE_PSK_WITH_AES_256_CBC_SHA => ECDHE-PSK-AES256-CBC-SHA
2020/11/15 17:30:12,228 (CipherSuiteConverter.java:331) [NETTY][D] - Cipher suite mapping: SSL_ECDHE_PSK_WITH_AES_256_CBC_SHA => ECDHE-PSK-AES256-CBC-SHA
2020/11/15 17:30:12,229 (CipherSuiteConverter.java:330) [NETTY][D] - Cipher suite mapping: TLS_RSA_WITH_AES_128_GCM_SHA256 => AES128-GCM-SHA256
2020/11/15 17:30:12,231 (CipherSuiteConverter.java:331) [NETTY][D] - Cipher suite mapping: SSL_RSA_WITH_AES_128_GCM_SHA256 => AES128-GCM-SHA256
2020/11/15 17:30:12,233 (CipherSuiteConverter.java:330) [NETTY][D] - Cipher suite mapping: TLS_RSA_WITH_AES_256_GCM_SHA384 => AES256-GCM-SHA384
2020/11/15 17:30:12,234 (CipherSuiteConverter.java:331) [NETTY][D] - Cipher suite mapping: SSL_RSA_WITH_AES_256_GCM_SHA384 => AES256-GCM-SHA384
2020/11/15 17:30:12,236 (CipherSuiteConverter.java:330) [NETTY][D] - Cipher suite mapping: TLS_RSA_WITH_AES_128_CBC_SHA => AES128-SHA
2020/11/15 17:30:12,238 (CipherSuiteConverter.java:331) [NETTY][D] - Cipher suite mapping: SSL_RSA_WITH_AES_128_CBC_SHA => AES128-SHA
2020/11/15 17:30:12,240 (CipherSuiteConverter.java:330) [NETTY][D] - Cipher suite mapping: TLS_PSK_WITH_AES_128_CBC_SHA => PSK-AES128-CBC-SHA
2020/11/15 17:30:12,241 (CipherSuiteConverter.java:331) [NETTY][D] - Cipher suite mapping: SSL_PSK_WITH_AES_128_CBC_SHA => PSK-AES128-CBC-SHA
2020/11/15 17:30:12,243 (CipherSuiteConverter.java:330) [NETTY][D] - Cipher suite mapping: TLS_RSA_WITH_AES_256_CBC_SHA => AES256-SHA
2020/11/15 17:30:12,245 (CipherSuiteConverter.java:331) [NETTY][D] - Cipher suite mapping: SSL_RSA_WITH_AES_256_CBC_SHA => AES256-SHA
2020/11/15 17:30:12,247 (CipherSuiteConverter.java:330) [NETTY][D] - Cipher suite mapping: TLS_PSK_WITH_AES_256_CBC_SHA => PSK-AES256-CBC-SHA
2020/11/15 17:30:12,249 (CipherSuiteConverter.java:331) [NETTY][D] - Cipher suite mapping: SSL_PSK_WITH_AES_256_CBC_SHA => PSK-AES256-CBC-SHA
2020/11/15 17:30:12,250 (CipherSuiteConverter.java:330) [NETTY][D] - Cipher suite mapping: TLS_RSA_WITH_3DES_EDE_CBC_SHA => DES-CBC3-SHA
2020/11/15 17:30:12,252 (CipherSuiteConverter.java:331) [NETTY][D] - Cipher suite mapping: SSL_RSA_WITH_3DES_EDE_CBC_SHA => DES-CBC3-SHA
2020/11/15 17:30:12,255 (OpenSsl.java:361) [NETTY][D] - Supported protocols (OpenSSL): [SSLv2Hello, TLSv1, TLSv1.1, TLSv1.2, TLSv1.3] 
2020/11/15 17:30:12,257 (OpenSsl.java:362) [NETTY][D] - Default cipher suites (OpenSSL): [TLS_ECDHE_ECDSA_WITH_AES_256_GCM_SHA384, TLS_ECDHE_ECDSA_WITH_AES_128_GCM_SHA256, TLS_ECDHE_RSA_WITH_AES_128_GCM_SHA256, TLS_ECDHE_RSA_WITH_AES_256_GCM_SHA384, TLS_ECDHE_RSA_WITH_AES_128_CBC_SHA, TLS_ECDHE_RSA_WITH_AES_256_CBC_SHA, TLS_RSA_WITH_AES_128_GCM_SHA256, TLS_RSA_WITH_AES_128_CBC_SHA, TLS_RSA_WITH_AES_256_CBC_SHA, TLS_AES_128_GCM_SHA256, TLS_AES_256_GCM_SHA384]
