2020/11/15 17:05:29,466 (FabricNetworkContainer.java:110) [COMMON][W] - Reconfiguring log filter finished, version: 1
2020/11/15 17:05:29,472 (FabricNetworkContainer.java:110) [COMMON][E] - more than one or no slf4j static bindings were found, third party logs may not be logged.
2020/11/15 17:05:29,472 (FabricNetworkContainer.java:110) [COMMON][E] - binding: [jar:file:/Users/joker/.m2/repository/cn/bidsun/bidsun-common/0.0.1-SNAPSHOT/bidsun-common-0.0.1-SNAPSHOT.jar!/org/slf4j/impl/StaticLoggerBinder.class]
2020/11/15 17:05:29,473 (FabricNetworkContainer.java:110) [COMMON][E] - binding: [jar:file:/Users/joker/.m2/repository/org/slf4j/slf4j-log4j12/1.7.30/slf4j-log4j12-1.7.30.jar!/org/slf4j/impl/StaticLoggerBinder.class]
2020/11/15 17:05:29,474 (FabricNetworkContainer.java:110) [THIRD_PARTY][I] - 开始初始化区块链网络
2020/11/15 17:05:31,970 (FabricNetworkContainer.java:176) [THIRD_PARTY][I] - 查询已经存在的channel
2020/11/15 17:05:31,976 (FabricNetworkContainer.java:183) [THIRD_PARTY][I] - 开始组装当前组织的admin用户信息,organizationId为:Org1MSP
2020/11/15 17:05:33,441 (FabricNetworkContainer.java:193) [THIRD_PARTY][I] - adminUser:UserInfo(name=Admin, enrollSecret=null, mspId=Org1MSP, roles=null, account=null, affiliation=null, enrollment=org.hyperledger.fabric.sdk.identity.X509Enrollment@412c995d, gmEnrollment=org.hyperledger.fabric.sdk.identity.X509Enrollment@3249a1ce)
2020/11/15 17:05:33,442 (FabricNetworkContainer.java:195) [THIRD_PARTY][I] - 结束组装admin用户信息
2020/11/15 17:05:33,443 (FabricNetworkContainer.java:199) [THIRD_PARTY][I] - 开始初始化组织id为[Org1MSP]的相关区块链信息
2020/11/15 17:05:33,443 (FabricNetworkContainer.java:202) [THIRD_PARTY][I] - 该组织Org1MSP加入的channel数量为:1
2020/11/15 17:05:35,032 (FabricNetworkContainer.java:206) [THIRD_PARTY][I] - 获取channel的所有peer
2020/11/15 17:05:36,214 (FabricNetworkContainer.java:209) [THIRD_PARTY][I] - 获取channel的所有orderer
2020/11/15 17:05:36,237 (InternalLoggerFactory.java:43) [NETTY][D] - Using SLF4J as the default logging framework
2020/11/15 17:05:38,371 (FabricNetworkContainer.java:233) [THIRD_PARTY][I] - anchorPeer:PeerConfiguration.PeerNode(domain=peer0.org1.com, url=grpcs://47.103.60.250:11051, tlsCertFile=/Users/joker/go/src/myLibrary/java-library/src/main/resources/crypto-config/peerOrganizations/org1.com/peers/peer0.org1.com/tls/ca.crt, chainCodes=[democc], anchorPeer=true, endorsingPeer=true, chaincodeQuery=true, ledgerQuery=true, eventSource=true)
2020/11/15 17:05:38,907 (FabricNetworkContainer.java:236) [THIRD_PARTY][I] - begin 查询该组织[demochannel]已经加入的channel信息
2020/11/15 17:08:19,828 (PlatformDependent.java:938) [NETTY][D] - Platform: MacOS
2020/11/15 17:08:19,833 (PlatformDependent0.java:395) [NETTY][D] - -Dio.netty.noUnsafe: false
2020/11/15 17:08:19,834 (PlatformDependent0.java:851) [NETTY][D] - Java version: 8
2020/11/15 17:08:19,840 (PlatformDependent0.java:120) [NETTY][D] - sun.misc.Unsafe.theUnsafe: available
2020/11/15 17:08:19,843 (PlatformDependent0.java:144) [NETTY][D] - sun.misc.Unsafe.copyMemory: available
2020/11/15 17:08:19,847 (PlatformDependent0.java:182) [NETTY][D] - java.nio.Buffer.address: available
2020/11/15 17:08:19,850 (PlatformDependent0.java:243) [NETTY][D] - direct buffer constructor: available
2020/11/15 17:08:19,853 (PlatformDependent0.java:313) [NETTY][D] - java.nio.Bits.unaligned: available, true
2020/11/15 17:08:19,854 (PlatformDependent0.java:378) [NETTY][D] - jdk.internal.misc.Unsafe.allocateUninitializedArray(int): unavailable prior to Java9
2020/11/15 17:08:19,856 (PlatformDependent0.java:385) [NETTY][D] - java.nio.DirectByteBuffer.<init>(long, int): available
2020/11/15 17:08:19,858 (PlatformDependent.java:970) [NETTY][D] - sun.misc.Unsafe: available
2020/11/15 17:08:19,860 (PlatformDependent.java:1089) [NETTY][D] - -Dio.netty.tmpdir: /var/folders/lj/8ncrpczs1n3f2lq4gbdjmgrw0000gn/T (java.io.tmpdir)
2020/11/15 17:08:19,861 (PlatformDependent.java:1168) [NETTY][D] - -Dio.netty.bitMode: 64 (sun.arch.data.model)
2020/11/15 17:08:19,866 (PlatformDependent.java:159) [NETTY][D] - -Dio.netty.maxDirectMemory: 3817865216 bytes
2020/11/15 17:08:19,868 (PlatformDependent.java:166) [NETTY][D] - -Dio.netty.uninitializedArrayAllocationThreshold: -1
2020/11/15 17:08:19,873 (CleanerJava6.java:92) [NETTY][D] - java.nio.ByteBuffer.cleaner(): available
2020/11/15 17:08:19,874 (PlatformDependent.java:186) [NETTY][D] - -Dio.netty.noPreferDirect: false
2020/11/15 17:08:19,881 (NativeLibraryLoader.java:73) [NETTY][D] - -Dio.netty.native.workdir: /var/folders/lj/8ncrpczs1n3f2lq4gbdjmgrw0000gn/T (io.netty.tmpdir)
2020/11/15 17:08:19,882 (NativeLibraryLoader.java:78) [NETTY][D] - -Dio.netty.native.deleteLibAfterLoading: true
2020/11/15 17:08:19,884 (NativeLibraryLoader.java:82) [NETTY][D] - -Dio.netty.native.tryPatchShadedId: true
2020/11/15 17:08:19,892 (NativeLibraryLoader.java:344) [NETTY][D] - Unable to load the library 'netty_tcnative_osx_x86_64', trying other loading mechanism.
2020/11/15 17:08:19,897 (NativeLibraryLoader.java:140) [NETTY][D] - netty_tcnative_osx_x86_64 cannot be loaded from java.library.path, now trying export to -Dio.netty.native.workdir: /var/folders/lj/8ncrpczs1n3f2lq4gbdjmgrw0000gn/T
2020/11/15 17:08:20,371 (NativeLibraryLoader.java:340) [NETTY][D] - Successfully loaded the library /var/folders/lj/8ncrpczs1n3f2lq4gbdjmgrw0000gn/T/libnetty_tcnative_osx_x86_642153652949481832719.dylib
2020/11/15 17:08:20,372 (OpenSsl.java:146) [NETTY][D] - Initialize netty-tcnative using engine: 'default'
2020/11/15 17:08:20,374 (OpenSsl.java:171) [NETTY][D] - netty-tcnative using native library: BoringSSL
2020/11/15 17:08:20,479 (ResourceLeakDetector.java:129) [NETTY][D] - -Dio.netty.leakDetection.level: simple
2020/11/15 17:08:20,481 (ResourceLeakDetector.java:130) [NETTY][D] - -Dio.netty.leakDetection.targetRecords: 4
2020/11/15 17:08:20,500 (AbstractByteBuf.java:62) [NETTY][D] - -Dio.netty.buffer.checkAccessible: true
2020/11/15 17:08:20,501 (AbstractByteBuf.java:63) [NETTY][D] - -Dio.netty.buffer.checkBounds: true
2020/11/15 17:08:20,508 (ResourceLeakDetectorFactory.java:202) [NETTY][D] - Loaded default ResourceLeakDetector: io.netty.util.ResourceLeakDetector@719d35e8
2020/11/15 17:08:20,553 (InternalThreadLocalMap.java:54) [NETTY][D] - -Dio.netty.threadLocalMap.stringBuilder.initialSize: 1024
2020/11/15 17:08:20,555 (InternalThreadLocalMap.java:57) [NETTY][D] - -Dio.netty.threadLocalMap.stringBuilder.maxSize: 4096
2020/11/15 17:08:20,568 (PooledByteBufAllocator.java:142) [NETTY][D] - -Dio.netty.allocator.numHeapArenas: 16
2020/11/15 17:08:20,569 (PooledByteBufAllocator.java:143) [NETTY][D] - -Dio.netty.allocator.numDirectArenas: 16
2020/11/15 17:08:20,571 (PooledByteBufAllocator.java:145) [NETTY][D] - -Dio.netty.allocator.pageSize: 8192
2020/11/15 17:08:20,573 (PooledByteBufAllocator.java:150) [NETTY][D] - -Dio.netty.allocator.maxOrder: 11
2020/11/15 17:08:20,574 (PooledByteBufAllocator.java:154) [NETTY][D] - -Dio.netty.allocator.chunkSize: 16777216
2020/11/15 17:08:20,578 (PooledByteBufAllocator.java:155) [NETTY][D] - -Dio.netty.allocator.tinyCacheSize: 512
2020/11/15 17:08:20,579 (PooledByteBufAllocator.java:156) [NETTY][D] - -Dio.netty.allocator.smallCacheSize: 256
2020/11/15 17:08:20,581 (PooledByteBufAllocator.java:157) [NETTY][D] - -Dio.netty.allocator.normalCacheSize: 64
2020/11/15 17:08:20,582 (PooledByteBufAllocator.java:158) [NETTY][D] - -Dio.netty.allocator.maxCachedBufferCapacity: 32768
2020/11/15 17:08:20,584 (PooledByteBufAllocator.java:159) [NETTY][D] - -Dio.netty.allocator.cacheTrimInterval: 8192
2020/11/15 17:08:20,585 (PooledByteBufAllocator.java:160) [NETTY][D] - -Dio.netty.allocator.cacheTrimIntervalMillis: 0
2020/11/15 17:08:20,587 (PooledByteBufAllocator.java:161) [NETTY][D] - -Dio.netty.allocator.useCacheForAllThreads: true
2020/11/15 17:08:20,589 (PooledByteBufAllocator.java:162) [NETTY][D] - -Dio.netty.allocator.maxCachedByteBuffersPerChunk: 1023
2020/11/15 17:08:20,626 (ByteBufUtil.java:85) [NETTY][D] - -Dio.netty.allocator.type: pooled
2020/11/15 17:08:20,628 (ByteBufUtil.java:94) [NETTY][D] - -Dio.netty.threadLocalDirectBufferSize: 0
2020/11/15 17:08:20,630 (ByteBufUtil.java:97) [NETTY][D] - -Dio.netty.maxThreadLocalCharBufferSize: 16384
2020/11/15 17:08:20,653 (OpenSsl.java:274) [NETTY][D] - KeyManagerFactory not supported.
2020/11/15 17:08:20,660 (CipherSuiteConverter.java:330) [NETTY][D] - Cipher suite mapping: TLS_ECDHE_ECDSA_WITH_AES_128_GCM_SHA256 => ECDHE-ECDSA-AES128-GCM-SHA256
2020/11/15 17:08:20,661 (CipherSuiteConverter.java:331) [NETTY][D] - Cipher suite mapping: SSL_ECDHE_ECDSA_WITH_AES_128_GCM_SHA256 => ECDHE-ECDSA-AES128-GCM-SHA256
2020/11/15 17:08:20,663 (CipherSuiteConverter.java:330) [NETTY][D] - Cipher suite mapping: TLS_ECDHE_RSA_WITH_AES_128_GCM_SHA256 => ECDHE-RSA-AES128-GCM-SHA256
2020/11/15 17:08:20,665 (CipherSuiteConverter.java:331) [NETTY][D] - Cipher suite mapping: SSL_ECDHE_RSA_WITH_AES_128_GCM_SHA256 => ECDHE-RSA-AES128-GCM-SHA256
2020/11/15 17:08:20,667 (CipherSuiteConverter.java:330) [NETTY][D] - Cipher suite mapping: TLS_ECDHE_ECDSA_WITH_AES_256_GCM_SHA384 => ECDHE-ECDSA-AES256-GCM-SHA384
2020/11/15 17:08:20,669 (CipherSuiteConverter.java:331) [NETTY][D] - Cipher suite mapping: SSL_ECDHE_ECDSA_WITH_AES_256_GCM_SHA384 => ECDHE-ECDSA-AES256-GCM-SHA384
2020/11/15 17:08:20,672 (CipherSuiteConverter.java:330) [NETTY][D] - Cipher suite mapping: TLS_ECDHE_RSA_WITH_AES_256_GCM_SHA384 => ECDHE-RSA-AES256-GCM-SHA384
2020/11/15 17:08:20,673 (CipherSuiteConverter.java:331) [NETTY][D] - Cipher suite mapping: SSL_ECDHE_RSA_WITH_AES_256_GCM_SHA384 => ECDHE-RSA-AES256-GCM-SHA384
2020/11/15 17:08:20,675 (CipherSuiteConverter.java:330) [NETTY][D] - Cipher suite mapping: TLS_ECDHE_ECDSA_WITH_CHACHA20_POLY1305_SHA256 => ECDHE-ECDSA-CHACHA20-POLY1305
2020/11/15 17:08:20,676 (CipherSuiteConverter.java:331) [NETTY][D] - Cipher suite mapping: SSL_ECDHE_ECDSA_WITH_CHACHA20_POLY1305_SHA256 => ECDHE-ECDSA-CHACHA20-POLY1305
2020/11/15 17:08:20,679 (CipherSuiteConverter.java:330) [NETTY][D] - Cipher suite mapping: TLS_ECDHE_RSA_WITH_CHACHA20_POLY1305_SHA256 => ECDHE-RSA-CHACHA20-POLY1305
2020/11/15 17:08:20,681 (CipherSuiteConverter.java:331) [NETTY][D] - Cipher suite mapping: SSL_ECDHE_RSA_WITH_CHACHA20_POLY1305_SHA256 => ECDHE-RSA-CHACHA20-POLY1305
2020/11/15 17:08:20,683 (CipherSuiteConverter.java:330) [NETTY][D] - Cipher suite mapping: TLS_ECDHE_PSK_WITH_CHACHA20_POLY1305_SHA256 => ECDHE-PSK-CHACHA20-POLY1305
2020/11/15 17:08:20,684 (CipherSuiteConverter.java:331) [NETTY][D] - Cipher suite mapping: SSL_ECDHE_PSK_WITH_CHACHA20_POLY1305_SHA256 => ECDHE-PSK-CHACHA20-POLY1305
2020/11/15 17:08:20,686 (CipherSuiteConverter.java:330) [NETTY][D] - Cipher suite mapping: TLS_ECDHE_ECDSA_WITH_AES_128_CBC_SHA => ECDHE-ECDSA-AES128-SHA
2020/11/15 17:08:20,687 (CipherSuiteConverter.java:331) [NETTY][D] - Cipher suite mapping: SSL_ECDHE_ECDSA_WITH_AES_128_CBC_SHA => ECDHE-ECDSA-AES128-SHA
2020/11/15 17:08:20,689 (CipherSuiteConverter.java:330) [NETTY][D] - Cipher suite mapping: TLS_ECDHE_RSA_WITH_AES_128_CBC_SHA => ECDHE-RSA-AES128-SHA
2020/11/15 17:08:20,690 (CipherSuiteConverter.java:331) [NETTY][D] - Cipher suite mapping: SSL_ECDHE_RSA_WITH_AES_128_CBC_SHA => ECDHE-RSA-AES128-SHA
2020/11/15 17:08:20,692 (CipherSuiteConverter.java:330) [NETTY][D] - Cipher suite mapping: TLS_ECDHE_PSK_WITH_AES_128_CBC_SHA => ECDHE-PSK-AES128-CBC-SHA
2020/11/15 17:08:20,694 (CipherSuiteConverter.java:331) [NETTY][D] - Cipher suite mapping: SSL_ECDHE_PSK_WITH_AES_128_CBC_SHA => ECDHE-PSK-AES128-CBC-SHA
2020/11/15 17:08:20,695 (CipherSuiteConverter.java:330) [NETTY][D] - Cipher suite mapping: TLS_ECDHE_ECDSA_WITH_AES_256_CBC_SHA => ECDHE-ECDSA-AES256-SHA
2020/11/15 17:08:20,697 (CipherSuiteConverter.java:331) [NETTY][D] - Cipher suite mapping: SSL_ECDHE_ECDSA_WITH_AES_256_CBC_SHA => ECDHE-ECDSA-AES256-SHA
2020/11/15 17:08:20,699 (CipherSuiteConverter.java:330) [NETTY][D] - Cipher suite mapping: TLS_ECDHE_RSA_WITH_AES_256_CBC_SHA => ECDHE-RSA-AES256-SHA
2020/11/15 17:08:20,701 (CipherSuiteConverter.java:331) [NETTY][D] - Cipher suite mapping: SSL_ECDHE_RSA_WITH_AES_256_CBC_SHA => ECDHE-RSA-AES256-SHA
2020/11/15 17:08:20,702 (CipherSuiteConverter.java:330) [NETTY][D] - Cipher suite mapping: TLS_ECDHE_PSK_WITH_AES_256_CBC_SHA => ECDHE-PSK-AES256-CBC-SHA
2020/11/15 17:08:20,704 (CipherSuiteConverter.java:331) [NETTY][D] - Cipher suite mapping: SSL_ECDHE_PSK_WITH_AES_256_CBC_SHA => ECDHE-PSK-AES256-CBC-SHA
2020/11/15 17:08:20,706 (CipherSuiteConverter.java:330) [NETTY][D] - Cipher suite mapping: TLS_RSA_WITH_AES_128_GCM_SHA256 => AES128-GCM-SHA256
2020/11/15 17:08:20,707 (CipherSuiteConverter.java:331) [NETTY][D] - Cipher suite mapping: SSL_RSA_WITH_AES_128_GCM_SHA256 => AES128-GCM-SHA256
2020/11/15 17:08:20,709 (CipherSuiteConverter.java:330) [NETTY][D] - Cipher suite mapping: TLS_RSA_WITH_AES_256_GCM_SHA384 => AES256-GCM-SHA384
2020/11/15 17:08:20,710 (CipherSuiteConverter.java:331) [NETTY][D] - Cipher suite mapping: SSL_RSA_WITH_AES_256_GCM_SHA384 => AES256-GCM-SHA384
2020/11/15 17:08:20,712 (CipherSuiteConverter.java:330) [NETTY][D] - Cipher suite mapping: TLS_RSA_WITH_AES_128_CBC_SHA => AES128-SHA
2020/11/15 17:08:20,714 (CipherSuiteConverter.java:331) [NETTY][D] - Cipher suite mapping: SSL_RSA_WITH_AES_128_CBC_SHA => AES128-SHA
2020/11/15 17:08:20,716 (CipherSuiteConverter.java:330) [NETTY][D] - Cipher suite mapping: TLS_PSK_WITH_AES_128_CBC_SHA => PSK-AES128-CBC-SHA
2020/11/15 17:08:20,717 (CipherSuiteConverter.java:331) [NETTY][D] - Cipher suite mapping: SSL_PSK_WITH_AES_128_CBC_SHA => PSK-AES128-CBC-SHA
2020/11/15 17:08:20,719 (CipherSuiteConverter.java:330) [NETTY][D] - Cipher suite mapping: TLS_RSA_WITH_AES_256_CBC_SHA => AES256-SHA
2020/11/15 17:08:20,720 (CipherSuiteConverter.java:331) [NETTY][D] - Cipher suite mapping: SSL_RSA_WITH_AES_256_CBC_SHA => AES256-SHA
2020/11/15 17:08:20,722 (CipherSuiteConverter.java:330) [NETTY][D] - Cipher suite mapping: TLS_PSK_WITH_AES_256_CBC_SHA => PSK-AES256-CBC-SHA
2020/11/15 17:08:20,724 (CipherSuiteConverter.java:331) [NETTY][D] - Cipher suite mapping: SSL_PSK_WITH_AES_256_CBC_SHA => PSK-AES256-CBC-SHA
2020/11/15 17:08:20,725 (CipherSuiteConverter.java:330) [NETTY][D] - Cipher suite mapping: TLS_RSA_WITH_3DES_EDE_CBC_SHA => DES-CBC3-SHA
2020/11/15 17:08:20,727 (CipherSuiteConverter.java:331) [NETTY][D] - Cipher suite mapping: SSL_RSA_WITH_3DES_EDE_CBC_SHA => DES-CBC3-SHA
2020/11/15 17:08:20,729 (OpenSsl.java:361) [NETTY][D] - Supported protocols (OpenSSL): [SSLv2Hello, TLSv1, TLSv1.1, TLSv1.2, TLSv1.3] 
2020/11/15 17:08:20,731 (OpenSsl.java:362) [NETTY][D] - Default cipher suites (OpenSSL): [TLS_ECDHE_ECDSA_WITH_AES_256_GCM_SHA384, TLS_ECDHE_ECDSA_WITH_AES_128_GCM_SHA256, TLS_ECDHE_RSA_WITH_AES_128_GCM_SHA256, TLS_ECDHE_RSA_WITH_AES_256_GCM_SHA384, TLS_ECDHE_RSA_WITH_AES_128_CBC_SHA, TLS_ECDHE_RSA_WITH_AES_256_CBC_SHA, TLS_RSA_WITH_AES_128_GCM_SHA256, TLS_RSA_WITH_AES_128_CBC_SHA, TLS_RSA_WITH_AES_256_CBC_SHA, TLS_AES_128_GCM_SHA256, TLS_AES_256_GCM_SHA384]
