2020-11-26 09:56:40 上午 [Thread: main][ Class:com.charlie.blockchain.proxy.DefaultFabricClientHandler Method: com.charlie.blockchain.proxy.DefaultFabricClientHandler.invokeBlockChain(DefaultFabricClientHandler.java:114) ]
ERROR:交易执行失败,msg:get错误，必须提供1个参数get错误，必须提供1个参数
2020-11-26 10:01:09 上午 [Thread: main][ Class:com.charlie.blockchain.proxy.DefaultFabricClientHandler Method: com.charlie.blockchain.proxy.DefaultFabricClientHandler.lambda$sendTransaction$1(DefaultFabricClientHandler.java:165) ]
ERROR:交易失败:java.lang.IllegalArgumentException: The proposal responses have 2 inconsistent groups with 0 that are invalid. Expected all to be consistent and none to be invalid.
2020-11-26 10:07:45 上午 [Thread: main][ Class:com.charlie.blockchain.proxy.DefaultFabricClientHandler Method: com.charlie.blockchain.proxy.DefaultFabricClientHandler.lambda$sendTransaction$1(DefaultFabricClientHandler.java:165) ]
ERROR:交易失败:org.hyperledger.fabric.sdk.exception.TransactionEventException: Received invalid transaction event. Transaction ID 3d4073991272277dd6a1ff11730d3ddaa0abb4d984b5ac745943258879f54a46 status 10
2020-11-26 10:39:29 上午 [Thread: main][ Class:com.charlie.blockchain.proxy.DefaultFabricClientHandler Method: com.charlie.blockchain.proxy.DefaultFabricClientHandler.invokeBlockChain(DefaultFabricClientHandler.java:114) ]
ERROR:交易执行失败,msg:Channel Channel{id: 1, name: ebidsun-alpha} Sending proposal with transaction: 0ed9a1839f4de79f8e9fdf329592eb3bc7a6102eba836942219e3f2fb77a77f8 to Peer{ id: 3, name: peer0.bidsun.com, channelName: ebidsun-alpha, url: grpcs://124.70.207.27:7051} failed because of: gRPC failure=Status{code=UNKNOWN, description=channel closed
Channel Pipeline: [SslHandler#0, ProtocolNegotiators$ClientTlsHandler#0, WriteBufferingAndExceptionHandler#0, DefaultChannelPipeline$TailContext#0], cause=java.nio.channels.ClosedChannelException
	at io.grpc.netty.Utils.statusFromThrowable(Utils.java:202)
	at io.grpc.netty.WriteBufferingAndExceptionHandler.exceptionCaught(WriteBufferingAndExceptionHandler.java:88)
	at io.netty.channel.AbstractChannelHandlerContext.invokeExceptionCaught(AbstractChannelHandlerContext.java:302)
	at io.netty.channel.AbstractChannelHandlerContext.invokeExceptionCaught(AbstractChannelHandlerContext.java:281)
	at io.netty.channel.AbstractChannelHandlerContext.fireExceptionCaught(AbstractChannelHandlerContext.java:273)
	at io.grpc.netty.ProtocolNegotiators$ClientTlsHandler.userEventTriggered0(ProtocolNegotiators.java:365)
	at io.grpc.netty.ProtocolNegotiators$ProtocolNegotiationHandler.userEventTriggered(ProtocolNegotiators.java:923)
	at io.netty.channel.AbstractChannelHandlerContext.invokeUserEventTriggered(AbstractChannelHandlerContext.java:346)
	at io.netty.channel.AbstractChannelHandlerContext.invokeUserEventTriggered(AbstractChannelHandlerContext.java:332)
	at io.netty.channel.AbstractChannelHandlerContext.fireUserEventTriggered(AbstractChannelHandlerContext.java:324)
	at io.netty.handler.ssl.SslUtils.handleHandshakeFailure(SslUtils.java:423)
	at io.netty.handler.ssl.SslHandler.setHandshakeFailure(SslHandler.java:1857)
	at io.netty.handler.ssl.SslHandler.channelInactive(SslHandler.java:1115)
	at io.netty.channel.AbstractChannelHandlerContext.invokeChannelInactive(AbstractChannelHandlerContext.java:262)
	at io.netty.channel.AbstractChannelHandlerContext.invokeChannelInactive(AbstractChannelHandlerContext.java:248)
	at io.netty.channel.AbstractChannelHandlerContext.fireChannelInactive(AbstractChannelHandlerContext.java:241)
	at io.netty.channel.DefaultChannelPipeline$HeadContext.channelInactive(DefaultChannelPipeline.java:1405)
	at io.netty.channel.AbstractChannelHandlerContext.invokeChannelInactive(AbstractChannelHandlerContext.java:262)
	at io.netty.channel.AbstractChannelHandlerContext.invokeChannelInactive(AbstractChannelHandlerContext.java:248)
	at io.netty.channel.DefaultChannelPipeline.fireChannelInactive(DefaultChannelPipeline.java:901)
	at io.netty.channel.AbstractChannel$AbstractUnsafe$8.run(AbstractChannel.java:819)
	at io.netty.util.concurrent.AbstractEventExecutor.safeExecute(AbstractEventExecutor.java:164)
	at io.netty.util.concurrent.SingleThreadEventExecutor.runAllTasks(SingleThreadEventExecutor.java:472)
	at io.netty.channel.nio.NioEventLoop.run(NioEventLoop.java:497)
	at io.netty.util.concurrent.SingleThreadEventExecutor$4.run(SingleThreadEventExecutor.java:989)
	at io.netty.util.internal.ThreadExecutorMap$2.run(ThreadExecutorMap.java:74)
	at io.netty.util.concurrent.FastThreadLocalRunnable.run(FastThreadLocalRunnable.java:30)
	at java.lang.Thread.run(Thread.java:748)
Caused by: java.nio.channels.ClosedChannelException
	at io.netty.handler.ssl.SslHandler.channelInactive(SslHandler.java:1112)
	... 15 more
}
2020-11-26 10:57:28 上午 [Thread: pool-2-thread-3][ Class:com.charlie.blockchain.proxy.DefaultFabricClientHandler Method: com.charlie.blockchain.proxy.DefaultFabricClientHandler.lambda$sendTransaction$1(DefaultFabricClientHandler.java:165) ]
ERROR:交易失败:org.hyperledger.fabric.sdk.exception.TransactionEventException: Received invalid transaction event. Transaction ID 543843cd436de75ca27538afda9b3ab7a4575e4bd5a368d43c25931e817e6bf8 status 10
2020-11-26 11:13:47 上午 [Thread: pool-2-thread-3][ Class:com.charlie.blockchain.proxy.DefaultFabricClientHandler Method: com.charlie.blockchain.proxy.DefaultFabricClientHandler.lambda$sendTransaction$1(DefaultFabricClientHandler.java:165) ]
ERROR:交易失败:org.hyperledger.fabric.sdk.exception.TransactionEventException: Received invalid transaction event. Transaction ID 43f1c1e14cb45e7f0b552174b7aba1bdd06220aec1062dd479fe2ad1b2c94d13 status 10
2020-11-26 11:15:10 上午 [Thread: pool-2-thread-3][ Class:com.charlie.blockchain.proxy.DefaultFabricClientHandler Method: com.charlie.blockchain.proxy.DefaultFabricClientHandler.lambda$sendTransaction$1(DefaultFabricClientHandler.java:165) ]
ERROR:交易失败:org.hyperledger.fabric.sdk.exception.TransactionEventException: Received invalid transaction event. Transaction ID 452c157bdce6f45e0f2a6695e6a50e9f431f812cac8a9006d1ddb397cb366b36 status 10
2020-11-26 11:19:36 上午 [Thread: pool-2-thread-5][ Class:com.charlie.blockchain.proxy.DefaultFabricClientHandler Method: com.charlie.blockchain.proxy.DefaultFabricClientHandler.lambda$sendTransaction$1(DefaultFabricClientHandler.java:165) ]
ERROR:交易失败:org.hyperledger.fabric.sdk.exception.TransactionEventException: Received invalid transaction event. Transaction ID 28601aaebd5b2340162c9388095b78cbfc1a5ff85b81e7068e61ac7149dec119 status 10
2020-11-26 11:29:10 上午 [Thread: main][ Class:com.charlie.blockchain.proxy.DefaultFabricClientHandler Method: com.charlie.blockchain.proxy.DefaultFabricClientHandler.lambda$sendTransaction$1(DefaultFabricClientHandler.java:165) ]
ERROR:交易失败:org.hyperledger.fabric.sdk.exception.TransactionEventException: Received invalid transaction event. Transaction ID 465bedabd780b1eb809c00824fbd3498cbb2e1ced775b0b3af807f9caac7b102 status 10
2020-11-26 13:24:54 下午 [Thread: main][ Class:com.charlie.blockchain.proxy.DefaultFabricClientHandler Method: com.charlie.blockchain.proxy.DefaultFabricClientHandler.invokeBlockChain(DefaultFabricClientHandler.java:114) ]
ERROR:交易执行失败,msg:
2020-11-26 13:25:35 下午 [Thread: main][ Class:com.charlie.blockchain.proxy.DefaultFabricClientHandler Method: com.charlie.blockchain.proxy.DefaultFabricClientHandler.invokeBlockChain(DefaultFabricClientHandler.java:114) ]
ERROR:交易执行失败,msg:
