2020-10-25 00:23:26 上午 [Thread: main][ Class:com.charile.blockchain.proxy.FabricNetworkContainer Method: com.charile.blockchain.proxy.FabricNetworkContainer.handlerResponse(FabricNetworkContainer.java:397) ]
ERROR:执行该proposal失败,失败原因为:org.hyperledger.fabric.sdk.ProposalResponse@382c90c2
2020-10-25 10:46:22 上午 [Thread: main][ Class:com.charile.blockchain.proxy.DefaultFabricClientHandler Method: com.charile.blockchain.proxy.DefaultFabricClientHandler.invokeBlockChain(DefaultFabricClientHandler.java:100) ]
ERROR:交易执行失败,msg:make sure the chaincode demochannel has been successfully instantiated and try again: chaincode demochannel not found
2020-10-25 13:29:57 下午 [Thread: main][ Class:com.charile.blockchain.proxy.FabricNetworkContainer Method: com.charile.blockchain.proxy.FabricNetworkContainer.handlerResponse(FabricNetworkContainer.java:526) ]
ERROR:执行该proposal失败,失败原因为:org.hyperledger.fabric.sdk.ProposalResponse@71d9cb05
2020-10-25 16:54:15 下午 [Thread: main][ Class:org.hyperledger.fabric.sdk.Channel Method: org.hyperledger.fabric.sdk.Channel.sendProposalToPeers(Channel.java:4525) ]
ERROR:Channel Channel{id: 2, name: } Sending proposal with transaction: 75f54a3e37dabfc213d85479fed614b2764185b640ef14dc0a15170227ed8c70 to Peer{ id: 1, name: peer0.org1.com, channelName: null, url: grpcs://47.103.60.250:11051} failed because of: gRPC failure=Status{code=UNAVAILABLE, description=io exception, cause=io.netty.channel.AbstractChannel$AnnotatedConnectException: Connection refused: /47.103.60.250:11051
Caused by: java.net.ConnectException: Connection refused
	at sun.nio.ch.SocketChannelImpl.checkConnect(Native Method)
	at sun.nio.ch.SocketChannelImpl.finishConnect(SocketChannelImpl.java:717)
	at io.netty.channel.socket.nio.NioSocketChannel.doFinishConnect(NioSocketChannel.java:327)
	at io.netty.channel.nio.AbstractNioChannel$AbstractNioUnsafe.finishConnect(AbstractNioChannel.java:336)
	at io.netty.channel.nio.NioEventLoop.processSelectedKey(NioEventLoop.java:685)
	at io.netty.channel.nio.NioEventLoop.processSelectedKeysOptimized(NioEventLoop.java:632)
	at io.netty.channel.nio.NioEventLoop.processSelectedKeys(NioEventLoop.java:549)
	at io.netty.channel.nio.NioEventLoop.run(NioEventLoop.java:511)
	at io.netty.util.concurrent.SingleThreadEventExecutor$5.run(SingleThreadEventExecutor.java:918)
	at io.netty.util.internal.ThreadExecutorMap$2.run(ThreadExecutorMap.java:74)
	at io.netty.util.concurrent.FastThreadLocalRunnable.run(FastThreadLocalRunnable.java:30)
	at java.lang.Thread.run(Thread.java:748)
}
java.lang.Exception: io.grpc.StatusRuntimeException: UNAVAILABLE: io exception
	at org.hyperledger.fabric.sdk.Channel.sendProposalToPeers(Channel.java:4525)
	at org.hyperledger.fabric.sdk.Channel.queryChannels(Channel.java:3669)
	at org.hyperledger.fabric.sdk.HFClient.queryChannels(HFClient.java:574)
	at com.charile.blockchain.proxy.FabricNetworkContainer.initlizeNetwork(FabricNetworkContainer.java:203)
	at com.charile.blockchain.proxy.FabricNetworkContainer.init(FabricNetworkContainer.java:104)
	at com.charile.base.AbstractInitOnce.initOnce(AbstractInitOnce.java:27)
	at com.charile.blockchain.proxy.FabricNetworkContainer.<init>(FabricNetworkContainer.java:55)
	at com.charile.blockchain.proxy.FabricNetworkContainer.<init>(FabricNetworkContainer.java:45)
	at com.charile.blockchain.proxy.FabricNetworkContainer$FabricClientProxyFactoryHolder.<clinit>(FabricNetworkContainer.java:79)
	at com.charile.blockchain.proxy.FabricNetworkContainer.getInstance(FabricNetworkContainer.java:86)
	at com.charile.blockchain.proxy.DefaultFabricClientHandler.getClient(DefaultFabricClientHandler.java:174)
	at com.charile.blockchain.proxy.DefaultFabricClientHandler.invokeBlockChain(DefaultFabricClientHandler.java:51)
	at com.charile.blockchain.proxy.FabricNetworkContainerTest.testCreateChannel(FabricNetworkContainerTest.java:29)
	at sun.reflect.NativeMethodAccessorImpl.invoke0(Native Method)
	at sun.reflect.NativeMethodAccessorImpl.invoke(NativeMethodAccessorImpl.java:62)
	at sun.reflect.DelegatingMethodAccessorImpl.invoke(DelegatingMethodAccessorImpl.java:43)
	at java.lang.reflect.Method.invoke(Method.java:498)
	at org.junit.runners.model.FrameworkMethod$1.runReflectiveCall(FrameworkMethod.java:50)
	at org.junit.internal.runners.model.ReflectiveCallable.run(ReflectiveCallable.java:12)
	at org.junit.runners.model.FrameworkMethod.invokeExplosively(FrameworkMethod.java:47)
	at org.junit.internal.runners.statements.InvokeMethod.evaluate(InvokeMethod.java:17)
	at org.junit.runners.ParentRunner.runLeaf(ParentRunner.java:325)
	at org.junit.runners.BlockJUnit4ClassRunner.runChild(BlockJUnit4ClassRunner.java:78)
	at org.junit.runners.BlockJUnit4ClassRunner.runChild(BlockJUnit4ClassRunner.java:57)
	at org.junit.runners.ParentRunner$3.run(ParentRunner.java:290)
	at org.junit.runners.ParentRunner$1.schedule(ParentRunner.java:71)
	at org.junit.runners.ParentRunner.runChildren(ParentRunner.java:288)
	at org.junit.runners.ParentRunner.access$000(ParentRunner.java:58)
	at org.junit.runners.ParentRunner$2.evaluate(ParentRunner.java:268)
	at org.junit.runners.ParentRunner.run(ParentRunner.java:363)
	at org.junit.runner.JUnitCore.run(JUnitCore.java:137)
	at com.intellij.junit4.JUnit4IdeaTestRunner.startRunnerWithArgs(JUnit4IdeaTestRunner.java:68)
	at com.intellij.rt.execution.junit.IdeaTestRunner$Repeater.startRunnerWithArgs(IdeaTestRunner.java:47)
	at com.intellij.rt.execution.junit.JUnitStarter.prepareStreamsAndStart(JUnitStarter.java:242)
	at com.intellij.rt.execution.junit.JUnitStarter.main(JUnitStarter.java:70)
Caused by: io.grpc.StatusRuntimeException: UNAVAILABLE: io exception
	at io.grpc.Status.asRuntimeException(Status.java:533)
	at io.grpc.stub.ClientCalls$UnaryStreamToFuture.onClose(ClientCalls.java:490)
	at io.grpc.PartialForwardingClientCallListener.onClose(PartialForwardingClientCallListener.java:39)
	at io.grpc.ForwardingClientCallListener.onClose(ForwardingClientCallListener.java:23)
	at io.grpc.ForwardingClientCallListener$SimpleForwardingClientCallListener.onClose(ForwardingClientCallListener.java:40)
	at io.grpc.internal.CensusStatsModule$StatsClientInterceptor$1$1.onClose(CensusStatsModule.java:700)
	at io.grpc.PartialForwardingClientCallListener.onClose(PartialForwardingClientCallListener.java:39)
	at io.grpc.ForwardingClientCallListener.onClose(ForwardingClientCallListener.java:23)
	at io.grpc.ForwardingClientCallListener$SimpleForwardingClientCallListener.onClose(ForwardingClientCallListener.java:40)
	at io.grpc.internal.CensusTracingModule$TracingClientInterceptor$1$1.onClose(CensusTracingModule.java:399)
	at io.grpc.internal.ClientCallImpl.closeObserver(ClientCallImpl.java:510)
	at io.grpc.internal.ClientCallImpl.access$300(ClientCallImpl.java:66)
	at io.grpc.internal.ClientCallImpl$ClientStreamListenerImpl.close(ClientCallImpl.java:630)
	at io.grpc.internal.ClientCallImpl$ClientStreamListenerImpl.access$700(ClientCallImpl.java:518)
	at io.grpc.internal.ClientCallImpl$ClientStreamListenerImpl$1StreamClosed.runInternal(ClientCallImpl.java:692)
	at io.grpc.internal.ClientCallImpl$ClientStreamListenerImpl$1StreamClosed.runInContext(ClientCallImpl.java:681)
	at io.grpc.internal.ContextRunnable.run(ContextRunnable.java:37)
	at io.grpc.internal.SerializingExecutor.run(SerializingExecutor.java:123)
	at java.util.concurrent.ThreadPoolExecutor.runWorker(ThreadPoolExecutor.java:1149)
	at java.util.concurrent.ThreadPoolExecutor$Worker.run(ThreadPoolExecutor.java:624)
	at java.lang.Thread.run(Thread.java:748)
Caused by: io.netty.channel.AbstractChannel$AnnotatedConnectException: Connection refused: /47.103.60.250:11051
Caused by: java.net.ConnectException: Connection refused
	at sun.nio.ch.SocketChannelImpl.checkConnect(Native Method)
	at sun.nio.ch.SocketChannelImpl.finishConnect(SocketChannelImpl.java:717)
	at io.netty.channel.socket.nio.NioSocketChannel.doFinishConnect(NioSocketChannel.java:327)
	at io.netty.channel.nio.AbstractNioChannel$AbstractNioUnsafe.finishConnect(AbstractNioChannel.java:336)
	at io.netty.channel.nio.NioEventLoop.processSelectedKey(NioEventLoop.java:685)
	at io.netty.channel.nio.NioEventLoop.processSelectedKeysOptimized(NioEventLoop.java:632)
	at io.netty.channel.nio.NioEventLoop.processSelectedKeys(NioEventLoop.java:549)
	at io.netty.channel.nio.NioEventLoop.run(NioEventLoop.java:511)
	at io.netty.util.concurrent.SingleThreadEventExecutor$5.run(SingleThreadEventExecutor.java:918)
	at io.netty.util.internal.ThreadExecutorMap$2.run(ThreadExecutorMap.java:74)
	at io.netty.util.concurrent.FastThreadLocalRunnable.run(FastThreadLocalRunnable.java:30)
	at java.lang.Thread.run(Thread.java:748)
2020-10-25 16:54:15 下午 [Thread: main][ Class:org.hyperledger.fabric.sdk.HFClient Method: org.hyperledger.fabric.sdk.HFClient.queryChannels(HFClient.java:578) ]
ERROR:queryChannels for peer peer0.org1.com failed.Failed exception message is Channel Channel{id: 2, name: } Sending proposal with transaction: 75f54a3e37dabfc213d85479fed614b2764185b640ef14dc0a15170227ed8c70 to Peer{ id: 1, name: peer0.org1.com, channelName: null, url: grpcs://47.103.60.250:11051} failed because of: gRPC failure=Status{code=UNAVAILABLE, description=io exception, cause=io.netty.channel.AbstractChannel$AnnotatedConnectException: Connection refused: /47.103.60.250:11051
Caused by: java.net.ConnectException: Connection refused
	at sun.nio.ch.SocketChannelImpl.checkConnect(Native Method)
	at sun.nio.ch.SocketChannelImpl.finishConnect(SocketChannelImpl.java:717)
	at io.netty.channel.socket.nio.NioSocketChannel.doFinishConnect(NioSocketChannel.java:327)
	at io.netty.channel.nio.AbstractNioChannel$AbstractNioUnsafe.finishConnect(AbstractNioChannel.java:336)
	at io.netty.channel.nio.NioEventLoop.processSelectedKey(NioEventLoop.java:685)
	at io.netty.channel.nio.NioEventLoop.processSelectedKeysOptimized(NioEventLoop.java:632)
	at io.netty.channel.nio.NioEventLoop.processSelectedKeys(NioEventLoop.java:549)
	at io.netty.channel.nio.NioEventLoop.run(NioEventLoop.java:511)
	at io.netty.util.concurrent.SingleThreadEventExecutor$5.run(SingleThreadEventExecutor.java:918)
	at io.netty.util.internal.ThreadExecutorMap$2.run(ThreadExecutorMap.java:74)
	at io.netty.util.concurrent.FastThreadLocalRunnable.run(FastThreadLocalRunnable.java:30)
	at java.lang.Thread.run(Thread.java:748)
}, status is 500
org.hyperledger.fabric.sdk.exception.ProposalException: Failed exception message is Channel Channel{id: 2, name: } Sending proposal with transaction: 75f54a3e37dabfc213d85479fed614b2764185b640ef14dc0a15170227ed8c70 to Peer{ id: 1, name: peer0.org1.com, channelName: null, url: grpcs://47.103.60.250:11051} failed because of: gRPC failure=Status{code=UNAVAILABLE, description=io exception, cause=io.netty.channel.AbstractChannel$AnnotatedConnectException: Connection refused: /47.103.60.250:11051
Caused by: java.net.ConnectException: Connection refused
	at sun.nio.ch.SocketChannelImpl.checkConnect(Native Method)
	at sun.nio.ch.SocketChannelImpl.finishConnect(SocketChannelImpl.java:717)
	at io.netty.channel.socket.nio.NioSocketChannel.doFinishConnect(NioSocketChannel.java:327)
	at io.netty.channel.nio.AbstractNioChannel$AbstractNioUnsafe.finishConnect(AbstractNioChannel.java:336)
	at io.netty.channel.nio.NioEventLoop.processSelectedKey(NioEventLoop.java:685)
	at io.netty.channel.nio.NioEventLoop.processSelectedKeysOptimized(NioEventLoop.java:632)
	at io.netty.channel.nio.NioEventLoop.processSelectedKeys(NioEventLoop.java:549)
	at io.netty.channel.nio.NioEventLoop.run(NioEventLoop.java:511)
	at io.netty.util.concurrent.SingleThreadEventExecutor$5.run(SingleThreadEventExecutor.java:918)
	at io.netty.util.internal.ThreadExecutorMap$2.run(ThreadExecutorMap.java:74)
	at io.netty.util.concurrent.FastThreadLocalRunnable.run(FastThreadLocalRunnable.java:30)
	at java.lang.Thread.run(Thread.java:748)
}, status is 500
	at org.hyperledger.fabric.sdk.Channel.queryChannels(Channel.java:3682)
	at org.hyperledger.fabric.sdk.HFClient.queryChannels(HFClient.java:574)
	at com.charile.blockchain.proxy.FabricNetworkContainer.initlizeNetwork(FabricNetworkContainer.java:203)
	at com.charile.blockchain.proxy.FabricNetworkContainer.init(FabricNetworkContainer.java:104)
	at com.charile.base.AbstractInitOnce.initOnce(AbstractInitOnce.java:27)
	at com.charile.blockchain.proxy.FabricNetworkContainer.<init>(FabricNetworkContainer.java:55)
	at com.charile.blockchain.proxy.FabricNetworkContainer.<init>(FabricNetworkContainer.java:45)
	at com.charile.blockchain.proxy.FabricNetworkContainer$FabricClientProxyFactoryHolder.<clinit>(FabricNetworkContainer.java:79)
	at com.charile.blockchain.proxy.FabricNetworkContainer.getInstance(FabricNetworkContainer.java:86)
	at com.charile.blockchain.proxy.DefaultFabricClientHandler.getClient(DefaultFabricClientHandler.java:174)
	at com.charile.blockchain.proxy.DefaultFabricClientHandler.invokeBlockChain(DefaultFabricClientHandler.java:51)
	at com.charile.blockchain.proxy.FabricNetworkContainerTest.testCreateChannel(FabricNetworkContainerTest.java:29)
	at sun.reflect.NativeMethodAccessorImpl.invoke0(Native Method)
	at sun.reflect.NativeMethodAccessorImpl.invoke(NativeMethodAccessorImpl.java:62)
	at sun.reflect.DelegatingMethodAccessorImpl.invoke(DelegatingMethodAccessorImpl.java:43)
	at java.lang.reflect.Method.invoke(Method.java:498)
	at org.junit.runners.model.FrameworkMethod$1.runReflectiveCall(FrameworkMethod.java:50)
	at org.junit.internal.runners.model.ReflectiveCallable.run(ReflectiveCallable.java:12)
	at org.junit.runners.model.FrameworkMethod.invokeExplosively(FrameworkMethod.java:47)
	at org.junit.internal.runners.statements.InvokeMethod.evaluate(InvokeMethod.java:17)
	at org.junit.runners.ParentRunner.runLeaf(ParentRunner.java:325)
	at org.junit.runners.BlockJUnit4ClassRunner.runChild(BlockJUnit4ClassRunner.java:78)
	at org.junit.runners.BlockJUnit4ClassRunner.runChild(BlockJUnit4ClassRunner.java:57)
	at org.junit.runners.ParentRunner$3.run(ParentRunner.java:290)
	at org.junit.runners.ParentRunner$1.schedule(ParentRunner.java:71)
	at org.junit.runners.ParentRunner.runChildren(ParentRunner.java:288)
	at org.junit.runners.ParentRunner.access$000(ParentRunner.java:58)
	at org.junit.runners.ParentRunner$2.evaluate(ParentRunner.java:268)
	at org.junit.runners.ParentRunner.run(ParentRunner.java:363)
	at org.junit.runner.JUnitCore.run(JUnitCore.java:137)
	at com.intellij.junit4.JUnit4IdeaTestRunner.startRunnerWithArgs(JUnit4IdeaTestRunner.java:68)
	at com.intellij.rt.execution.junit.IdeaTestRunner$Repeater.startRunnerWithArgs(IdeaTestRunner.java:47)
	at com.intellij.rt.execution.junit.JUnitStarter.prepareStreamsAndStart(JUnitStarter.java:242)
	at com.intellij.rt.execution.junit.JUnitStarter.main(JUnitStarter.java:70)
2020-10-25 16:55:21 下午 [Thread: main][ Class:org.hyperledger.fabric.sdk.Channel Method: org.hyperledger.fabric.sdk.Channel.sendProposalToPeers(Channel.java:4525) ]
ERROR:Channel Channel{id: 2, name: } Sending proposal with transaction: 3f21082b5a8b44ed4b2d28add3ccaec1726c000f6f990403e70157d96a2e3264 to Peer{ id: 1, name: peer0.org1.com, channelName: null, url: grpcs://47.103.60.250:11051} failed because of: gRPC failure=Status{code=UNAVAILABLE, description=io exception, cause=io.netty.channel.AbstractChannel$AnnotatedConnectException: Connection refused: /47.103.60.250:11051
Caused by: java.net.ConnectException: Connection refused
	at sun.nio.ch.SocketChannelImpl.checkConnect(Native Method)
	at sun.nio.ch.SocketChannelImpl.finishConnect(SocketChannelImpl.java:717)
	at io.netty.channel.socket.nio.NioSocketChannel.doFinishConnect(NioSocketChannel.java:327)
	at io.netty.channel.nio.AbstractNioChannel$AbstractNioUnsafe.finishConnect(AbstractNioChannel.java:336)
	at io.netty.channel.nio.NioEventLoop.processSelectedKey(NioEventLoop.java:685)
	at io.netty.channel.nio.NioEventLoop.processSelectedKeysOptimized(NioEventLoop.java:632)
	at io.netty.channel.nio.NioEventLoop.processSelectedKeys(NioEventLoop.java:549)
	at io.netty.channel.nio.NioEventLoop.run(NioEventLoop.java:511)
	at io.netty.util.concurrent.SingleThreadEventExecutor$5.run(SingleThreadEventExecutor.java:918)
	at io.netty.util.internal.ThreadExecutorMap$2.run(ThreadExecutorMap.java:74)
	at io.netty.util.concurrent.FastThreadLocalRunnable.run(FastThreadLocalRunnable.java:30)
	at java.lang.Thread.run(Thread.java:748)
}
java.lang.Exception: io.grpc.StatusRuntimeException: UNAVAILABLE: io exception
	at org.hyperledger.fabric.sdk.Channel.sendProposalToPeers(Channel.java:4525)
	at org.hyperledger.fabric.sdk.Channel.queryChannels(Channel.java:3669)
	at org.hyperledger.fabric.sdk.HFClient.queryChannels(HFClient.java:574)
	at com.charile.blockchain.proxy.FabricNetworkContainer.initlizeNetwork(FabricNetworkContainer.java:203)
	at com.charile.blockchain.proxy.FabricNetworkContainer.init(FabricNetworkContainer.java:104)
	at com.charile.base.AbstractInitOnce.initOnce(AbstractInitOnce.java:27)
	at com.charile.blockchain.proxy.FabricNetworkContainer.<init>(FabricNetworkContainer.java:55)
	at com.charile.blockchain.proxy.FabricNetworkContainer.<init>(FabricNetworkContainer.java:45)
	at com.charile.blockchain.proxy.FabricNetworkContainer$FabricClientProxyFactoryHolder.<clinit>(FabricNetworkContainer.java:79)
	at com.charile.blockchain.proxy.FabricNetworkContainer.getInstance(FabricNetworkContainer.java:86)
	at com.charile.blockchain.proxy.DefaultFabricClientHandler.getClient(DefaultFabricClientHandler.java:174)
	at com.charile.blockchain.proxy.DefaultFabricClientHandler.invokeBlockChain(DefaultFabricClientHandler.java:51)
	at com.charile.blockchain.proxy.FabricNetworkContainerTest.testCreateChannel(FabricNetworkContainerTest.java:29)
	at sun.reflect.NativeMethodAccessorImpl.invoke0(Native Method)
	at sun.reflect.NativeMethodAccessorImpl.invoke(NativeMethodAccessorImpl.java:62)
	at sun.reflect.DelegatingMethodAccessorImpl.invoke(DelegatingMethodAccessorImpl.java:43)
	at java.lang.reflect.Method.invoke(Method.java:498)
	at org.junit.runners.model.FrameworkMethod$1.runReflectiveCall(FrameworkMethod.java:50)
	at org.junit.internal.runners.model.ReflectiveCallable.run(ReflectiveCallable.java:12)
	at org.junit.runners.model.FrameworkMethod.invokeExplosively(FrameworkMethod.java:47)
	at org.junit.internal.runners.statements.InvokeMethod.evaluate(InvokeMethod.java:17)
	at org.junit.runners.ParentRunner.runLeaf(ParentRunner.java:325)
	at org.junit.runners.BlockJUnit4ClassRunner.runChild(BlockJUnit4ClassRunner.java:78)
	at org.junit.runners.BlockJUnit4ClassRunner.runChild(BlockJUnit4ClassRunner.java:57)
	at org.junit.runners.ParentRunner$3.run(ParentRunner.java:290)
	at org.junit.runners.ParentRunner$1.schedule(ParentRunner.java:71)
	at org.junit.runners.ParentRunner.runChildren(ParentRunner.java:288)
	at org.junit.runners.ParentRunner.access$000(ParentRunner.java:58)
	at org.junit.runners.ParentRunner$2.evaluate(ParentRunner.java:268)
	at org.junit.runners.ParentRunner.run(ParentRunner.java:363)
	at org.junit.runner.JUnitCore.run(JUnitCore.java:137)
	at com.intellij.junit4.JUnit4IdeaTestRunner.startRunnerWithArgs(JUnit4IdeaTestRunner.java:68)
	at com.intellij.rt.execution.junit.IdeaTestRunner$Repeater.startRunnerWithArgs(IdeaTestRunner.java:47)
	at com.intellij.rt.execution.junit.JUnitStarter.prepareStreamsAndStart(JUnitStarter.java:242)
	at com.intellij.rt.execution.junit.JUnitStarter.main(JUnitStarter.java:70)
Caused by: io.grpc.StatusRuntimeException: UNAVAILABLE: io exception
	at io.grpc.Status.asRuntimeException(Status.java:533)
	at io.grpc.stub.ClientCalls$UnaryStreamToFuture.onClose(ClientCalls.java:490)
	at io.grpc.PartialForwardingClientCallListener.onClose(PartialForwardingClientCallListener.java:39)
	at io.grpc.ForwardingClientCallListener.onClose(ForwardingClientCallListener.java:23)
	at io.grpc.ForwardingClientCallListener$SimpleForwardingClientCallListener.onClose(ForwardingClientCallListener.java:40)
	at io.grpc.internal.CensusStatsModule$StatsClientInterceptor$1$1.onClose(CensusStatsModule.java:700)
	at io.grpc.PartialForwardingClientCallListener.onClose(PartialForwardingClientCallListener.java:39)
	at io.grpc.ForwardingClientCallListener.onClose(ForwardingClientCallListener.java:23)
	at io.grpc.ForwardingClientCallListener$SimpleForwardingClientCallListener.onClose(ForwardingClientCallListener.java:40)
	at io.grpc.internal.CensusTracingModule$TracingClientInterceptor$1$1.onClose(CensusTracingModule.java:399)
	at io.grpc.internal.ClientCallImpl.closeObserver(ClientCallImpl.java:510)
	at io.grpc.internal.ClientCallImpl.access$300(ClientCallImpl.java:66)
	at io.grpc.internal.ClientCallImpl$ClientStreamListenerImpl.close(ClientCallImpl.java:630)
	at io.grpc.internal.ClientCallImpl$ClientStreamListenerImpl.access$700(ClientCallImpl.java:518)
	at io.grpc.internal.ClientCallImpl$ClientStreamListenerImpl$1StreamClosed.runInternal(ClientCallImpl.java:692)
	at io.grpc.internal.ClientCallImpl$ClientStreamListenerImpl$1StreamClosed.runInContext(ClientCallImpl.java:681)
	at io.grpc.internal.ContextRunnable.run(ContextRunnable.java:37)
	at io.grpc.internal.SerializingExecutor.run(SerializingExecutor.java:123)
	at java.util.concurrent.ThreadPoolExecutor.runWorker(ThreadPoolExecutor.java:1149)
	at java.util.concurrent.ThreadPoolExecutor$Worker.run(ThreadPoolExecutor.java:624)
	at java.lang.Thread.run(Thread.java:748)
Caused by: io.netty.channel.AbstractChannel$AnnotatedConnectException: Connection refused: /47.103.60.250:11051
Caused by: java.net.ConnectException: Connection refused
	at sun.nio.ch.SocketChannelImpl.checkConnect(Native Method)
	at sun.nio.ch.SocketChannelImpl.finishConnect(SocketChannelImpl.java:717)
	at io.netty.channel.socket.nio.NioSocketChannel.doFinishConnect(NioSocketChannel.java:327)
	at io.netty.channel.nio.AbstractNioChannel$AbstractNioUnsafe.finishConnect(AbstractNioChannel.java:336)
	at io.netty.channel.nio.NioEventLoop.processSelectedKey(NioEventLoop.java:685)
	at io.netty.channel.nio.NioEventLoop.processSelectedKeysOptimized(NioEventLoop.java:632)
	at io.netty.channel.nio.NioEventLoop.processSelectedKeys(NioEventLoop.java:549)
	at io.netty.channel.nio.NioEventLoop.run(NioEventLoop.java:511)
	at io.netty.util.concurrent.SingleThreadEventExecutor$5.run(SingleThreadEventExecutor.java:918)
	at io.netty.util.internal.ThreadExecutorMap$2.run(ThreadExecutorMap.java:74)
	at io.netty.util.concurrent.FastThreadLocalRunnable.run(FastThreadLocalRunnable.java:30)
	at java.lang.Thread.run(Thread.java:748)
2020-10-25 16:55:21 下午 [Thread: main][ Class:org.hyperledger.fabric.sdk.HFClient Method: org.hyperledger.fabric.sdk.HFClient.queryChannels(HFClient.java:578) ]
ERROR:queryChannels for peer peer0.org1.com failed.Failed exception message is Channel Channel{id: 2, name: } Sending proposal with transaction: 3f21082b5a8b44ed4b2d28add3ccaec1726c000f6f990403e70157d96a2e3264 to Peer{ id: 1, name: peer0.org1.com, channelName: null, url: grpcs://47.103.60.250:11051} failed because of: gRPC failure=Status{code=UNAVAILABLE, description=io exception, cause=io.netty.channel.AbstractChannel$AnnotatedConnectException: Connection refused: /47.103.60.250:11051
Caused by: java.net.ConnectException: Connection refused
	at sun.nio.ch.SocketChannelImpl.checkConnect(Native Method)
	at sun.nio.ch.SocketChannelImpl.finishConnect(SocketChannelImpl.java:717)
	at io.netty.channel.socket.nio.NioSocketChannel.doFinishConnect(NioSocketChannel.java:327)
	at io.netty.channel.nio.AbstractNioChannel$AbstractNioUnsafe.finishConnect(AbstractNioChannel.java:336)
	at io.netty.channel.nio.NioEventLoop.processSelectedKey(NioEventLoop.java:685)
	at io.netty.channel.nio.NioEventLoop.processSelectedKeysOptimized(NioEventLoop.java:632)
	at io.netty.channel.nio.NioEventLoop.processSelectedKeys(NioEventLoop.java:549)
	at io.netty.channel.nio.NioEventLoop.run(NioEventLoop.java:511)
	at io.netty.util.concurrent.SingleThreadEventExecutor$5.run(SingleThreadEventExecutor.java:918)
	at io.netty.util.internal.ThreadExecutorMap$2.run(ThreadExecutorMap.java:74)
	at io.netty.util.concurrent.FastThreadLocalRunnable.run(FastThreadLocalRunnable.java:30)
	at java.lang.Thread.run(Thread.java:748)
}, status is 500
org.hyperledger.fabric.sdk.exception.ProposalException: Failed exception message is Channel Channel{id: 2, name: } Sending proposal with transaction: 3f21082b5a8b44ed4b2d28add3ccaec1726c000f6f990403e70157d96a2e3264 to Peer{ id: 1, name: peer0.org1.com, channelName: null, url: grpcs://47.103.60.250:11051} failed because of: gRPC failure=Status{code=UNAVAILABLE, description=io exception, cause=io.netty.channel.AbstractChannel$AnnotatedConnectException: Connection refused: /47.103.60.250:11051
Caused by: java.net.ConnectException: Connection refused
	at sun.nio.ch.SocketChannelImpl.checkConnect(Native Method)
	at sun.nio.ch.SocketChannelImpl.finishConnect(SocketChannelImpl.java:717)
	at io.netty.channel.socket.nio.NioSocketChannel.doFinishConnect(NioSocketChannel.java:327)
	at io.netty.channel.nio.AbstractNioChannel$AbstractNioUnsafe.finishConnect(AbstractNioChannel.java:336)
	at io.netty.channel.nio.NioEventLoop.processSelectedKey(NioEventLoop.java:685)
	at io.netty.channel.nio.NioEventLoop.processSelectedKeysOptimized(NioEventLoop.java:632)
	at io.netty.channel.nio.NioEventLoop.processSelectedKeys(NioEventLoop.java:549)
	at io.netty.channel.nio.NioEventLoop.run(NioEventLoop.java:511)
	at io.netty.util.concurrent.SingleThreadEventExecutor$5.run(SingleThreadEventExecutor.java:918)
	at io.netty.util.internal.ThreadExecutorMap$2.run(ThreadExecutorMap.java:74)
	at io.netty.util.concurrent.FastThreadLocalRunnable.run(FastThreadLocalRunnable.java:30)
	at java.lang.Thread.run(Thread.java:748)
}, status is 500
	at org.hyperledger.fabric.sdk.Channel.queryChannels(Channel.java:3682)
	at org.hyperledger.fabric.sdk.HFClient.queryChannels(HFClient.java:574)
	at com.charile.blockchain.proxy.FabricNetworkContainer.initlizeNetwork(FabricNetworkContainer.java:203)
	at com.charile.blockchain.proxy.FabricNetworkContainer.init(FabricNetworkContainer.java:104)
	at com.charile.base.AbstractInitOnce.initOnce(AbstractInitOnce.java:27)
	at com.charile.blockchain.proxy.FabricNetworkContainer.<init>(FabricNetworkContainer.java:55)
	at com.charile.blockchain.proxy.FabricNetworkContainer.<init>(FabricNetworkContainer.java:45)
	at com.charile.blockchain.proxy.FabricNetworkContainer$FabricClientProxyFactoryHolder.<clinit>(FabricNetworkContainer.java:79)
	at com.charile.blockchain.proxy.FabricNetworkContainer.getInstance(FabricNetworkContainer.java:86)
	at com.charile.blockchain.proxy.DefaultFabricClientHandler.getClient(DefaultFabricClientHandler.java:174)
	at com.charile.blockchain.proxy.DefaultFabricClientHandler.invokeBlockChain(DefaultFabricClientHandler.java:51)
	at com.charile.blockchain.proxy.FabricNetworkContainerTest.testCreateChannel(FabricNetworkContainerTest.java:29)
	at sun.reflect.NativeMethodAccessorImpl.invoke0(Native Method)
	at sun.reflect.NativeMethodAccessorImpl.invoke(NativeMethodAccessorImpl.java:62)
	at sun.reflect.DelegatingMethodAccessorImpl.invoke(DelegatingMethodAccessorImpl.java:43)
	at java.lang.reflect.Method.invoke(Method.java:498)
	at org.junit.runners.model.FrameworkMethod$1.runReflectiveCall(FrameworkMethod.java:50)
	at org.junit.internal.runners.model.ReflectiveCallable.run(ReflectiveCallable.java:12)
	at org.junit.runners.model.FrameworkMethod.invokeExplosively(FrameworkMethod.java:47)
	at org.junit.internal.runners.statements.InvokeMethod.evaluate(InvokeMethod.java:17)
	at org.junit.runners.ParentRunner.runLeaf(ParentRunner.java:325)
	at org.junit.runners.BlockJUnit4ClassRunner.runChild(BlockJUnit4ClassRunner.java:78)
	at org.junit.runners.BlockJUnit4ClassRunner.runChild(BlockJUnit4ClassRunner.java:57)
	at org.junit.runners.ParentRunner$3.run(ParentRunner.java:290)
	at org.junit.runners.ParentRunner$1.schedule(ParentRunner.java:71)
	at org.junit.runners.ParentRunner.runChildren(ParentRunner.java:288)
	at org.junit.runners.ParentRunner.access$000(ParentRunner.java:58)
	at org.junit.runners.ParentRunner$2.evaluate(ParentRunner.java:268)
	at org.junit.runners.ParentRunner.run(ParentRunner.java:363)
	at org.junit.runner.JUnitCore.run(JUnitCore.java:137)
	at com.intellij.junit4.JUnit4IdeaTestRunner.startRunnerWithArgs(JUnit4IdeaTestRunner.java:68)
	at com.intellij.rt.execution.junit.IdeaTestRunner$Repeater.startRunnerWithArgs(IdeaTestRunner.java:47)
	at com.intellij.rt.execution.junit.JUnitStarter.prepareStreamsAndStart(JUnitStarter.java:242)
	at com.intellij.rt.execution.junit.JUnitStarter.main(JUnitStarter.java:70)
2020-10-25 16:55:53 下午 [Thread: main][ Class:org.hyperledger.fabric.sdk.Channel Method: org.hyperledger.fabric.sdk.Channel.sendProposalToPeers(Channel.java:4525) ]
ERROR:Channel Channel{id: 2, name: } Sending proposal with transaction: fb2cbb291b6d224dd2930d1988dfb67a2175d3c3eb9209b32b263b1bfa08bbf8 to Peer{ id: 1, name: peer0.org1.com, channelName: null, url: grpcs://47.103.60.250:11051} failed because of: gRPC failure=Status{code=UNAVAILABLE, description=io exception, cause=io.netty.channel.AbstractChannel$AnnotatedConnectException: Connection refused: /47.103.60.250:11051
Caused by: java.net.ConnectException: Connection refused
	at sun.nio.ch.SocketChannelImpl.checkConnect(Native Method)
	at sun.nio.ch.SocketChannelImpl.finishConnect(SocketChannelImpl.java:717)
	at io.netty.channel.socket.nio.NioSocketChannel.doFinishConnect(NioSocketChannel.java:327)
	at io.netty.channel.nio.AbstractNioChannel$AbstractNioUnsafe.finishConnect(AbstractNioChannel.java:336)
	at io.netty.channel.nio.NioEventLoop.processSelectedKey(NioEventLoop.java:685)
	at io.netty.channel.nio.NioEventLoop.processSelectedKeysOptimized(NioEventLoop.java:632)
	at io.netty.channel.nio.NioEventLoop.processSelectedKeys(NioEventLoop.java:549)
	at io.netty.channel.nio.NioEventLoop.run(NioEventLoop.java:511)
	at io.netty.util.concurrent.SingleThreadEventExecutor$5.run(SingleThreadEventExecutor.java:918)
	at io.netty.util.internal.ThreadExecutorMap$2.run(ThreadExecutorMap.java:74)
	at io.netty.util.concurrent.FastThreadLocalRunnable.run(FastThreadLocalRunnable.java:30)
	at java.lang.Thread.run(Thread.java:748)
}
java.lang.Exception: io.grpc.StatusRuntimeException: UNAVAILABLE: io exception
	at org.hyperledger.fabric.sdk.Channel.sendProposalToPeers(Channel.java:4525)
	at org.hyperledger.fabric.sdk.Channel.queryChannels(Channel.java:3669)
	at org.hyperledger.fabric.sdk.HFClient.queryChannels(HFClient.java:574)
	at com.charile.blockchain.proxy.FabricNetworkContainer.initlizeNetwork(FabricNetworkContainer.java:203)
	at com.charile.blockchain.proxy.FabricNetworkContainer.init(FabricNetworkContainer.java:104)
	at com.charile.base.AbstractInitOnce.initOnce(AbstractInitOnce.java:27)
	at com.charile.blockchain.proxy.FabricNetworkContainer.<init>(FabricNetworkContainer.java:55)
	at com.charile.blockchain.proxy.FabricNetworkContainer.<init>(FabricNetworkContainer.java:45)
	at com.charile.blockchain.proxy.FabricNetworkContainer$FabricClientProxyFactoryHolder.<clinit>(FabricNetworkContainer.java:79)
	at com.charile.blockchain.proxy.FabricNetworkContainer.getInstance(FabricNetworkContainer.java:86)
	at com.charile.blockchain.proxy.DefaultFabricClientHandler.getClient(DefaultFabricClientHandler.java:174)
	at com.charile.blockchain.proxy.DefaultFabricClientHandler.invokeBlockChain(DefaultFabricClientHandler.java:51)
	at com.charile.blockchain.proxy.FabricNetworkContainerTest.testCreateChannel(FabricNetworkContainerTest.java:29)
	at sun.reflect.NativeMethodAccessorImpl.invoke0(Native Method)
	at sun.reflect.NativeMethodAccessorImpl.invoke(NativeMethodAccessorImpl.java:62)
	at sun.reflect.DelegatingMethodAccessorImpl.invoke(DelegatingMethodAccessorImpl.java:43)
	at java.lang.reflect.Method.invoke(Method.java:498)
	at org.junit.runners.model.FrameworkMethod$1.runReflectiveCall(FrameworkMethod.java:50)
	at org.junit.internal.runners.model.ReflectiveCallable.run(ReflectiveCallable.java:12)
	at org.junit.runners.model.FrameworkMethod.invokeExplosively(FrameworkMethod.java:47)
	at org.junit.internal.runners.statements.InvokeMethod.evaluate(InvokeMethod.java:17)
	at org.junit.runners.ParentRunner.runLeaf(ParentRunner.java:325)
	at org.junit.runners.BlockJUnit4ClassRunner.runChild(BlockJUnit4ClassRunner.java:78)
	at org.junit.runners.BlockJUnit4ClassRunner.runChild(BlockJUnit4ClassRunner.java:57)
	at org.junit.runners.ParentRunner$3.run(ParentRunner.java:290)
	at org.junit.runners.ParentRunner$1.schedule(ParentRunner.java:71)
	at org.junit.runners.ParentRunner.runChildren(ParentRunner.java:288)
	at org.junit.runners.ParentRunner.access$000(ParentRunner.java:58)
	at org.junit.runners.ParentRunner$2.evaluate(ParentRunner.java:268)
	at org.junit.runners.ParentRunner.run(ParentRunner.java:363)
	at org.junit.runner.JUnitCore.run(JUnitCore.java:137)
	at com.intellij.junit4.JUnit4IdeaTestRunner.startRunnerWithArgs(JUnit4IdeaTestRunner.java:68)
	at com.intellij.rt.execution.junit.IdeaTestRunner$Repeater.startRunnerWithArgs(IdeaTestRunner.java:47)
	at com.intellij.rt.execution.junit.JUnitStarter.prepareStreamsAndStart(JUnitStarter.java:242)
	at com.intellij.rt.execution.junit.JUnitStarter.main(JUnitStarter.java:70)
Caused by: io.grpc.StatusRuntimeException: UNAVAILABLE: io exception
	at io.grpc.Status.asRuntimeException(Status.java:533)
	at io.grpc.stub.ClientCalls$UnaryStreamToFuture.onClose(ClientCalls.java:490)
	at io.grpc.PartialForwardingClientCallListener.onClose(PartialForwardingClientCallListener.java:39)
	at io.grpc.ForwardingClientCallListener.onClose(ForwardingClientCallListener.java:23)
	at io.grpc.ForwardingClientCallListener$SimpleForwardingClientCallListener.onClose(ForwardingClientCallListener.java:40)
	at io.grpc.internal.CensusStatsModule$StatsClientInterceptor$1$1.onClose(CensusStatsModule.java:700)
	at io.grpc.PartialForwardingClientCallListener.onClose(PartialForwardingClientCallListener.java:39)
	at io.grpc.ForwardingClientCallListener.onClose(ForwardingClientCallListener.java:23)
	at io.grpc.ForwardingClientCallListener$SimpleForwardingClientCallListener.onClose(ForwardingClientCallListener.java:40)
	at io.grpc.internal.CensusTracingModule$TracingClientInterceptor$1$1.onClose(CensusTracingModule.java:399)
	at io.grpc.internal.ClientCallImpl.closeObserver(ClientCallImpl.java:510)
	at io.grpc.internal.ClientCallImpl.access$300(ClientCallImpl.java:66)
	at io.grpc.internal.ClientCallImpl$ClientStreamListenerImpl.close(ClientCallImpl.java:630)
	at io.grpc.internal.ClientCallImpl$ClientStreamListenerImpl.access$700(ClientCallImpl.java:518)
	at io.grpc.internal.ClientCallImpl$ClientStreamListenerImpl$1StreamClosed.runInternal(ClientCallImpl.java:692)
	at io.grpc.internal.ClientCallImpl$ClientStreamListenerImpl$1StreamClosed.runInContext(ClientCallImpl.java:681)
	at io.grpc.internal.ContextRunnable.run(ContextRunnable.java:37)
	at io.grpc.internal.SerializingExecutor.run(SerializingExecutor.java:123)
	at java.util.concurrent.ThreadPoolExecutor.runWorker(ThreadPoolExecutor.java:1149)
	at java.util.concurrent.ThreadPoolExecutor$Worker.run(ThreadPoolExecutor.java:624)
	at java.lang.Thread.run(Thread.java:748)
Caused by: io.netty.channel.AbstractChannel$AnnotatedConnectException: Connection refused: /47.103.60.250:11051
Caused by: java.net.ConnectException: Connection refused
	at sun.nio.ch.SocketChannelImpl.checkConnect(Native Method)
	at sun.nio.ch.SocketChannelImpl.finishConnect(SocketChannelImpl.java:717)
	at io.netty.channel.socket.nio.NioSocketChannel.doFinishConnect(NioSocketChannel.java:327)
	at io.netty.channel.nio.AbstractNioChannel$AbstractNioUnsafe.finishConnect(AbstractNioChannel.java:336)
	at io.netty.channel.nio.NioEventLoop.processSelectedKey(NioEventLoop.java:685)
	at io.netty.channel.nio.NioEventLoop.processSelectedKeysOptimized(NioEventLoop.java:632)
	at io.netty.channel.nio.NioEventLoop.processSelectedKeys(NioEventLoop.java:549)
	at io.netty.channel.nio.NioEventLoop.run(NioEventLoop.java:511)
	at io.netty.util.concurrent.SingleThreadEventExecutor$5.run(SingleThreadEventExecutor.java:918)
	at io.netty.util.internal.ThreadExecutorMap$2.run(ThreadExecutorMap.java:74)
	at io.netty.util.concurrent.FastThreadLocalRunnable.run(FastThreadLocalRunnable.java:30)
	at java.lang.Thread.run(Thread.java:748)
2020-10-25 16:56:53 下午 [Thread: main][ Class:org.hyperledger.fabric.sdk.HFClient Method: org.hyperledger.fabric.sdk.HFClient.queryChannels(HFClient.java:578) ]
ERROR:queryChannels for peer peer0.org1.com failed.Failed exception message is Channel Channel{id: 2, name: } Sending proposal with transaction: fb2cbb291b6d224dd2930d1988dfb67a2175d3c3eb9209b32b263b1bfa08bbf8 to Peer{ id: 1, name: peer0.org1.com, channelName: null, url: grpcs://47.103.60.250:11051} failed because of: gRPC failure=Status{code=UNAVAILABLE, description=io exception, cause=io.netty.channel.AbstractChannel$AnnotatedConnectException: Connection refused: /47.103.60.250:11051
Caused by: java.net.ConnectException: Connection refused
	at sun.nio.ch.SocketChannelImpl.checkConnect(Native Method)
	at sun.nio.ch.SocketChannelImpl.finishConnect(SocketChannelImpl.java:717)
	at io.netty.channel.socket.nio.NioSocketChannel.doFinishConnect(NioSocketChannel.java:327)
	at io.netty.channel.nio.AbstractNioChannel$AbstractNioUnsafe.finishConnect(AbstractNioChannel.java:336)
	at io.netty.channel.nio.NioEventLoop.processSelectedKey(NioEventLoop.java:685)
	at io.netty.channel.nio.NioEventLoop.processSelectedKeysOptimized(NioEventLoop.java:632)
	at io.netty.channel.nio.NioEventLoop.processSelectedKeys(NioEventLoop.java:549)
	at io.netty.channel.nio.NioEventLoop.run(NioEventLoop.java:511)
	at io.netty.util.concurrent.SingleThreadEventExecutor$5.run(SingleThreadEventExecutor.java:918)
	at io.netty.util.internal.ThreadExecutorMap$2.run(ThreadExecutorMap.java:74)
	at io.netty.util.concurrent.FastThreadLocalRunnable.run(FastThreadLocalRunnable.java:30)
	at java.lang.Thread.run(Thread.java:748)
}, status is 500
org.hyperledger.fabric.sdk.exception.ProposalException: Failed exception message is Channel Channel{id: 2, name: } Sending proposal with transaction: fb2cbb291b6d224dd2930d1988dfb67a2175d3c3eb9209b32b263b1bfa08bbf8 to Peer{ id: 1, name: peer0.org1.com, channelName: null, url: grpcs://47.103.60.250:11051} failed because of: gRPC failure=Status{code=UNAVAILABLE, description=io exception, cause=io.netty.channel.AbstractChannel$AnnotatedConnectException: Connection refused: /47.103.60.250:11051
Caused by: java.net.ConnectException: Connection refused
	at sun.nio.ch.SocketChannelImpl.checkConnect(Native Method)
	at sun.nio.ch.SocketChannelImpl.finishConnect(SocketChannelImpl.java:717)
	at io.netty.channel.socket.nio.NioSocketChannel.doFinishConnect(NioSocketChannel.java:327)
	at io.netty.channel.nio.AbstractNioChannel$AbstractNioUnsafe.finishConnect(AbstractNioChannel.java:336)
	at io.netty.channel.nio.NioEventLoop.processSelectedKey(NioEventLoop.java:685)
	at io.netty.channel.nio.NioEventLoop.processSelectedKeysOptimized(NioEventLoop.java:632)
	at io.netty.channel.nio.NioEventLoop.processSelectedKeys(NioEventLoop.java:549)
	at io.netty.channel.nio.NioEventLoop.run(NioEventLoop.java:511)
	at io.netty.util.concurrent.SingleThreadEventExecutor$5.run(SingleThreadEventExecutor.java:918)
	at io.netty.util.internal.ThreadExecutorMap$2.run(ThreadExecutorMap.java:74)
	at io.netty.util.concurrent.FastThreadLocalRunnable.run(FastThreadLocalRunnable.java:30)
	at java.lang.Thread.run(Thread.java:748)
}, status is 500
	at org.hyperledger.fabric.sdk.Channel.queryChannels(Channel.java:3682)
	at org.hyperledger.fabric.sdk.HFClient.queryChannels(HFClient.java:574)
	at com.charile.blockchain.proxy.FabricNetworkContainer.initlizeNetwork(FabricNetworkContainer.java:203)
	at com.charile.blockchain.proxy.FabricNetworkContainer.init(FabricNetworkContainer.java:104)
	at com.charile.base.AbstractInitOnce.initOnce(AbstractInitOnce.java:27)
	at com.charile.blockchain.proxy.FabricNetworkContainer.<init>(FabricNetworkContainer.java:55)
	at com.charile.blockchain.proxy.FabricNetworkContainer.<init>(FabricNetworkContainer.java:45)
	at com.charile.blockchain.proxy.FabricNetworkContainer$FabricClientProxyFactoryHolder.<clinit>(FabricNetworkContainer.java:79)
	at com.charile.blockchain.proxy.FabricNetworkContainer.getInstance(FabricNetworkContainer.java:86)
	at com.charile.blockchain.proxy.DefaultFabricClientHandler.getClient(DefaultFabricClientHandler.java:174)
	at com.charile.blockchain.proxy.DefaultFabricClientHandler.invokeBlockChain(DefaultFabricClientHandler.java:51)
	at com.charile.blockchain.proxy.FabricNetworkContainerTest.testCreateChannel(FabricNetworkContainerTest.java:29)
	at sun.reflect.NativeMethodAccessorImpl.invoke0(Native Method)
	at sun.reflect.NativeMethodAccessorImpl.invoke(NativeMethodAccessorImpl.java:62)
	at sun.reflect.DelegatingMethodAccessorImpl.invoke(DelegatingMethodAccessorImpl.java:43)
	at java.lang.reflect.Method.invoke(Method.java:498)
	at org.junit.runners.model.FrameworkMethod$1.runReflectiveCall(FrameworkMethod.java:50)
	at org.junit.internal.runners.model.ReflectiveCallable.run(ReflectiveCallable.java:12)
	at org.junit.runners.model.FrameworkMethod.invokeExplosively(FrameworkMethod.java:47)
	at org.junit.internal.runners.statements.InvokeMethod.evaluate(InvokeMethod.java:17)
	at org.junit.runners.ParentRunner.runLeaf(ParentRunner.java:325)
	at org.junit.runners.BlockJUnit4ClassRunner.runChild(BlockJUnit4ClassRunner.java:78)
	at org.junit.runners.BlockJUnit4ClassRunner.runChild(BlockJUnit4ClassRunner.java:57)
	at org.junit.runners.ParentRunner$3.run(ParentRunner.java:290)
	at org.junit.runners.ParentRunner$1.schedule(ParentRunner.java:71)
	at org.junit.runners.ParentRunner.runChildren(ParentRunner.java:288)
	at org.junit.runners.ParentRunner.access$000(ParentRunner.java:58)
	at org.junit.runners.ParentRunner$2.evaluate(ParentRunner.java:268)
	at org.junit.runners.ParentRunner.run(ParentRunner.java:363)
	at org.junit.runner.JUnitCore.run(JUnitCore.java:137)
	at com.intellij.junit4.JUnit4IdeaTestRunner.startRunnerWithArgs(JUnit4IdeaTestRunner.java:68)
	at com.intellij.rt.execution.junit.IdeaTestRunner$Repeater.startRunnerWithArgs(IdeaTestRunner.java:47)
	at com.intellij.rt.execution.junit.JUnitStarter.prepareStreamsAndStart(JUnitStarter.java:242)
	at com.intellij.rt.execution.junit.JUnitStarter.main(JUnitStarter.java:70)
2020-10-25 17:38:59 下午 [Thread: main][ Class:org.hyperledger.fabric.sdk.Channel Method: org.hyperledger.fabric.sdk.Channel.sendProposalToPeers(Channel.java:4525) ]
ERROR:Channel Channel{id: 49, name: } Sending proposal with transaction: bfe08f65dfc08fb8df3692dc712804de7c3217b4cef0dd93d70308a39d799345 to Peer{ id: 40, name: peer0.org5.com, channelName: demochannel, url: grpcs://47.103.60.250:15051} failed because of: gRPC failure=Status{code=UNKNOWN, description=access denied: channel [] creator org [Org1MSP], cause=null}
java.lang.Exception: io.grpc.StatusRuntimeException: UNKNOWN: access denied: channel [] creator org [Org1MSP]
	at org.hyperledger.fabric.sdk.Channel.sendProposalToPeers(Channel.java:4525)
	at org.hyperledger.fabric.sdk.Channel.sendInstallProposal(Channel.java:2948)
	at org.hyperledger.fabric.sdk.HFClient.sendInstallProposal(HFClient.java:671)
	at com.charile.blockchain.proxy.FabricNetworkContainer.installAndInstantiateCC(FabricNetworkContainer.java:410)
	at com.charile.blockchain.proxy.FabricNetworkContainer.init(FabricNetworkContainer.java:119)
	at com.charile.base.AbstractInitOnce.initOnce(AbstractInitOnce.java:27)
	at com.charile.blockchain.proxy.FabricNetworkContainer.<init>(FabricNetworkContainer.java:55)
	at com.charile.blockchain.proxy.FabricNetworkContainer.<init>(FabricNetworkContainer.java:45)
	at com.charile.blockchain.proxy.FabricNetworkContainer$FabricClientProxyFactoryHolder.<clinit>(FabricNetworkContainer.java:79)
	at com.charile.blockchain.proxy.FabricNetworkContainer.getInstance(FabricNetworkContainer.java:86)
	at com.charile.blockchain.proxy.DefaultFabricClientHandler.getClient(DefaultFabricClientHandler.java:174)
	at com.charile.blockchain.proxy.DefaultFabricClientHandler.invokeBlockChain(DefaultFabricClientHandler.java:51)
	at com.charile.blockchain.proxy.FabricNetworkContainerTest.testCreateChannel(FabricNetworkContainerTest.java:29)
	at sun.reflect.NativeMethodAccessorImpl.invoke0(Native Method)
	at sun.reflect.NativeMethodAccessorImpl.invoke(NativeMethodAccessorImpl.java:62)
	at sun.reflect.DelegatingMethodAccessorImpl.invoke(DelegatingMethodAccessorImpl.java:43)
	at java.lang.reflect.Method.invoke(Method.java:498)
	at org.junit.runners.model.FrameworkMethod$1.runReflectiveCall(FrameworkMethod.java:50)
	at org.junit.internal.runners.model.ReflectiveCallable.run(ReflectiveCallable.java:12)
	at org.junit.runners.model.FrameworkMethod.invokeExplosively(FrameworkMethod.java:47)
	at org.junit.internal.runners.statements.InvokeMethod.evaluate(InvokeMethod.java:17)
	at org.junit.runners.ParentRunner.runLeaf(ParentRunner.java:325)
	at org.junit.runners.BlockJUnit4ClassRunner.runChild(BlockJUnit4ClassRunner.java:78)
	at org.junit.runners.BlockJUnit4ClassRunner.runChild(BlockJUnit4ClassRunner.java:57)
	at org.junit.runners.ParentRunner$3.run(ParentRunner.java:290)
	at org.junit.runners.ParentRunner$1.schedule(ParentRunner.java:71)
	at org.junit.runners.ParentRunner.runChildren(ParentRunner.java:288)
	at org.junit.runners.ParentRunner.access$000(ParentRunner.java:58)
	at org.junit.runners.ParentRunner$2.evaluate(ParentRunner.java:268)
	at org.junit.runners.ParentRunner.run(ParentRunner.java:363)
	at org.junit.runner.JUnitCore.run(JUnitCore.java:137)
	at com.intellij.junit4.JUnit4IdeaTestRunner.startRunnerWithArgs(JUnit4IdeaTestRunner.java:68)
	at com.intellij.rt.execution.junit.IdeaTestRunner$Repeater.startRunnerWithArgs(IdeaTestRunner.java:47)
	at com.intellij.rt.execution.junit.JUnitStarter.prepareStreamsAndStart(JUnitStarter.java:242)
	at com.intellij.rt.execution.junit.JUnitStarter.main(JUnitStarter.java:70)
Caused by: io.grpc.StatusRuntimeException: UNKNOWN: access denied: channel [] creator org [Org1MSP]
	at io.grpc.Status.asRuntimeException(Status.java:533)
	at io.grpc.stub.ClientCalls$UnaryStreamToFuture.onClose(ClientCalls.java:490)
	at io.grpc.PartialForwardingClientCallListener.onClose(PartialForwardingClientCallListener.java:39)
	at io.grpc.ForwardingClientCallListener.onClose(ForwardingClientCallListener.java:23)
	at io.grpc.ForwardingClientCallListener$SimpleForwardingClientCallListener.onClose(ForwardingClientCallListener.java:40)
	at io.grpc.internal.CensusStatsModule$StatsClientInterceptor$1$1.onClose(CensusStatsModule.java:700)
	at io.grpc.PartialForwardingClientCallListener.onClose(PartialForwardingClientCallListener.java:39)
	at io.grpc.ForwardingClientCallListener.onClose(ForwardingClientCallListener.java:23)
	at io.grpc.ForwardingClientCallListener$SimpleForwardingClientCallListener.onClose(ForwardingClientCallListener.java:40)
	at io.grpc.internal.CensusTracingModule$TracingClientInterceptor$1$1.onClose(CensusTracingModule.java:399)
	at io.grpc.internal.ClientCallImpl.closeObserver(ClientCallImpl.java:510)
	at io.grpc.internal.ClientCallImpl.access$300(ClientCallImpl.java:66)
	at io.grpc.internal.ClientCallImpl$ClientStreamListenerImpl.close(ClientCallImpl.java:630)
	at io.grpc.internal.ClientCallImpl$ClientStreamListenerImpl.access$700(ClientCallImpl.java:518)
	at io.grpc.internal.ClientCallImpl$ClientStreamListenerImpl$1StreamClosed.runInternal(ClientCallImpl.java:692)
	at io.grpc.internal.ClientCallImpl$ClientStreamListenerImpl$1StreamClosed.runInContext(ClientCallImpl.java:681)
	at io.grpc.internal.ContextRunnable.run(ContextRunnable.java:37)
	at io.grpc.internal.SerializingExecutor.run(SerializingExecutor.java:123)
	at java.util.concurrent.ThreadPoolExecutor.runWorker(ThreadPoolExecutor.java:1149)
	at java.util.concurrent.ThreadPoolExecutor$Worker.run(ThreadPoolExecutor.java:624)
	at java.lang.Thread.run(Thread.java:748)
2020-10-25 17:38:59 下午 [Thread: main][ Class:org.hyperledger.fabric.sdk.Channel Method: org.hyperledger.fabric.sdk.Channel.sendProposalToPeers(Channel.java:4525) ]
ERROR:Channel Channel{id: 49, name: } Sending proposal with transaction: bfe08f65dfc08fb8df3692dc712804de7c3217b4cef0dd93d70308a39d799345 to Peer{ id: 24, name: peer0.org3.com, channelName: demochannel, url: grpcs://47.103.60.250:13051} failed because of: gRPC failure=Status{code=UNKNOWN, description=access denied: channel [] creator org [Org1MSP], cause=null}
java.lang.Exception: io.grpc.StatusRuntimeException: UNKNOWN: access denied: channel [] creator org [Org1MSP]
	at org.hyperledger.fabric.sdk.Channel.sendProposalToPeers(Channel.java:4525)
	at org.hyperledger.fabric.sdk.Channel.sendInstallProposal(Channel.java:2948)
	at org.hyperledger.fabric.sdk.HFClient.sendInstallProposal(HFClient.java:671)
	at com.charile.blockchain.proxy.FabricNetworkContainer.installAndInstantiateCC(FabricNetworkContainer.java:410)
	at com.charile.blockchain.proxy.FabricNetworkContainer.init(FabricNetworkContainer.java:119)
	at com.charile.base.AbstractInitOnce.initOnce(AbstractInitOnce.java:27)
	at com.charile.blockchain.proxy.FabricNetworkContainer.<init>(FabricNetworkContainer.java:55)
	at com.charile.blockchain.proxy.FabricNetworkContainer.<init>(FabricNetworkContainer.java:45)
	at com.charile.blockchain.proxy.FabricNetworkContainer$FabricClientProxyFactoryHolder.<clinit>(FabricNetworkContainer.java:79)
	at com.charile.blockchain.proxy.FabricNetworkContainer.getInstance(FabricNetworkContainer.java:86)
	at com.charile.blockchain.proxy.DefaultFabricClientHandler.getClient(DefaultFabricClientHandler.java:174)
	at com.charile.blockchain.proxy.DefaultFabricClientHandler.invokeBlockChain(DefaultFabricClientHandler.java:51)
	at com.charile.blockchain.proxy.FabricNetworkContainerTest.testCreateChannel(FabricNetworkContainerTest.java:29)
	at sun.reflect.NativeMethodAccessorImpl.invoke0(Native Method)
	at sun.reflect.NativeMethodAccessorImpl.invoke(NativeMethodAccessorImpl.java:62)
	at sun.reflect.DelegatingMethodAccessorImpl.invoke(DelegatingMethodAccessorImpl.java:43)
	at java.lang.reflect.Method.invoke(Method.java:498)
	at org.junit.runners.model.FrameworkMethod$1.runReflectiveCall(FrameworkMethod.java:50)
	at org.junit.internal.runners.model.ReflectiveCallable.run(ReflectiveCallable.java:12)
	at org.junit.runners.model.FrameworkMethod.invokeExplosively(FrameworkMethod.java:47)
	at org.junit.internal.runners.statements.InvokeMethod.evaluate(InvokeMethod.java:17)
	at org.junit.runners.ParentRunner.runLeaf(ParentRunner.java:325)
	at org.junit.runners.BlockJUnit4ClassRunner.runChild(BlockJUnit4ClassRunner.java:78)
	at org.junit.runners.BlockJUnit4ClassRunner.runChild(BlockJUnit4ClassRunner.java:57)
	at org.junit.runners.ParentRunner$3.run(ParentRunner.java:290)
	at org.junit.runners.ParentRunner$1.schedule(ParentRunner.java:71)
	at org.junit.runners.ParentRunner.runChildren(ParentRunner.java:288)
	at org.junit.runners.ParentRunner.access$000(ParentRunner.java:58)
	at org.junit.runners.ParentRunner$2.evaluate(ParentRunner.java:268)
	at org.junit.runners.ParentRunner.run(ParentRunner.java:363)
	at org.junit.runner.JUnitCore.run(JUnitCore.java:137)
	at com.intellij.junit4.JUnit4IdeaTestRunner.startRunnerWithArgs(JUnit4IdeaTestRunner.java:68)
	at com.intellij.rt.execution.junit.IdeaTestRunner$Repeater.startRunnerWithArgs(IdeaTestRunner.java:47)
	at com.intellij.rt.execution.junit.JUnitStarter.prepareStreamsAndStart(JUnitStarter.java:242)
	at com.intellij.rt.execution.junit.JUnitStarter.main(JUnitStarter.java:70)
Caused by: io.grpc.StatusRuntimeException: UNKNOWN: access denied: channel [] creator org [Org1MSP]
	at io.grpc.Status.asRuntimeException(Status.java:533)
	at io.grpc.stub.ClientCalls$UnaryStreamToFuture.onClose(ClientCalls.java:490)
	at io.grpc.PartialForwardingClientCallListener.onClose(PartialForwardingClientCallListener.java:39)
	at io.grpc.ForwardingClientCallListener.onClose(ForwardingClientCallListener.java:23)
	at io.grpc.ForwardingClientCallListener$SimpleForwardingClientCallListener.onClose(ForwardingClientCallListener.java:40)
	at io.grpc.internal.CensusStatsModule$StatsClientInterceptor$1$1.onClose(CensusStatsModule.java:700)
	at io.grpc.PartialForwardingClientCallListener.onClose(PartialForwardingClientCallListener.java:39)
	at io.grpc.ForwardingClientCallListener.onClose(ForwardingClientCallListener.java:23)
	at io.grpc.ForwardingClientCallListener$SimpleForwardingClientCallListener.onClose(ForwardingClientCallListener.java:40)
	at io.grpc.internal.CensusTracingModule$TracingClientInterceptor$1$1.onClose(CensusTracingModule.java:399)
	at io.grpc.internal.ClientCallImpl.closeObserver(ClientCallImpl.java:510)
	at io.grpc.internal.ClientCallImpl.access$300(ClientCallImpl.java:66)
	at io.grpc.internal.ClientCallImpl$ClientStreamListenerImpl.close(ClientCallImpl.java:630)
	at io.grpc.internal.ClientCallImpl$ClientStreamListenerImpl.access$700(ClientCallImpl.java:518)
	at io.grpc.internal.ClientCallImpl$ClientStreamListenerImpl$1StreamClosed.runInternal(ClientCallImpl.java:692)
	at io.grpc.internal.ClientCallImpl$ClientStreamListenerImpl$1StreamClosed.runInContext(ClientCallImpl.java:681)
	at io.grpc.internal.ContextRunnable.run(ContextRunnable.java:37)
	at io.grpc.internal.SerializingExecutor.run(SerializingExecutor.java:123)
	at java.util.concurrent.ThreadPoolExecutor.runWorker(ThreadPoolExecutor.java:1149)
	at java.util.concurrent.ThreadPoolExecutor$Worker.run(ThreadPoolExecutor.java:624)
	at java.lang.Thread.run(Thread.java:748)
2020-10-25 17:38:59 下午 [Thread: main][ Class:org.hyperledger.fabric.sdk.Channel Method: org.hyperledger.fabric.sdk.Channel.sendProposalToPeers(Channel.java:4525) ]
ERROR:Channel Channel{id: 49, name: } Sending proposal with transaction: bfe08f65dfc08fb8df3692dc712804de7c3217b4cef0dd93d70308a39d799345 to Peer{ id: 32, name: peer0.org4.com, channelName: demochannel, url: grpcs://47.103.60.250:14051} failed because of: gRPC failure=Status{code=UNKNOWN, description=access denied: channel [] creator org [Org1MSP], cause=null}
java.lang.Exception: io.grpc.StatusRuntimeException: UNKNOWN: access denied: channel [] creator org [Org1MSP]
	at org.hyperledger.fabric.sdk.Channel.sendProposalToPeers(Channel.java:4525)
	at org.hyperledger.fabric.sdk.Channel.sendInstallProposal(Channel.java:2948)
	at org.hyperledger.fabric.sdk.HFClient.sendInstallProposal(HFClient.java:671)
	at com.charile.blockchain.proxy.FabricNetworkContainer.installAndInstantiateCC(FabricNetworkContainer.java:410)
	at com.charile.blockchain.proxy.FabricNetworkContainer.init(FabricNetworkContainer.java:119)
	at com.charile.base.AbstractInitOnce.initOnce(AbstractInitOnce.java:27)
	at com.charile.blockchain.proxy.FabricNetworkContainer.<init>(FabricNetworkContainer.java:55)
	at com.charile.blockchain.proxy.FabricNetworkContainer.<init>(FabricNetworkContainer.java:45)
	at com.charile.blockchain.proxy.FabricNetworkContainer$FabricClientProxyFactoryHolder.<clinit>(FabricNetworkContainer.java:79)
	at com.charile.blockchain.proxy.FabricNetworkContainer.getInstance(FabricNetworkContainer.java:86)
	at com.charile.blockchain.proxy.DefaultFabricClientHandler.getClient(DefaultFabricClientHandler.java:174)
	at com.charile.blockchain.proxy.DefaultFabricClientHandler.invokeBlockChain(DefaultFabricClientHandler.java:51)
	at com.charile.blockchain.proxy.FabricNetworkContainerTest.testCreateChannel(FabricNetworkContainerTest.java:29)
	at sun.reflect.NativeMethodAccessorImpl.invoke0(Native Method)
	at sun.reflect.NativeMethodAccessorImpl.invoke(NativeMethodAccessorImpl.java:62)
	at sun.reflect.DelegatingMethodAccessorImpl.invoke(DelegatingMethodAccessorImpl.java:43)
	at java.lang.reflect.Method.invoke(Method.java:498)
	at org.junit.runners.model.FrameworkMethod$1.runReflectiveCall(FrameworkMethod.java:50)
	at org.junit.internal.runners.model.ReflectiveCallable.run(ReflectiveCallable.java:12)
	at org.junit.runners.model.FrameworkMethod.invokeExplosively(FrameworkMethod.java:47)
	at org.junit.internal.runners.statements.InvokeMethod.evaluate(InvokeMethod.java:17)
	at org.junit.runners.ParentRunner.runLeaf(ParentRunner.java:325)
	at org.junit.runners.BlockJUnit4ClassRunner.runChild(BlockJUnit4ClassRunner.java:78)
	at org.junit.runners.BlockJUnit4ClassRunner.runChild(BlockJUnit4ClassRunner.java:57)
	at org.junit.runners.ParentRunner$3.run(ParentRunner.java:290)
	at org.junit.runners.ParentRunner$1.schedule(ParentRunner.java:71)
	at org.junit.runners.ParentRunner.runChildren(ParentRunner.java:288)
	at org.junit.runners.ParentRunner.access$000(ParentRunner.java:58)
	at org.junit.runners.ParentRunner$2.evaluate(ParentRunner.java:268)
	at org.junit.runners.ParentRunner.run(ParentRunner.java:363)
	at org.junit.runner.JUnitCore.run(JUnitCore.java:137)
	at com.intellij.junit4.JUnit4IdeaTestRunner.startRunnerWithArgs(JUnit4IdeaTestRunner.java:68)
	at com.intellij.rt.execution.junit.IdeaTestRunner$Repeater.startRunnerWithArgs(IdeaTestRunner.java:47)
	at com.intellij.rt.execution.junit.JUnitStarter.prepareStreamsAndStart(JUnitStarter.java:242)
	at com.intellij.rt.execution.junit.JUnitStarter.main(JUnitStarter.java:70)
Caused by: io.grpc.StatusRuntimeException: UNKNOWN: access denied: channel [] creator org [Org1MSP]
	at io.grpc.Status.asRuntimeException(Status.java:533)
	at io.grpc.stub.ClientCalls$UnaryStreamToFuture.onClose(ClientCalls.java:490)
	at io.grpc.PartialForwardingClientCallListener.onClose(PartialForwardingClientCallListener.java:39)
	at io.grpc.ForwardingClientCallListener.onClose(ForwardingClientCallListener.java:23)
	at io.grpc.ForwardingClientCallListener$SimpleForwardingClientCallListener.onClose(ForwardingClientCallListener.java:40)
	at io.grpc.internal.CensusStatsModule$StatsClientInterceptor$1$1.onClose(CensusStatsModule.java:700)
	at io.grpc.PartialForwardingClientCallListener.onClose(PartialForwardingClientCallListener.java:39)
	at io.grpc.ForwardingClientCallListener.onClose(ForwardingClientCallListener.java:23)
	at io.grpc.ForwardingClientCallListener$SimpleForwardingClientCallListener.onClose(ForwardingClientCallListener.java:40)
	at io.grpc.internal.CensusTracingModule$TracingClientInterceptor$1$1.onClose(CensusTracingModule.java:399)
	at io.grpc.internal.ClientCallImpl.closeObserver(ClientCallImpl.java:510)
	at io.grpc.internal.ClientCallImpl.access$300(ClientCallImpl.java:66)
	at io.grpc.internal.ClientCallImpl$ClientStreamListenerImpl.close(ClientCallImpl.java:630)
	at io.grpc.internal.ClientCallImpl$ClientStreamListenerImpl.access$700(ClientCallImpl.java:518)
	at io.grpc.internal.ClientCallImpl$ClientStreamListenerImpl$1StreamClosed.runInternal(ClientCallImpl.java:692)
	at io.grpc.internal.ClientCallImpl$ClientStreamListenerImpl$1StreamClosed.runInContext(ClientCallImpl.java:681)
	at io.grpc.internal.ContextRunnable.run(ContextRunnable.java:37)
	at io.grpc.internal.SerializingExecutor.run(SerializingExecutor.java:123)
	at java.util.concurrent.ThreadPoolExecutor.runWorker(ThreadPoolExecutor.java:1149)
	at java.util.concurrent.ThreadPoolExecutor$Worker.run(ThreadPoolExecutor.java:624)
	at java.lang.Thread.run(Thread.java:748)
2020-10-25 17:38:59 下午 [Thread: main][ Class:org.hyperledger.fabric.sdk.Channel Method: org.hyperledger.fabric.sdk.Channel.sendProposalToPeers(Channel.java:4525) ]
ERROR:Channel Channel{id: 49, name: } Sending proposal with transaction: bfe08f65dfc08fb8df3692dc712804de7c3217b4cef0dd93d70308a39d799345 to Peer{ id: 16, name: peer0.org2.com, channelName: demochannel, url: grpcs://47.103.60.250:12051} failed because of: gRPC failure=Status{code=UNKNOWN, description=access denied: channel [] creator org [Org1MSP], cause=null}
java.lang.Exception: io.grpc.StatusRuntimeException: UNKNOWN: access denied: channel [] creator org [Org1MSP]
	at org.hyperledger.fabric.sdk.Channel.sendProposalToPeers(Channel.java:4525)
	at org.hyperledger.fabric.sdk.Channel.sendInstallProposal(Channel.java:2948)
	at org.hyperledger.fabric.sdk.HFClient.sendInstallProposal(HFClient.java:671)
	at com.charile.blockchain.proxy.FabricNetworkContainer.installAndInstantiateCC(FabricNetworkContainer.java:410)
	at com.charile.blockchain.proxy.FabricNetworkContainer.init(FabricNetworkContainer.java:119)
	at com.charile.base.AbstractInitOnce.initOnce(AbstractInitOnce.java:27)
	at com.charile.blockchain.proxy.FabricNetworkContainer.<init>(FabricNetworkContainer.java:55)
	at com.charile.blockchain.proxy.FabricNetworkContainer.<init>(FabricNetworkContainer.java:45)
	at com.charile.blockchain.proxy.FabricNetworkContainer$FabricClientProxyFactoryHolder.<clinit>(FabricNetworkContainer.java:79)
	at com.charile.blockchain.proxy.FabricNetworkContainer.getInstance(FabricNetworkContainer.java:86)
	at com.charile.blockchain.proxy.DefaultFabricClientHandler.getClient(DefaultFabricClientHandler.java:174)
	at com.charile.blockchain.proxy.DefaultFabricClientHandler.invokeBlockChain(DefaultFabricClientHandler.java:51)
	at com.charile.blockchain.proxy.FabricNetworkContainerTest.testCreateChannel(FabricNetworkContainerTest.java:29)
	at sun.reflect.NativeMethodAccessorImpl.invoke0(Native Method)
	at sun.reflect.NativeMethodAccessorImpl.invoke(NativeMethodAccessorImpl.java:62)
	at sun.reflect.DelegatingMethodAccessorImpl.invoke(DelegatingMethodAccessorImpl.java:43)
	at java.lang.reflect.Method.invoke(Method.java:498)
	at org.junit.runners.model.FrameworkMethod$1.runReflectiveCall(FrameworkMethod.java:50)
	at org.junit.internal.runners.model.ReflectiveCallable.run(ReflectiveCallable.java:12)
	at org.junit.runners.model.FrameworkMethod.invokeExplosively(FrameworkMethod.java:47)
	at org.junit.internal.runners.statements.InvokeMethod.evaluate(InvokeMethod.java:17)
	at org.junit.runners.ParentRunner.runLeaf(ParentRunner.java:325)
	at org.junit.runners.BlockJUnit4ClassRunner.runChild(BlockJUnit4ClassRunner.java:78)
	at org.junit.runners.BlockJUnit4ClassRunner.runChild(BlockJUnit4ClassRunner.java:57)
	at org.junit.runners.ParentRunner$3.run(ParentRunner.java:290)
	at org.junit.runners.ParentRunner$1.schedule(ParentRunner.java:71)
	at org.junit.runners.ParentRunner.runChildren(ParentRunner.java:288)
	at org.junit.runners.ParentRunner.access$000(ParentRunner.java:58)
	at org.junit.runners.ParentRunner$2.evaluate(ParentRunner.java:268)
	at org.junit.runners.ParentRunner.run(ParentRunner.java:363)
	at org.junit.runner.JUnitCore.run(JUnitCore.java:137)
	at com.intellij.junit4.JUnit4IdeaTestRunner.startRunnerWithArgs(JUnit4IdeaTestRunner.java:68)
	at com.intellij.rt.execution.junit.IdeaTestRunner$Repeater.startRunnerWithArgs(IdeaTestRunner.java:47)
	at com.intellij.rt.execution.junit.JUnitStarter.prepareStreamsAndStart(JUnitStarter.java:242)
	at com.intellij.rt.execution.junit.JUnitStarter.main(JUnitStarter.java:70)
Caused by: io.grpc.StatusRuntimeException: UNKNOWN: access denied: channel [] creator org [Org1MSP]
	at io.grpc.Status.asRuntimeException(Status.java:533)
	at io.grpc.stub.ClientCalls$UnaryStreamToFuture.onClose(ClientCalls.java:490)
	at io.grpc.PartialForwardingClientCallListener.onClose(PartialForwardingClientCallListener.java:39)
	at io.grpc.ForwardingClientCallListener.onClose(ForwardingClientCallListener.java:23)
	at io.grpc.ForwardingClientCallListener$SimpleForwardingClientCallListener.onClose(ForwardingClientCallListener.java:40)
	at io.grpc.internal.CensusStatsModule$StatsClientInterceptor$1$1.onClose(CensusStatsModule.java:700)
	at io.grpc.PartialForwardingClientCallListener.onClose(PartialForwardingClientCallListener.java:39)
	at io.grpc.ForwardingClientCallListener.onClose(ForwardingClientCallListener.java:23)
	at io.grpc.ForwardingClientCallListener$SimpleForwardingClientCallListener.onClose(ForwardingClientCallListener.java:40)
	at io.grpc.internal.CensusTracingModule$TracingClientInterceptor$1$1.onClose(CensusTracingModule.java:399)
	at io.grpc.internal.ClientCallImpl.closeObserver(ClientCallImpl.java:510)
	at io.grpc.internal.ClientCallImpl.access$300(ClientCallImpl.java:66)
	at io.grpc.internal.ClientCallImpl$ClientStreamListenerImpl.close(ClientCallImpl.java:630)
	at io.grpc.internal.ClientCallImpl$ClientStreamListenerImpl.access$700(ClientCallImpl.java:518)
	at io.grpc.internal.ClientCallImpl$ClientStreamListenerImpl$1StreamClosed.runInternal(ClientCallImpl.java:692)
	at io.grpc.internal.ClientCallImpl$ClientStreamListenerImpl$1StreamClosed.runInContext(ClientCallImpl.java:681)
	at io.grpc.internal.ContextRunnable.run(ContextRunnable.java:37)
	at io.grpc.internal.SerializingExecutor.run(SerializingExecutor.java:123)
	at java.util.concurrent.ThreadPoolExecutor.runWorker(ThreadPoolExecutor.java:1149)
	at java.util.concurrent.ThreadPoolExecutor$Worker.run(ThreadPoolExecutor.java:624)
	at java.lang.Thread.run(Thread.java:748)
