2020-10-24 19:10:16 下午 [Thread: main][ Class:org.hyperledger.fabric.sdk.HFClient Method: org.hyperledger.fabric.sdk.HFClient.queryChannels(HFClient.java:578) ]
ERROR:queryChannels for peer peer0.org1.com failed.Query for peer  channels failed. null
org.hyperledger.fabric.sdk.exception.ProposalException: Query for peer  channels failed. null
	at org.hyperledger.fabric.sdk.Channel.queryChannels(Channel.java:3717)
	at org.hyperledger.fabric.sdk.HFClient.queryChannels(HFClient.java:574)
	at com.charile.blockchain.proxy.FabricNetworkContainer.initlizeNetwork(FabricNetworkContainer.java:129)
	at com.charile.blockchain.proxy.FabricNetworkContainer.init(FabricNetworkContainer.java:76)
	at com.charile.base.AbstractInitOnce.initOnce(AbstractInitOnce.java:27)
	at com.charile.blockchain.proxy.FabricNetworkContainer.<init>(FabricNetworkContainer.java:43)
	at com.charile.blockchain.proxy.FabricNetworkContainer.<init>(FabricNetworkContainer.java:33)
	at com.charile.blockchain.proxy.FabricNetworkContainer$FabricClientProxyFactoryHolder.<clinit>(FabricNetworkContainer.java:54)
	at com.charile.blockchain.proxy.FabricNetworkContainer.getInstance(FabricNetworkContainer.java:61)
	at com.charile.blockchain.proxy.FabricNetworkContainerTest.testCreateChannel(FabricNetworkContainerTest.java:19)
	at sun.reflect.NativeMethodAccessorImpl.invoke0(Native Method)
	at sun.reflect.NativeMethodAccessorImpl.invoke(NativeMethodAccessorImpl.java:62)
	at sun.reflect.DelegatingMethodAccessorImpl.invoke(DelegatingMethodAccessorImpl.java:43)
	at java.lang.reflect.Method.invoke(Method.java:498)
	at org.junit.runners.model.FrameworkMethod$1.runReflectiveCall(FrameworkMethod.java:50)
	at org.junit.internal.runners.model.ReflectiveCallable.run(ReflectiveCallable.java:12)
	at org.junit.runners.model.FrameworkMethod.invokeExplosively(FrameworkMethod.java:47)
	at org.junit.internal.runners.statements.InvokeMethod.evaluate(InvokeMethod.java:17)
	at org.junit.runners.ParentRunner.runLeaf(ParentRunner.java:325)
	at org.junit.runners.BlockJUnit4ClassRunner.runChild(BlockJUnit4ClassRunner.java:78)
	at org.junit.runners.BlockJUnit4ClassRunner.runChild(BlockJUnit4ClassRunner.java:57)
	at org.junit.runners.ParentRunner$3.run(ParentRunner.java:290)
	at org.junit.runners.ParentRunner$1.schedule(ParentRunner.java:71)
	at org.junit.runners.ParentRunner.runChildren(ParentRunner.java:288)
	at org.junit.runners.ParentRunner.access$000(ParentRunner.java:58)
	at org.junit.runners.ParentRunner$2.evaluate(ParentRunner.java:268)
	at org.junit.runners.ParentRunner.run(ParentRunner.java:363)
	at org.junit.runner.JUnitCore.run(JUnitCore.java:137)
	at com.intellij.junit4.JUnit4IdeaTestRunner.startRunnerWithArgs(JUnit4IdeaTestRunner.java:68)
	at com.intellij.rt.execution.junit.IdeaTestRunner$Repeater.startRunnerWithArgs(IdeaTestRunner.java:47)
	at com.intellij.rt.execution.junit.JUnitStarter.prepareStreamsAndStart(JUnitStarter.java:242)
	at com.intellij.rt.execution.junit.JUnitStarter.main(JUnitStarter.java:70)
Caused by: java.lang.NullPointerException
	at org.hyperledger.fabric.sdk.security.CryptoPrimitives.certificateToDER(CryptoPrimitives.java:976)
	at org.hyperledger.fabric.sdk.transaction.ProtoUtils.getSignatureHeaderAsByteString(ProtoUtils.java:217)
	at org.hyperledger.fabric.sdk.transaction.ProtoUtils.getSignatureHeaderAsByteString(ProtoUtils.java:191)
	at org.hyperledger.fabric.sdk.transaction.ProposalBuilder.createFabricProposal(ProposalBuilder.java:156)
	at org.hyperledger.fabric.sdk.transaction.ProposalBuilder.build(ProposalBuilder.java:114)
	at org.hyperledger.fabric.sdk.transaction.CSCCProposalBuilder.build(CSCCProposalBuilder.java:41)
	at org.hyperledger.fabric.sdk.Channel.queryChannels(Channel.java:3666)
	... 31 more
2020-10-24 19:14:32 下午 [Thread: main][ Class:org.hyperledger.fabric.sdk.HFClient Method: org.hyperledger.fabric.sdk.HFClient.queryChannels(HFClient.java:578) ]
ERROR:queryChannels for peer peer0.org1.com failed.Query for peer  channels failed. null
org.hyperledger.fabric.sdk.exception.ProposalException: Query for peer  channels failed. null
	at org.hyperledger.fabric.sdk.Channel.queryChannels(Channel.java:3717)
	at org.hyperledger.fabric.sdk.HFClient.queryChannels(HFClient.java:574)
	at com.charile.blockchain.proxy.FabricNetworkContainer.initlizeNetwork(FabricNetworkContainer.java:129)
	at com.charile.blockchain.proxy.FabricNetworkContainer.init(FabricNetworkContainer.java:76)
	at com.charile.base.AbstractInitOnce.initOnce(AbstractInitOnce.java:27)
	at com.charile.blockchain.proxy.FabricNetworkContainer.<init>(FabricNetworkContainer.java:43)
	at com.charile.blockchain.proxy.FabricNetworkContainer.<init>(FabricNetworkContainer.java:33)
	at com.charile.blockchain.proxy.FabricNetworkContainer$FabricClientProxyFactoryHolder.<clinit>(FabricNetworkContainer.java:54)
	at com.charile.blockchain.proxy.FabricNetworkContainer.getInstance(FabricNetworkContainer.java:61)
	at com.charile.blockchain.proxy.FabricNetworkContainerTest.testCreateChannel(FabricNetworkContainerTest.java:19)
	at sun.reflect.NativeMethodAccessorImpl.invoke0(Native Method)
	at sun.reflect.NativeMethodAccessorImpl.invoke(NativeMethodAccessorImpl.java:62)
	at sun.reflect.DelegatingMethodAccessorImpl.invoke(DelegatingMethodAccessorImpl.java:43)
	at java.lang.reflect.Method.invoke(Method.java:498)
	at org.junit.runners.model.FrameworkMethod$1.runReflectiveCall(FrameworkMethod.java:50)
	at org.junit.internal.runners.model.ReflectiveCallable.run(ReflectiveCallable.java:12)
	at org.junit.runners.model.FrameworkMethod.invokeExplosively(FrameworkMethod.java:47)
	at org.junit.internal.runners.statements.InvokeMethod.evaluate(InvokeMethod.java:17)
	at org.junit.runners.ParentRunner.runLeaf(ParentRunner.java:325)
	at org.junit.runners.BlockJUnit4ClassRunner.runChild(BlockJUnit4ClassRunner.java:78)
	at org.junit.runners.BlockJUnit4ClassRunner.runChild(BlockJUnit4ClassRunner.java:57)
	at org.junit.runners.ParentRunner$3.run(ParentRunner.java:290)
	at org.junit.runners.ParentRunner$1.schedule(ParentRunner.java:71)
	at org.junit.runners.ParentRunner.runChildren(ParentRunner.java:288)
	at org.junit.runners.ParentRunner.access$000(ParentRunner.java:58)
	at org.junit.runners.ParentRunner$2.evaluate(ParentRunner.java:268)
	at org.junit.runners.ParentRunner.run(ParentRunner.java:363)
	at org.junit.runner.JUnitCore.run(JUnitCore.java:137)
	at com.intellij.junit4.JUnit4IdeaTestRunner.startRunnerWithArgs(JUnit4IdeaTestRunner.java:68)
	at com.intellij.rt.execution.junit.IdeaTestRunner$Repeater.startRunnerWithArgs(IdeaTestRunner.java:47)
	at com.intellij.rt.execution.junit.JUnitStarter.prepareStreamsAndStart(JUnitStarter.java:242)
	at com.intellij.rt.execution.junit.JUnitStarter.main(JUnitStarter.java:70)
Caused by: java.lang.NullPointerException
	at org.hyperledger.fabric.sdk.security.CryptoPrimitives.certificateToDER(CryptoPrimitives.java:976)
	at org.hyperledger.fabric.sdk.transaction.ProtoUtils.getSignatureHeaderAsByteString(ProtoUtils.java:217)
	at org.hyperledger.fabric.sdk.transaction.ProtoUtils.getSignatureHeaderAsByteString(ProtoUtils.java:191)
	at org.hyperledger.fabric.sdk.transaction.ProposalBuilder.createFabricProposal(ProposalBuilder.java:156)
	at org.hyperledger.fabric.sdk.transaction.ProposalBuilder.build(ProposalBuilder.java:114)
	at org.hyperledger.fabric.sdk.transaction.CSCCProposalBuilder.build(CSCCProposalBuilder.java:41)
	at org.hyperledger.fabric.sdk.Channel.queryChannels(Channel.java:3666)
	... 31 more
2020-10-24 19:15:31 下午 [Thread: main][ Class:org.hyperledger.fabric.sdk.HFClient Method: org.hyperledger.fabric.sdk.HFClient.queryChannels(HFClient.java:578) ]
ERROR:queryChannels for peer peer0.org1.com failed.Query for peer  channels failed. null
org.hyperledger.fabric.sdk.exception.ProposalException: Query for peer  channels failed. null
	at org.hyperledger.fabric.sdk.Channel.queryChannels(Channel.java:3717)
	at org.hyperledger.fabric.sdk.HFClient.queryChannels(HFClient.java:574)
	at com.charile.blockchain.proxy.FabricNetworkContainer.initlizeNetwork(FabricNetworkContainer.java:129)
	at com.charile.blockchain.proxy.FabricNetworkContainer.init(FabricNetworkContainer.java:76)
	at com.charile.base.AbstractInitOnce.initOnce(AbstractInitOnce.java:27)
	at com.charile.blockchain.proxy.FabricNetworkContainer.<init>(FabricNetworkContainer.java:43)
	at com.charile.blockchain.proxy.FabricNetworkContainer.<init>(FabricNetworkContainer.java:33)
	at com.charile.blockchain.proxy.FabricNetworkContainer$FabricClientProxyFactoryHolder.<clinit>(FabricNetworkContainer.java:54)
	at com.charile.blockchain.proxy.FabricNetworkContainer.getInstance(FabricNetworkContainer.java:61)
	at com.charile.blockchain.proxy.FabricNetworkContainerTest.testCreateChannel(FabricNetworkContainerTest.java:19)
	at sun.reflect.NativeMethodAccessorImpl.invoke0(Native Method)
	at sun.reflect.NativeMethodAccessorImpl.invoke(NativeMethodAccessorImpl.java:62)
	at sun.reflect.DelegatingMethodAccessorImpl.invoke(DelegatingMethodAccessorImpl.java:43)
	at java.lang.reflect.Method.invoke(Method.java:498)
	at org.junit.runners.model.FrameworkMethod$1.runReflectiveCall(FrameworkMethod.java:50)
	at org.junit.internal.runners.model.ReflectiveCallable.run(ReflectiveCallable.java:12)
	at org.junit.runners.model.FrameworkMethod.invokeExplosively(FrameworkMethod.java:47)
	at org.junit.internal.runners.statements.InvokeMethod.evaluate(InvokeMethod.java:17)
	at org.junit.runners.ParentRunner.runLeaf(ParentRunner.java:325)
	at org.junit.runners.BlockJUnit4ClassRunner.runChild(BlockJUnit4ClassRunner.java:78)
	at org.junit.runners.BlockJUnit4ClassRunner.runChild(BlockJUnit4ClassRunner.java:57)
	at org.junit.runners.ParentRunner$3.run(ParentRunner.java:290)
	at org.junit.runners.ParentRunner$1.schedule(ParentRunner.java:71)
	at org.junit.runners.ParentRunner.runChildren(ParentRunner.java:288)
	at org.junit.runners.ParentRunner.access$000(ParentRunner.java:58)
	at org.junit.runners.ParentRunner$2.evaluate(ParentRunner.java:268)
	at org.junit.runners.ParentRunner.run(ParentRunner.java:363)
	at org.junit.runner.JUnitCore.run(JUnitCore.java:137)
	at com.intellij.junit4.JUnit4IdeaTestRunner.startRunnerWithArgs(JUnit4IdeaTestRunner.java:68)
	at com.intellij.rt.execution.junit.IdeaTestRunner$Repeater.startRunnerWithArgs(IdeaTestRunner.java:47)
	at com.intellij.rt.execution.junit.JUnitStarter.prepareStreamsAndStart(JUnitStarter.java:242)
	at com.intellij.rt.execution.junit.JUnitStarter.main(JUnitStarter.java:70)
Caused by: java.lang.NullPointerException
	at org.hyperledger.fabric.sdk.security.CryptoPrimitives.certificateToDER(CryptoPrimitives.java:976)
	at org.hyperledger.fabric.sdk.transaction.ProtoUtils.getSignatureHeaderAsByteString(ProtoUtils.java:217)
	at org.hyperledger.fabric.sdk.transaction.ProtoUtils.getSignatureHeaderAsByteString(ProtoUtils.java:191)
	at org.hyperledger.fabric.sdk.transaction.ProposalBuilder.createFabricProposal(ProposalBuilder.java:156)
	at org.hyperledger.fabric.sdk.transaction.ProposalBuilder.build(ProposalBuilder.java:114)
	at org.hyperledger.fabric.sdk.transaction.CSCCProposalBuilder.build(CSCCProposalBuilder.java:41)
	at org.hyperledger.fabric.sdk.Channel.queryChannels(Channel.java:3666)
	... 31 more
2020-10-24 19:15:56 下午 [Thread: main][ Class:org.hyperledger.fabric.sdk.HFClient Method: org.hyperledger.fabric.sdk.HFClient.queryChannels(HFClient.java:578) ]
ERROR:queryChannels for peer peer0.org1.com failed.Query for peer  channels failed. null
org.hyperledger.fabric.sdk.exception.ProposalException: Query for peer  channels failed. null
	at org.hyperledger.fabric.sdk.Channel.queryChannels(Channel.java:3717)
	at org.hyperledger.fabric.sdk.HFClient.queryChannels(HFClient.java:574)
	at com.charile.blockchain.proxy.FabricNetworkContainer.initlizeNetwork(FabricNetworkContainer.java:129)
	at com.charile.blockchain.proxy.FabricNetworkContainer.init(FabricNetworkContainer.java:76)
	at com.charile.base.AbstractInitOnce.initOnce(AbstractInitOnce.java:27)
	at com.charile.blockchain.proxy.FabricNetworkContainer.<init>(FabricNetworkContainer.java:43)
	at com.charile.blockchain.proxy.FabricNetworkContainer.<init>(FabricNetworkContainer.java:33)
	at com.charile.blockchain.proxy.FabricNetworkContainer$FabricClientProxyFactoryHolder.<clinit>(FabricNetworkContainer.java:54)
	at com.charile.blockchain.proxy.FabricNetworkContainer.getInstance(FabricNetworkContainer.java:61)
	at com.charile.blockchain.proxy.FabricNetworkContainerTest.testCreateChannel(FabricNetworkContainerTest.java:19)
	at sun.reflect.NativeMethodAccessorImpl.invoke0(Native Method)
	at sun.reflect.NativeMethodAccessorImpl.invoke(NativeMethodAccessorImpl.java:62)
	at sun.reflect.DelegatingMethodAccessorImpl.invoke(DelegatingMethodAccessorImpl.java:43)
	at java.lang.reflect.Method.invoke(Method.java:498)
	at org.junit.runners.model.FrameworkMethod$1.runReflectiveCall(FrameworkMethod.java:50)
	at org.junit.internal.runners.model.ReflectiveCallable.run(ReflectiveCallable.java:12)
	at org.junit.runners.model.FrameworkMethod.invokeExplosively(FrameworkMethod.java:47)
	at org.junit.internal.runners.statements.InvokeMethod.evaluate(InvokeMethod.java:17)
	at org.junit.runners.ParentRunner.runLeaf(ParentRunner.java:325)
	at org.junit.runners.BlockJUnit4ClassRunner.runChild(BlockJUnit4ClassRunner.java:78)
	at org.junit.runners.BlockJUnit4ClassRunner.runChild(BlockJUnit4ClassRunner.java:57)
	at org.junit.runners.ParentRunner$3.run(ParentRunner.java:290)
	at org.junit.runners.ParentRunner$1.schedule(ParentRunner.java:71)
	at org.junit.runners.ParentRunner.runChildren(ParentRunner.java:288)
	at org.junit.runners.ParentRunner.access$000(ParentRunner.java:58)
	at org.junit.runners.ParentRunner$2.evaluate(ParentRunner.java:268)
	at org.junit.runners.ParentRunner.run(ParentRunner.java:363)
	at org.junit.runner.JUnitCore.run(JUnitCore.java:137)
	at com.intellij.junit4.JUnit4IdeaTestRunner.startRunnerWithArgs(JUnit4IdeaTestRunner.java:68)
	at com.intellij.rt.execution.junit.IdeaTestRunner$Repeater.startRunnerWithArgs(IdeaTestRunner.java:47)
	at com.intellij.rt.execution.junit.JUnitStarter.prepareStreamsAndStart(JUnitStarter.java:242)
	at com.intellij.rt.execution.junit.JUnitStarter.main(JUnitStarter.java:70)
Caused by: java.lang.NullPointerException
	at org.hyperledger.fabric.sdk.security.CryptoPrimitives.certificateToDER(CryptoPrimitives.java:976)
	at org.hyperledger.fabric.sdk.transaction.ProtoUtils.getSignatureHeaderAsByteString(ProtoUtils.java:217)
	at org.hyperledger.fabric.sdk.transaction.ProtoUtils.getSignatureHeaderAsByteString(ProtoUtils.java:191)
	at org.hyperledger.fabric.sdk.transaction.ProposalBuilder.createFabricProposal(ProposalBuilder.java:156)
	at org.hyperledger.fabric.sdk.transaction.ProposalBuilder.build(ProposalBuilder.java:114)
	at org.hyperledger.fabric.sdk.transaction.CSCCProposalBuilder.build(CSCCProposalBuilder.java:41)
	at org.hyperledger.fabric.sdk.Channel.queryChannels(Channel.java:3666)
	... 31 more
2020-10-24 19:29:41 下午 [Thread: main][ Class:org.hyperledger.fabric.sdk.HFClient Method: org.hyperledger.fabric.sdk.HFClient.queryChannels(HFClient.java:578) ]
ERROR:queryChannels for peer peer0.org1.com failed.Query for peer  channels failed. null
org.hyperledger.fabric.sdk.exception.ProposalException: Query for peer  channels failed. null
	at org.hyperledger.fabric.sdk.Channel.queryChannels(Channel.java:3717)
	at org.hyperledger.fabric.sdk.HFClient.queryChannels(HFClient.java:574)
	at com.charile.blockchain.proxy.FabricNetworkContainer.initlizeNetwork(FabricNetworkContainer.java:129)
	at com.charile.blockchain.proxy.FabricNetworkContainer.init(FabricNetworkContainer.java:76)
	at com.charile.base.AbstractInitOnce.initOnce(AbstractInitOnce.java:27)
	at com.charile.blockchain.proxy.FabricNetworkContainer.<init>(FabricNetworkContainer.java:43)
	at com.charile.blockchain.proxy.FabricNetworkContainer.<init>(FabricNetworkContainer.java:33)
	at com.charile.blockchain.proxy.FabricNetworkContainer$FabricClientProxyFactoryHolder.<clinit>(FabricNetworkContainer.java:54)
	at com.charile.blockchain.proxy.FabricNetworkContainer.getInstance(FabricNetworkContainer.java:61)
	at com.charile.blockchain.proxy.FabricNetworkContainerTest.testCreateChannel(FabricNetworkContainerTest.java:19)
	at sun.reflect.NativeMethodAccessorImpl.invoke0(Native Method)
	at sun.reflect.NativeMethodAccessorImpl.invoke(NativeMethodAccessorImpl.java:62)
	at sun.reflect.DelegatingMethodAccessorImpl.invoke(DelegatingMethodAccessorImpl.java:43)
	at java.lang.reflect.Method.invoke(Method.java:498)
	at org.junit.runners.model.FrameworkMethod$1.runReflectiveCall(FrameworkMethod.java:50)
	at org.junit.internal.runners.model.ReflectiveCallable.run(ReflectiveCallable.java:12)
	at org.junit.runners.model.FrameworkMethod.invokeExplosively(FrameworkMethod.java:47)
	at org.junit.internal.runners.statements.InvokeMethod.evaluate(InvokeMethod.java:17)
	at org.junit.runners.ParentRunner.runLeaf(ParentRunner.java:325)
	at org.junit.runners.BlockJUnit4ClassRunner.runChild(BlockJUnit4ClassRunner.java:78)
	at org.junit.runners.BlockJUnit4ClassRunner.runChild(BlockJUnit4ClassRunner.java:57)
	at org.junit.runners.ParentRunner$3.run(ParentRunner.java:290)
	at org.junit.runners.ParentRunner$1.schedule(ParentRunner.java:71)
	at org.junit.runners.ParentRunner.runChildren(ParentRunner.java:288)
	at org.junit.runners.ParentRunner.access$000(ParentRunner.java:58)
	at org.junit.runners.ParentRunner$2.evaluate(ParentRunner.java:268)
	at org.junit.runners.ParentRunner.run(ParentRunner.java:363)
	at org.junit.runner.JUnitCore.run(JUnitCore.java:137)
	at com.intellij.junit4.JUnit4IdeaTestRunner.startRunnerWithArgs(JUnit4IdeaTestRunner.java:68)
	at com.intellij.rt.execution.junit.IdeaTestRunner$Repeater.startRunnerWithArgs(IdeaTestRunner.java:47)
	at com.intellij.rt.execution.junit.JUnitStarter.prepareStreamsAndStart(JUnitStarter.java:242)
	at com.intellij.rt.execution.junit.JUnitStarter.main(JUnitStarter.java:70)
Caused by: java.lang.NullPointerException
	at org.hyperledger.fabric.sdk.security.CryptoPrimitives.certificateToDER(CryptoPrimitives.java:976)
	at org.hyperledger.fabric.sdk.transaction.ProtoUtils.getSignatureHeaderAsByteString(ProtoUtils.java:217)
	at org.hyperledger.fabric.sdk.transaction.ProtoUtils.getSignatureHeaderAsByteString(ProtoUtils.java:191)
	at org.hyperledger.fabric.sdk.transaction.ProposalBuilder.createFabricProposal(ProposalBuilder.java:156)
	at org.hyperledger.fabric.sdk.transaction.ProposalBuilder.build(ProposalBuilder.java:114)
	at org.hyperledger.fabric.sdk.transaction.CSCCProposalBuilder.build(CSCCProposalBuilder.java:41)
	at org.hyperledger.fabric.sdk.Channel.queryChannels(Channel.java:3666)
	... 31 more
2020-10-24 19:30:48 下午 [Thread: main][ Class:org.hyperledger.fabric.sdk.HFClient Method: org.hyperledger.fabric.sdk.HFClient.queryChannels(HFClient.java:578) ]
ERROR:queryChannels for peer peer0.org1.com failed.Query for peer  channels failed. null
org.hyperledger.fabric.sdk.exception.ProposalException: Query for peer  channels failed. null
	at org.hyperledger.fabric.sdk.Channel.queryChannels(Channel.java:3717)
	at org.hyperledger.fabric.sdk.HFClient.queryChannels(HFClient.java:574)
	at com.charile.blockchain.proxy.FabricNetworkContainer.initlizeNetwork(FabricNetworkContainer.java:129)
	at com.charile.blockchain.proxy.FabricNetworkContainer.init(FabricNetworkContainer.java:76)
	at com.charile.base.AbstractInitOnce.initOnce(AbstractInitOnce.java:27)
	at com.charile.blockchain.proxy.FabricNetworkContainer.<init>(FabricNetworkContainer.java:43)
	at com.charile.blockchain.proxy.FabricNetworkContainer.<init>(FabricNetworkContainer.java:33)
	at com.charile.blockchain.proxy.FabricNetworkContainer$FabricClientProxyFactoryHolder.<clinit>(FabricNetworkContainer.java:54)
	at com.charile.blockchain.proxy.FabricNetworkContainer.getInstance(FabricNetworkContainer.java:61)
	at com.charile.blockchain.proxy.FabricNetworkContainerTest.testCreateChannel(FabricNetworkContainerTest.java:19)
	at sun.reflect.NativeMethodAccessorImpl.invoke0(Native Method)
	at sun.reflect.NativeMethodAccessorImpl.invoke(NativeMethodAccessorImpl.java:62)
	at sun.reflect.DelegatingMethodAccessorImpl.invoke(DelegatingMethodAccessorImpl.java:43)
	at java.lang.reflect.Method.invoke(Method.java:498)
	at org.junit.runners.model.FrameworkMethod$1.runReflectiveCall(FrameworkMethod.java:50)
	at org.junit.internal.runners.model.ReflectiveCallable.run(ReflectiveCallable.java:12)
	at org.junit.runners.model.FrameworkMethod.invokeExplosively(FrameworkMethod.java:47)
	at org.junit.internal.runners.statements.InvokeMethod.evaluate(InvokeMethod.java:17)
	at org.junit.runners.ParentRunner.runLeaf(ParentRunner.java:325)
	at org.junit.runners.BlockJUnit4ClassRunner.runChild(BlockJUnit4ClassRunner.java:78)
	at org.junit.runners.BlockJUnit4ClassRunner.runChild(BlockJUnit4ClassRunner.java:57)
	at org.junit.runners.ParentRunner$3.run(ParentRunner.java:290)
	at org.junit.runners.ParentRunner$1.schedule(ParentRunner.java:71)
	at org.junit.runners.ParentRunner.runChildren(ParentRunner.java:288)
	at org.junit.runners.ParentRunner.access$000(ParentRunner.java:58)
	at org.junit.runners.ParentRunner$2.evaluate(ParentRunner.java:268)
	at org.junit.runners.ParentRunner.run(ParentRunner.java:363)
	at org.junit.runner.JUnitCore.run(JUnitCore.java:137)
	at com.intellij.junit4.JUnit4IdeaTestRunner.startRunnerWithArgs(JUnit4IdeaTestRunner.java:68)
	at com.intellij.rt.execution.junit.IdeaTestRunner$Repeater.startRunnerWithArgs(IdeaTestRunner.java:47)
	at com.intellij.rt.execution.junit.JUnitStarter.prepareStreamsAndStart(JUnitStarter.java:242)
	at com.intellij.rt.execution.junit.JUnitStarter.main(JUnitStarter.java:70)
Caused by: java.lang.NullPointerException
	at org.hyperledger.fabric.sdk.security.CryptoPrimitives.certificateToDER(CryptoPrimitives.java:976)
	at org.hyperledger.fabric.sdk.transaction.ProtoUtils.getSignatureHeaderAsByteString(ProtoUtils.java:217)
	at org.hyperledger.fabric.sdk.transaction.ProtoUtils.getSignatureHeaderAsByteString(ProtoUtils.java:191)
	at org.hyperledger.fabric.sdk.transaction.ProposalBuilder.createFabricProposal(ProposalBuilder.java:156)
	at org.hyperledger.fabric.sdk.transaction.ProposalBuilder.build(ProposalBuilder.java:114)
	at org.hyperledger.fabric.sdk.transaction.CSCCProposalBuilder.build(CSCCProposalBuilder.java:41)
	at org.hyperledger.fabric.sdk.Channel.queryChannels(Channel.java:3666)
	... 31 more
2020-10-24 19:34:44 下午 [Thread: main][ Class:org.hyperledger.fabric.sdk.Channel Method: org.hyperledger.fabric.sdk.Channel.sendProposalToPeers(Channel.java:4525) ]
ERROR:Channel Channel{id: 3, name: } Sending proposal with transaction: c3ee97402e8c3b5d75cd17411957267116908774c05625975af9eb81753b1f9f to Peer{ id: 2, name: peer0.org1.com, channelName: null, url: grpcs://127.0.0.1:11051} failed because of: gRPC failure=Status{code=UNKNOWN, description=access denied: channel [] creator org [Admin], cause=null}
java.lang.Exception: io.grpc.StatusRuntimeException: UNKNOWN: access denied: channel [] creator org [Admin]
	at org.hyperledger.fabric.sdk.Channel.sendProposalToPeers(Channel.java:4525)
	at org.hyperledger.fabric.sdk.Channel.queryChannels(Channel.java:3669)
	at org.hyperledger.fabric.sdk.HFClient.queryChannels(HFClient.java:574)
	at com.charile.blockchain.proxy.FabricNetworkContainer.initlizeNetwork(FabricNetworkContainer.java:129)
	at com.charile.blockchain.proxy.FabricNetworkContainer.init(FabricNetworkContainer.java:76)
	at com.charile.base.AbstractInitOnce.initOnce(AbstractInitOnce.java:27)
	at com.charile.blockchain.proxy.FabricNetworkContainer.<init>(FabricNetworkContainer.java:43)
	at com.charile.blockchain.proxy.FabricNetworkContainer.<init>(FabricNetworkContainer.java:33)
	at com.charile.blockchain.proxy.FabricNetworkContainer$FabricClientProxyFactoryHolder.<clinit>(FabricNetworkContainer.java:54)
	at com.charile.blockchain.proxy.FabricNetworkContainer.getInstance(FabricNetworkContainer.java:61)
	at com.charile.blockchain.proxy.FabricNetworkContainerTest.testCreateChannel(FabricNetworkContainerTest.java:19)
	at sun.reflect.NativeMethodAccessorImpl.invoke0(Native Method)
	at sun.reflect.NativeMethodAccessorImpl.invoke(NativeMethodAccessorImpl.java:62)
	at sun.reflect.DelegatingMethodAccessorImpl.invoke(DelegatingMethodAccessorImpl.java:43)
	at java.lang.reflect.Method.invoke(Method.java:498)
	at org.junit.runners.model.FrameworkMethod$1.runReflectiveCall(FrameworkMethod.java:50)
	at org.junit.internal.runners.model.ReflectiveCallable.run(ReflectiveCallable.java:12)
	at org.junit.runners.model.FrameworkMethod.invokeExplosively(FrameworkMethod.java:47)
	at org.junit.internal.runners.statements.InvokeMethod.evaluate(InvokeMethod.java:17)
	at org.junit.runners.ParentRunner.runLeaf(ParentRunner.java:325)
	at org.junit.runners.BlockJUnit4ClassRunner.runChild(BlockJUnit4ClassRunner.java:78)
	at org.junit.runners.BlockJUnit4ClassRunner.runChild(BlockJUnit4ClassRunner.java:57)
	at org.junit.runners.ParentRunner$3.run(ParentRunner.java:290)
	at org.junit.runners.ParentRunner$1.schedule(ParentRunner.java:71)
	at org.junit.runners.ParentRunner.runChildren(ParentRunner.java:288)
	at org.junit.runners.ParentRunner.access$000(ParentRunner.java:58)
	at org.junit.runners.ParentRunner$2.evaluate(ParentRunner.java:268)
	at org.junit.runners.ParentRunner.run(ParentRunner.java:363)
	at org.junit.runner.JUnitCore.run(JUnitCore.java:137)
	at com.intellij.junit4.JUnit4IdeaTestRunner.startRunnerWithArgs(JUnit4IdeaTestRunner.java:68)
	at com.intellij.rt.execution.junit.IdeaTestRunner$Repeater.startRunnerWithArgs(IdeaTestRunner.java:47)
	at com.intellij.rt.execution.junit.JUnitStarter.prepareStreamsAndStart(JUnitStarter.java:242)
	at com.intellij.rt.execution.junit.JUnitStarter.main(JUnitStarter.java:70)
Caused by: io.grpc.StatusRuntimeException: UNKNOWN: access denied: channel [] creator org [Admin]
	at io.grpc.Status.asRuntimeException(Status.java:533)
	at io.grpc.stub.ClientCalls$UnaryStreamToFuture.onClose(ClientCalls.java:490)
	at io.grpc.PartialForwardingClientCallListener.onClose(PartialForwardingClientCallListener.java:39)
	at io.grpc.ForwardingClientCallListener.onClose(ForwardingClientCallListener.java:23)
	at io.grpc.ForwardingClientCallListener$SimpleForwardingClientCallListener.onClose(ForwardingClientCallListener.java:40)
	at io.grpc.internal.CensusStatsModule$StatsClientInterceptor$1$1.onClose(CensusStatsModule.java:700)
	at io.grpc.PartialForwardingClientCallListener.onClose(PartialForwardingClientCallListener.java:39)
	at io.grpc.ForwardingClientCallListener.onClose(ForwardingClientCallListener.java:23)
	at io.grpc.ForwardingClientCallListener$SimpleForwardingClientCallListener.onClose(ForwardingClientCallListener.java:40)
	at io.grpc.internal.CensusTracingModule$TracingClientInterceptor$1$1.onClose(CensusTracingModule.java:399)
	at io.grpc.internal.ClientCallImpl.closeObserver(ClientCallImpl.java:510)
	at io.grpc.internal.ClientCallImpl.access$300(ClientCallImpl.java:66)
	at io.grpc.internal.ClientCallImpl$ClientStreamListenerImpl.close(ClientCallImpl.java:630)
	at io.grpc.internal.ClientCallImpl$ClientStreamListenerImpl.access$700(ClientCallImpl.java:518)
	at io.grpc.internal.ClientCallImpl$ClientStreamListenerImpl$1StreamClosed.runInternal(ClientCallImpl.java:692)
	at io.grpc.internal.ClientCallImpl$ClientStreamListenerImpl$1StreamClosed.runInContext(ClientCallImpl.java:681)
	at io.grpc.internal.ContextRunnable.run(ContextRunnable.java:37)
	at io.grpc.internal.SerializingExecutor.run(SerializingExecutor.java:123)
	at java.util.concurrent.ThreadPoolExecutor.runWorker(ThreadPoolExecutor.java:1149)
	at java.util.concurrent.ThreadPoolExecutor$Worker.run(ThreadPoolExecutor.java:624)
	at java.lang.Thread.run(Thread.java:748)
2020-10-24 19:35:01 下午 [Thread: main][ Class:org.hyperledger.fabric.sdk.HFClient Method: org.hyperledger.fabric.sdk.HFClient.queryChannels(HFClient.java:578) ]
ERROR:queryChannels for peer peer0.org1.com failed.Failed exception message is Channel Channel{id: 3, name: } Sending proposal with transaction: c3ee97402e8c3b5d75cd17411957267116908774c05625975af9eb81753b1f9f to Peer{ id: 2, name: peer0.org1.com, channelName: null, url: grpcs://127.0.0.1:11051} failed because of: gRPC failure=Status{code=UNKNOWN, description=access denied: channel [] creator org [Admin], cause=null}, status is 500
org.hyperledger.fabric.sdk.exception.ProposalException: Failed exception message is Channel Channel{id: 3, name: } Sending proposal with transaction: c3ee97402e8c3b5d75cd17411957267116908774c05625975af9eb81753b1f9f to Peer{ id: 2, name: peer0.org1.com, channelName: null, url: grpcs://127.0.0.1:11051} failed because of: gRPC failure=Status{code=UNKNOWN, description=access denied: channel [] creator org [Admin], cause=null}, status is 500
	at org.hyperledger.fabric.sdk.Channel.queryChannels(Channel.java:3682)
	at org.hyperledger.fabric.sdk.HFClient.queryChannels(HFClient.java:574)
	at com.charile.blockchain.proxy.FabricNetworkContainer.initlizeNetwork(FabricNetworkContainer.java:129)
	at com.charile.blockchain.proxy.FabricNetworkContainer.init(FabricNetworkContainer.java:76)
	at com.charile.base.AbstractInitOnce.initOnce(AbstractInitOnce.java:27)
	at com.charile.blockchain.proxy.FabricNetworkContainer.<init>(FabricNetworkContainer.java:43)
	at com.charile.blockchain.proxy.FabricNetworkContainer.<init>(FabricNetworkContainer.java:33)
	at com.charile.blockchain.proxy.FabricNetworkContainer$FabricClientProxyFactoryHolder.<clinit>(FabricNetworkContainer.java:54)
	at com.charile.blockchain.proxy.FabricNetworkContainer.getInstance(FabricNetworkContainer.java:61)
	at com.charile.blockchain.proxy.FabricNetworkContainerTest.testCreateChannel(FabricNetworkContainerTest.java:19)
	at sun.reflect.NativeMethodAccessorImpl.invoke0(Native Method)
	at sun.reflect.NativeMethodAccessorImpl.invoke(NativeMethodAccessorImpl.java:62)
	at sun.reflect.DelegatingMethodAccessorImpl.invoke(DelegatingMethodAccessorImpl.java:43)
	at java.lang.reflect.Method.invoke(Method.java:498)
	at org.junit.runners.model.FrameworkMethod$1.runReflectiveCall(FrameworkMethod.java:50)
	at org.junit.internal.runners.model.ReflectiveCallable.run(ReflectiveCallable.java:12)
	at org.junit.runners.model.FrameworkMethod.invokeExplosively(FrameworkMethod.java:47)
	at org.junit.internal.runners.statements.InvokeMethod.evaluate(InvokeMethod.java:17)
	at org.junit.runners.ParentRunner.runLeaf(ParentRunner.java:325)
	at org.junit.runners.BlockJUnit4ClassRunner.runChild(BlockJUnit4ClassRunner.java:78)
	at org.junit.runners.BlockJUnit4ClassRunner.runChild(BlockJUnit4ClassRunner.java:57)
	at org.junit.runners.ParentRunner$3.run(ParentRunner.java:290)
	at org.junit.runners.ParentRunner$1.schedule(ParentRunner.java:71)
	at org.junit.runners.ParentRunner.runChildren(ParentRunner.java:288)
	at org.junit.runners.ParentRunner.access$000(ParentRunner.java:58)
	at org.junit.runners.ParentRunner$2.evaluate(ParentRunner.java:268)
	at org.junit.runners.ParentRunner.run(ParentRunner.java:363)
	at org.junit.runner.JUnitCore.run(JUnitCore.java:137)
	at com.intellij.junit4.JUnit4IdeaTestRunner.startRunnerWithArgs(JUnit4IdeaTestRunner.java:68)
	at com.intellij.rt.execution.junit.IdeaTestRunner$Repeater.startRunnerWithArgs(IdeaTestRunner.java:47)
	at com.intellij.rt.execution.junit.JUnitStarter.prepareStreamsAndStart(JUnitStarter.java:242)
	at com.intellij.rt.execution.junit.JUnitStarter.main(JUnitStarter.java:70)
2020-10-24 19:38:06 下午 [Thread: main][ Class:org.hyperledger.fabric.sdk.Channel Method: org.hyperledger.fabric.sdk.Channel.sendProposalToPeers(Channel.java:4525) ]
ERROR:Channel Channel{id: 3, name: } Sending proposal with transaction: 168b1b4c2638957fbe7d9eb4f2a36acca85ceb13b8eb74b34a42f73af41dd60a to Peer{ id: 2, name: peer0.org1.com, channelName: null, url: grpcs://127.0.0.1:11051} failed because of: gRPC failure=Status{code=UNKNOWN, description=access denied: channel [] creator org [Admin], cause=null}
java.lang.Exception: io.grpc.StatusRuntimeException: UNKNOWN: access denied: channel [] creator org [Admin]
	at org.hyperledger.fabric.sdk.Channel.sendProposalToPeers(Channel.java:4525)
	at org.hyperledger.fabric.sdk.Channel.queryChannels(Channel.java:3669)
	at org.hyperledger.fabric.sdk.HFClient.queryChannels(HFClient.java:574)
	at com.charile.blockchain.proxy.FabricNetworkContainer.initlizeNetwork(FabricNetworkContainer.java:129)
	at com.charile.blockchain.proxy.FabricNetworkContainer.init(FabricNetworkContainer.java:76)
	at com.charile.base.AbstractInitOnce.initOnce(AbstractInitOnce.java:27)
	at com.charile.blockchain.proxy.FabricNetworkContainer.<init>(FabricNetworkContainer.java:43)
	at com.charile.blockchain.proxy.FabricNetworkContainer.<init>(FabricNetworkContainer.java:33)
	at com.charile.blockchain.proxy.FabricNetworkContainer$FabricClientProxyFactoryHolder.<clinit>(FabricNetworkContainer.java:54)
	at com.charile.blockchain.proxy.FabricNetworkContainer.getInstance(FabricNetworkContainer.java:61)
	at com.charile.blockchain.proxy.FabricNetworkContainerTest.testCreateChannel(FabricNetworkContainerTest.java:19)
	at sun.reflect.NativeMethodAccessorImpl.invoke0(Native Method)
	at sun.reflect.NativeMethodAccessorImpl.invoke(NativeMethodAccessorImpl.java:62)
	at sun.reflect.DelegatingMethodAccessorImpl.invoke(DelegatingMethodAccessorImpl.java:43)
	at java.lang.reflect.Method.invoke(Method.java:498)
	at org.junit.runners.model.FrameworkMethod$1.runReflectiveCall(FrameworkMethod.java:50)
	at org.junit.internal.runners.model.ReflectiveCallable.run(ReflectiveCallable.java:12)
	at org.junit.runners.model.FrameworkMethod.invokeExplosively(FrameworkMethod.java:47)
	at org.junit.internal.runners.statements.InvokeMethod.evaluate(InvokeMethod.java:17)
	at org.junit.runners.ParentRunner.runLeaf(ParentRunner.java:325)
	at org.junit.runners.BlockJUnit4ClassRunner.runChild(BlockJUnit4ClassRunner.java:78)
	at org.junit.runners.BlockJUnit4ClassRunner.runChild(BlockJUnit4ClassRunner.java:57)
	at org.junit.runners.ParentRunner$3.run(ParentRunner.java:290)
	at org.junit.runners.ParentRunner$1.schedule(ParentRunner.java:71)
	at org.junit.runners.ParentRunner.runChildren(ParentRunner.java:288)
	at org.junit.runners.ParentRunner.access$000(ParentRunner.java:58)
	at org.junit.runners.ParentRunner$2.evaluate(ParentRunner.java:268)
	at org.junit.runners.ParentRunner.run(ParentRunner.java:363)
	at org.junit.runner.JUnitCore.run(JUnitCore.java:137)
	at com.intellij.junit4.JUnit4IdeaTestRunner.startRunnerWithArgs(JUnit4IdeaTestRunner.java:68)
	at com.intellij.rt.execution.junit.IdeaTestRunner$Repeater.startRunnerWithArgs(IdeaTestRunner.java:47)
	at com.intellij.rt.execution.junit.JUnitStarter.prepareStreamsAndStart(JUnitStarter.java:242)
	at com.intellij.rt.execution.junit.JUnitStarter.main(JUnitStarter.java:70)
Caused by: io.grpc.StatusRuntimeException: UNKNOWN: access denied: channel [] creator org [Admin]
	at io.grpc.Status.asRuntimeException(Status.java:533)
	at io.grpc.stub.ClientCalls$UnaryStreamToFuture.onClose(ClientCalls.java:490)
	at io.grpc.PartialForwardingClientCallListener.onClose(PartialForwardingClientCallListener.java:39)
	at io.grpc.ForwardingClientCallListener.onClose(ForwardingClientCallListener.java:23)
	at io.grpc.ForwardingClientCallListener$SimpleForwardingClientCallListener.onClose(ForwardingClientCallListener.java:40)
	at io.grpc.internal.CensusStatsModule$StatsClientInterceptor$1$1.onClose(CensusStatsModule.java:700)
	at io.grpc.PartialForwardingClientCallListener.onClose(PartialForwardingClientCallListener.java:39)
	at io.grpc.ForwardingClientCallListener.onClose(ForwardingClientCallListener.java:23)
	at io.grpc.ForwardingClientCallListener$SimpleForwardingClientCallListener.onClose(ForwardingClientCallListener.java:40)
	at io.grpc.internal.CensusTracingModule$TracingClientInterceptor$1$1.onClose(CensusTracingModule.java:399)
	at io.grpc.internal.ClientCallImpl.closeObserver(ClientCallImpl.java:510)
	at io.grpc.internal.ClientCallImpl.access$300(ClientCallImpl.java:66)
	at io.grpc.internal.ClientCallImpl$ClientStreamListenerImpl.close(ClientCallImpl.java:630)
	at io.grpc.internal.ClientCallImpl$ClientStreamListenerImpl.access$700(ClientCallImpl.java:518)
	at io.grpc.internal.ClientCallImpl$ClientStreamListenerImpl$1StreamClosed.runInternal(ClientCallImpl.java:692)
	at io.grpc.internal.ClientCallImpl$ClientStreamListenerImpl$1StreamClosed.runInContext(ClientCallImpl.java:681)
	at io.grpc.internal.ContextRunnable.run(ContextRunnable.java:37)
	at io.grpc.internal.SerializingExecutor.run(SerializingExecutor.java:123)
	at java.util.concurrent.ThreadPoolExecutor.runWorker(ThreadPoolExecutor.java:1149)
	at java.util.concurrent.ThreadPoolExecutor$Worker.run(ThreadPoolExecutor.java:624)
	at java.lang.Thread.run(Thread.java:748)
2020-10-24 19:38:06 下午 [Thread: main][ Class:org.hyperledger.fabric.sdk.HFClient Method: org.hyperledger.fabric.sdk.HFClient.queryChannels(HFClient.java:578) ]
ERROR:queryChannels for peer peer0.org1.com failed.Failed exception message is Channel Channel{id: 3, name: } Sending proposal with transaction: 168b1b4c2638957fbe7d9eb4f2a36acca85ceb13b8eb74b34a42f73af41dd60a to Peer{ id: 2, name: peer0.org1.com, channelName: null, url: grpcs://127.0.0.1:11051} failed because of: gRPC failure=Status{code=UNKNOWN, description=access denied: channel [] creator org [Admin], cause=null}, status is 500
org.hyperledger.fabric.sdk.exception.ProposalException: Failed exception message is Channel Channel{id: 3, name: } Sending proposal with transaction: 168b1b4c2638957fbe7d9eb4f2a36acca85ceb13b8eb74b34a42f73af41dd60a to Peer{ id: 2, name: peer0.org1.com, channelName: null, url: grpcs://127.0.0.1:11051} failed because of: gRPC failure=Status{code=UNKNOWN, description=access denied: channel [] creator org [Admin], cause=null}, status is 500
	at org.hyperledger.fabric.sdk.Channel.queryChannels(Channel.java:3682)
	at org.hyperledger.fabric.sdk.HFClient.queryChannels(HFClient.java:574)
	at com.charile.blockchain.proxy.FabricNetworkContainer.initlizeNetwork(FabricNetworkContainer.java:129)
	at com.charile.blockchain.proxy.FabricNetworkContainer.init(FabricNetworkContainer.java:76)
	at com.charile.base.AbstractInitOnce.initOnce(AbstractInitOnce.java:27)
	at com.charile.blockchain.proxy.FabricNetworkContainer.<init>(FabricNetworkContainer.java:43)
	at com.charile.blockchain.proxy.FabricNetworkContainer.<init>(FabricNetworkContainer.java:33)
	at com.charile.blockchain.proxy.FabricNetworkContainer$FabricClientProxyFactoryHolder.<clinit>(FabricNetworkContainer.java:54)
	at com.charile.blockchain.proxy.FabricNetworkContainer.getInstance(FabricNetworkContainer.java:61)
	at com.charile.blockchain.proxy.FabricNetworkContainerTest.testCreateChannel(FabricNetworkContainerTest.java:19)
	at sun.reflect.NativeMethodAccessorImpl.invoke0(Native Method)
	at sun.reflect.NativeMethodAccessorImpl.invoke(NativeMethodAccessorImpl.java:62)
	at sun.reflect.DelegatingMethodAccessorImpl.invoke(DelegatingMethodAccessorImpl.java:43)
	at java.lang.reflect.Method.invoke(Method.java:498)
	at org.junit.runners.model.FrameworkMethod$1.runReflectiveCall(FrameworkMethod.java:50)
	at org.junit.internal.runners.model.ReflectiveCallable.run(ReflectiveCallable.java:12)
	at org.junit.runners.model.FrameworkMethod.invokeExplosively(FrameworkMethod.java:47)
	at org.junit.internal.runners.statements.InvokeMethod.evaluate(InvokeMethod.java:17)
	at org.junit.runners.ParentRunner.runLeaf(ParentRunner.java:325)
	at org.junit.runners.BlockJUnit4ClassRunner.runChild(BlockJUnit4ClassRunner.java:78)
	at org.junit.runners.BlockJUnit4ClassRunner.runChild(BlockJUnit4ClassRunner.java:57)
	at org.junit.runners.ParentRunner$3.run(ParentRunner.java:290)
	at org.junit.runners.ParentRunner$1.schedule(ParentRunner.java:71)
	at org.junit.runners.ParentRunner.runChildren(ParentRunner.java:288)
	at org.junit.runners.ParentRunner.access$000(ParentRunner.java:58)
	at org.junit.runners.ParentRunner$2.evaluate(ParentRunner.java:268)
	at org.junit.runners.ParentRunner.run(ParentRunner.java:363)
	at org.junit.runner.JUnitCore.run(JUnitCore.java:137)
	at com.intellij.junit4.JUnit4IdeaTestRunner.startRunnerWithArgs(JUnit4IdeaTestRunner.java:68)
	at com.intellij.rt.execution.junit.IdeaTestRunner$Repeater.startRunnerWithArgs(IdeaTestRunner.java:47)
	at com.intellij.rt.execution.junit.JUnitStarter.prepareStreamsAndStart(JUnitStarter.java:242)
	at com.intellij.rt.execution.junit.JUnitStarter.main(JUnitStarter.java:70)
2020-10-24 19:49:41 下午 [Thread: main][ Class:org.hyperledger.fabric.sdk.Channel Method: org.hyperledger.fabric.sdk.Channel.seekBlock(Channel.java:2785) ]
ERROR:Getting block time exceeded 5 seconds for channel demochannel
org.hyperledger.fabric.sdk.exception.TransactionException: Getting block time exceeded 5 seconds for channel demochannel
	at org.hyperledger.fabric.sdk.Channel.seekBlock(Channel.java:2772)
	at org.hyperledger.fabric.sdk.Channel.getGenesisBlock(Channel.java:1936)
	at org.hyperledger.fabric.sdk.Channel.joinPeer(Channel.java:870)
	at org.hyperledger.fabric.sdk.Channel.joinPeer(Channel.java:828)
	at org.hyperledger.fabric.sdk.Channel.joinPeer(Channel.java:785)
	at com.charile.blockchain.proxy.FabricNetworkContainer.joinAllPeers(FabricNetworkContainer.java:189)
	at com.charile.blockchain.proxy.FabricNetworkContainer.initlizeNetwork(FabricNetworkContainer.java:162)
	at com.charile.blockchain.proxy.FabricNetworkContainer.init(FabricNetworkContainer.java:77)
	at com.charile.base.AbstractInitOnce.initOnce(AbstractInitOnce.java:27)
	at com.charile.blockchain.proxy.FabricNetworkContainer.<init>(FabricNetworkContainer.java:44)
	at com.charile.blockchain.proxy.FabricNetworkContainer.<init>(FabricNetworkContainer.java:34)
	at com.charile.blockchain.proxy.FabricNetworkContainer$FabricClientProxyFactoryHolder.<clinit>(FabricNetworkContainer.java:55)
	at com.charile.blockchain.proxy.FabricNetworkContainer.getInstance(FabricNetworkContainer.java:62)
	at com.charile.blockchain.proxy.FabricNetworkContainerTest.testCreateChannel(FabricNetworkContainerTest.java:19)
	at sun.reflect.NativeMethodAccessorImpl.invoke0(Native Method)
	at sun.reflect.NativeMethodAccessorImpl.invoke(NativeMethodAccessorImpl.java:62)
	at sun.reflect.DelegatingMethodAccessorImpl.invoke(DelegatingMethodAccessorImpl.java:43)
	at java.lang.reflect.Method.invoke(Method.java:498)
	at org.junit.runners.model.FrameworkMethod$1.runReflectiveCall(FrameworkMethod.java:50)
	at org.junit.internal.runners.model.ReflectiveCallable.run(ReflectiveCallable.java:12)
	at org.junit.runners.model.FrameworkMethod.invokeExplosively(FrameworkMethod.java:47)
	at org.junit.internal.runners.statements.InvokeMethod.evaluate(InvokeMethod.java:17)
	at org.junit.runners.ParentRunner.runLeaf(ParentRunner.java:325)
	at org.junit.runners.BlockJUnit4ClassRunner.runChild(BlockJUnit4ClassRunner.java:78)
	at org.junit.runners.BlockJUnit4ClassRunner.runChild(BlockJUnit4ClassRunner.java:57)
	at org.junit.runners.ParentRunner$3.run(ParentRunner.java:290)
	at org.junit.runners.ParentRunner$1.schedule(ParentRunner.java:71)
	at org.junit.runners.ParentRunner.runChildren(ParentRunner.java:288)
	at org.junit.runners.ParentRunner.access$000(ParentRunner.java:58)
	at org.junit.runners.ParentRunner$2.evaluate(ParentRunner.java:268)
	at org.junit.runners.ParentRunner.run(ParentRunner.java:363)
	at org.junit.runner.JUnitCore.run(JUnitCore.java:137)
	at com.intellij.junit4.JUnit4IdeaTestRunner.startRunnerWithArgs(JUnit4IdeaTestRunner.java:68)
	at com.intellij.rt.execution.junit.IdeaTestRunner$Repeater.startRunnerWithArgs(IdeaTestRunner.java:47)
	at com.intellij.rt.execution.junit.JUnitStarter.prepareStreamsAndStart(JUnitStarter.java:242)
	at com.intellij.rt.execution.junit.JUnitStarter.main(JUnitStarter.java:70)
2020-10-24 19:49:41 下午 [Thread: main][ Class:org.hyperledger.fabric.sdk.Channel Method: org.hyperledger.fabric.sdk.Channel.getGenesisBlock(Channel.java:1953) ]
ERROR:Getting block time exceeded 5 seconds for channel demochannel
org.hyperledger.fabric.sdk.exception.TransactionException: Getting block time exceeded 5 seconds for channel demochannel
	at org.hyperledger.fabric.sdk.Channel.seekBlock(Channel.java:2772)
	at org.hyperledger.fabric.sdk.Channel.getGenesisBlock(Channel.java:1936)
	at org.hyperledger.fabric.sdk.Channel.joinPeer(Channel.java:870)
	at org.hyperledger.fabric.sdk.Channel.joinPeer(Channel.java:828)
	at org.hyperledger.fabric.sdk.Channel.joinPeer(Channel.java:785)
	at com.charile.blockchain.proxy.FabricNetworkContainer.joinAllPeers(FabricNetworkContainer.java:189)
	at com.charile.blockchain.proxy.FabricNetworkContainer.initlizeNetwork(FabricNetworkContainer.java:162)
	at com.charile.blockchain.proxy.FabricNetworkContainer.init(FabricNetworkContainer.java:77)
	at com.charile.base.AbstractInitOnce.initOnce(AbstractInitOnce.java:27)
	at com.charile.blockchain.proxy.FabricNetworkContainer.<init>(FabricNetworkContainer.java:44)
	at com.charile.blockchain.proxy.FabricNetworkContainer.<init>(FabricNetworkContainer.java:34)
	at com.charile.blockchain.proxy.FabricNetworkContainer$FabricClientProxyFactoryHolder.<clinit>(FabricNetworkContainer.java:55)
	at com.charile.blockchain.proxy.FabricNetworkContainer.getInstance(FabricNetworkContainer.java:62)
	at com.charile.blockchain.proxy.FabricNetworkContainerTest.testCreateChannel(FabricNetworkContainerTest.java:19)
	at sun.reflect.NativeMethodAccessorImpl.invoke0(Native Method)
	at sun.reflect.NativeMethodAccessorImpl.invoke(NativeMethodAccessorImpl.java:62)
	at sun.reflect.DelegatingMethodAccessorImpl.invoke(DelegatingMethodAccessorImpl.java:43)
	at java.lang.reflect.Method.invoke(Method.java:498)
	at org.junit.runners.model.FrameworkMethod$1.runReflectiveCall(FrameworkMethod.java:50)
	at org.junit.internal.runners.model.ReflectiveCallable.run(ReflectiveCallable.java:12)
	at org.junit.runners.model.FrameworkMethod.invokeExplosively(FrameworkMethod.java:47)
	at org.junit.internal.runners.statements.InvokeMethod.evaluate(InvokeMethod.java:17)
	at org.junit.runners.ParentRunner.runLeaf(ParentRunner.java:325)
	at org.junit.runners.BlockJUnit4ClassRunner.runChild(BlockJUnit4ClassRunner.java:78)
	at org.junit.runners.BlockJUnit4ClassRunner.runChild(BlockJUnit4ClassRunner.java:57)
	at org.junit.runners.ParentRunner$3.run(ParentRunner.java:290)
	at org.junit.runners.ParentRunner$1.schedule(ParentRunner.java:71)
	at org.junit.runners.ParentRunner.runChildren(ParentRunner.java:288)
	at org.junit.runners.ParentRunner.access$000(ParentRunner.java:58)
	at org.junit.runners.ParentRunner$2.evaluate(ParentRunner.java:268)
	at org.junit.runners.ParentRunner.run(ParentRunner.java:363)
	at org.junit.runner.JUnitCore.run(JUnitCore.java:137)
	at com.intellij.junit4.JUnit4IdeaTestRunner.startRunnerWithArgs(JUnit4IdeaTestRunner.java:68)
	at com.intellij.rt.execution.junit.IdeaTestRunner$Repeater.startRunnerWithArgs(IdeaTestRunner.java:47)
	at com.intellij.rt.execution.junit.JUnitStarter.prepareStreamsAndStart(JUnitStarter.java:242)
	at com.intellij.rt.execution.junit.JUnitStarter.main(JUnitStarter.java:70)
2020-10-24 19:49:41 下午 [Thread: main][ Class:org.hyperledger.fabric.sdk.Channel Method: org.hyperledger.fabric.sdk.Channel.joinPeer(Channel.java:907) ]
ERROR:Channel{id: 1, name: demochannel} removing peer Peer{ id: 7, name: peer0.org1.com, channelName: null, url: grpcs://127.0.0.1:11051} due to exception Getting block time exceeded 5 seconds for channel demochannel
2020-10-24 19:49:41 下午 [Thread: main][ Class:org.hyperledger.fabric.sdk.Channel Method: org.hyperledger.fabric.sdk.Channel.joinPeer(Channel.java:910) ]
ERROR:org.hyperledger.fabric.sdk.exception.TransactionException: Getting block time exceeded 5 seconds for channel demochannel
2020-10-24 19:50:21 下午 [Thread: main][ Class:org.hyperledger.fabric.sdk.Channel Method: org.hyperledger.fabric.sdk.Channel.seekBlock(Channel.java:2785) ]
ERROR:Getting block time exceeded 5 seconds for channel demochannel
org.hyperledger.fabric.sdk.exception.TransactionException: Getting block time exceeded 5 seconds for channel demochannel
	at org.hyperledger.fabric.sdk.Channel.seekBlock(Channel.java:2772)
	at org.hyperledger.fabric.sdk.Channel.getGenesisBlock(Channel.java:1936)
	at org.hyperledger.fabric.sdk.Channel.joinPeer(Channel.java:870)
	at org.hyperledger.fabric.sdk.Channel.joinPeer(Channel.java:828)
	at org.hyperledger.fabric.sdk.Channel.joinPeer(Channel.java:785)
	at com.charile.blockchain.proxy.FabricNetworkContainer.joinAllPeers(FabricNetworkContainer.java:189)
	at com.charile.blockchain.proxy.FabricNetworkContainer.initlizeNetwork(FabricNetworkContainer.java:162)
	at com.charile.blockchain.proxy.FabricNetworkContainer.init(FabricNetworkContainer.java:77)
	at com.charile.base.AbstractInitOnce.initOnce(AbstractInitOnce.java:27)
	at com.charile.blockchain.proxy.FabricNetworkContainer.<init>(FabricNetworkContainer.java:44)
	at com.charile.blockchain.proxy.FabricNetworkContainer.<init>(FabricNetworkContainer.java:34)
	at com.charile.blockchain.proxy.FabricNetworkContainer$FabricClientProxyFactoryHolder.<clinit>(FabricNetworkContainer.java:55)
	at com.charile.blockchain.proxy.FabricNetworkContainer.getInstance(FabricNetworkContainer.java:62)
	at com.charile.blockchain.proxy.FabricNetworkContainerTest.testCreateChannel(FabricNetworkContainerTest.java:19)
	at sun.reflect.NativeMethodAccessorImpl.invoke0(Native Method)
	at sun.reflect.NativeMethodAccessorImpl.invoke(NativeMethodAccessorImpl.java:62)
	at sun.reflect.DelegatingMethodAccessorImpl.invoke(DelegatingMethodAccessorImpl.java:43)
	at java.lang.reflect.Method.invoke(Method.java:498)
	at org.junit.runners.model.FrameworkMethod$1.runReflectiveCall(FrameworkMethod.java:50)
	at org.junit.internal.runners.model.ReflectiveCallable.run(ReflectiveCallable.java:12)
	at org.junit.runners.model.FrameworkMethod.invokeExplosively(FrameworkMethod.java:47)
	at org.junit.internal.runners.statements.InvokeMethod.evaluate(InvokeMethod.java:17)
	at org.junit.runners.ParentRunner.runLeaf(ParentRunner.java:325)
	at org.junit.runners.BlockJUnit4ClassRunner.runChild(BlockJUnit4ClassRunner.java:78)
	at org.junit.runners.BlockJUnit4ClassRunner.runChild(BlockJUnit4ClassRunner.java:57)
	at org.junit.runners.ParentRunner$3.run(ParentRunner.java:290)
	at org.junit.runners.ParentRunner$1.schedule(ParentRunner.java:71)
	at org.junit.runners.ParentRunner.runChildren(ParentRunner.java:288)
	at org.junit.runners.ParentRunner.access$000(ParentRunner.java:58)
	at org.junit.runners.ParentRunner$2.evaluate(ParentRunner.java:268)
	at org.junit.runners.ParentRunner.run(ParentRunner.java:363)
	at org.junit.runner.JUnitCore.run(JUnitCore.java:137)
	at com.intellij.junit4.JUnit4IdeaTestRunner.startRunnerWithArgs(JUnit4IdeaTestRunner.java:68)
	at com.intellij.rt.execution.junit.IdeaTestRunner$Repeater.startRunnerWithArgs(IdeaTestRunner.java:47)
	at com.intellij.rt.execution.junit.JUnitStarter.prepareStreamsAndStart(JUnitStarter.java:242)
	at com.intellij.rt.execution.junit.JUnitStarter.main(JUnitStarter.java:70)
2020-10-24 19:50:21 下午 [Thread: main][ Class:org.hyperledger.fabric.sdk.Channel Method: org.hyperledger.fabric.sdk.Channel.getGenesisBlock(Channel.java:1953) ]
ERROR:Getting block time exceeded 5 seconds for channel demochannel
org.hyperledger.fabric.sdk.exception.TransactionException: Getting block time exceeded 5 seconds for channel demochannel
	at org.hyperledger.fabric.sdk.Channel.seekBlock(Channel.java:2772)
	at org.hyperledger.fabric.sdk.Channel.getGenesisBlock(Channel.java:1936)
	at org.hyperledger.fabric.sdk.Channel.joinPeer(Channel.java:870)
	at org.hyperledger.fabric.sdk.Channel.joinPeer(Channel.java:828)
	at org.hyperledger.fabric.sdk.Channel.joinPeer(Channel.java:785)
	at com.charile.blockchain.proxy.FabricNetworkContainer.joinAllPeers(FabricNetworkContainer.java:189)
	at com.charile.blockchain.proxy.FabricNetworkContainer.initlizeNetwork(FabricNetworkContainer.java:162)
	at com.charile.blockchain.proxy.FabricNetworkContainer.init(FabricNetworkContainer.java:77)
	at com.charile.base.AbstractInitOnce.initOnce(AbstractInitOnce.java:27)
	at com.charile.blockchain.proxy.FabricNetworkContainer.<init>(FabricNetworkContainer.java:44)
	at com.charile.blockchain.proxy.FabricNetworkContainer.<init>(FabricNetworkContainer.java:34)
	at com.charile.blockchain.proxy.FabricNetworkContainer$FabricClientProxyFactoryHolder.<clinit>(FabricNetworkContainer.java:55)
	at com.charile.blockchain.proxy.FabricNetworkContainer.getInstance(FabricNetworkContainer.java:62)
	at com.charile.blockchain.proxy.FabricNetworkContainerTest.testCreateChannel(FabricNetworkContainerTest.java:19)
	at sun.reflect.NativeMethodAccessorImpl.invoke0(Native Method)
	at sun.reflect.NativeMethodAccessorImpl.invoke(NativeMethodAccessorImpl.java:62)
	at sun.reflect.DelegatingMethodAccessorImpl.invoke(DelegatingMethodAccessorImpl.java:43)
	at java.lang.reflect.Method.invoke(Method.java:498)
	at org.junit.runners.model.FrameworkMethod$1.runReflectiveCall(FrameworkMethod.java:50)
	at org.junit.internal.runners.model.ReflectiveCallable.run(ReflectiveCallable.java:12)
	at org.junit.runners.model.FrameworkMethod.invokeExplosively(FrameworkMethod.java:47)
	at org.junit.internal.runners.statements.InvokeMethod.evaluate(InvokeMethod.java:17)
	at org.junit.runners.ParentRunner.runLeaf(ParentRunner.java:325)
	at org.junit.runners.BlockJUnit4ClassRunner.runChild(BlockJUnit4ClassRunner.java:78)
	at org.junit.runners.BlockJUnit4ClassRunner.runChild(BlockJUnit4ClassRunner.java:57)
	at org.junit.runners.ParentRunner$3.run(ParentRunner.java:290)
	at org.junit.runners.ParentRunner$1.schedule(ParentRunner.java:71)
	at org.junit.runners.ParentRunner.runChildren(ParentRunner.java:288)
	at org.junit.runners.ParentRunner.access$000(ParentRunner.java:58)
	at org.junit.runners.ParentRunner$2.evaluate(ParentRunner.java:268)
	at org.junit.runners.ParentRunner.run(ParentRunner.java:363)
	at org.junit.runner.JUnitCore.run(JUnitCore.java:137)
	at com.intellij.junit4.JUnit4IdeaTestRunner.startRunnerWithArgs(JUnit4IdeaTestRunner.java:68)
	at com.intellij.rt.execution.junit.IdeaTestRunner$Repeater.startRunnerWithArgs(IdeaTestRunner.java:47)
	at com.intellij.rt.execution.junit.JUnitStarter.prepareStreamsAndStart(JUnitStarter.java:242)
	at com.intellij.rt.execution.junit.JUnitStarter.main(JUnitStarter.java:70)
2020-10-24 19:50:21 下午 [Thread: main][ Class:org.hyperledger.fabric.sdk.Channel Method: org.hyperledger.fabric.sdk.Channel.joinPeer(Channel.java:907) ]
ERROR:Channel{id: 1, name: demochannel} removing peer Peer{ id: 7, name: peer0.org1.com, channelName: null, url: grpcs://127.0.0.1:11051} due to exception Getting block time exceeded 5 seconds for channel demochannel
2020-10-24 19:50:21 下午 [Thread: main][ Class:org.hyperledger.fabric.sdk.Channel Method: org.hyperledger.fabric.sdk.Channel.joinPeer(Channel.java:910) ]
ERROR:org.hyperledger.fabric.sdk.exception.TransactionException: Getting block time exceeded 5 seconds for channel demochannel
2020-10-24 19:51:19 下午 [Thread: main][ Class:org.hyperledger.fabric.sdk.Channel Method: org.hyperledger.fabric.sdk.Channel.seekBlock(Channel.java:2785) ]
ERROR:Getting block time exceeded 5 seconds for channel demochannel
org.hyperledger.fabric.sdk.exception.TransactionException: Getting block time exceeded 5 seconds for channel demochannel
	at org.hyperledger.fabric.sdk.Channel.seekBlock(Channel.java:2772)
	at org.hyperledger.fabric.sdk.Channel.getGenesisBlock(Channel.java:1936)
	at org.hyperledger.fabric.sdk.Channel.joinPeer(Channel.java:870)
	at org.hyperledger.fabric.sdk.Channel.joinPeer(Channel.java:828)
	at org.hyperledger.fabric.sdk.Channel.joinPeer(Channel.java:785)
	at com.charile.blockchain.proxy.FabricNetworkContainer.joinAllPeers(FabricNetworkContainer.java:189)
	at com.charile.blockchain.proxy.FabricNetworkContainer.initlizeNetwork(FabricNetworkContainer.java:162)
	at com.charile.blockchain.proxy.FabricNetworkContainer.init(FabricNetworkContainer.java:77)
	at com.charile.base.AbstractInitOnce.initOnce(AbstractInitOnce.java:27)
	at com.charile.blockchain.proxy.FabricNetworkContainer.<init>(FabricNetworkContainer.java:44)
	at com.charile.blockchain.proxy.FabricNetworkContainer.<init>(FabricNetworkContainer.java:34)
	at com.charile.blockchain.proxy.FabricNetworkContainer$FabricClientProxyFactoryHolder.<clinit>(FabricNetworkContainer.java:55)
	at com.charile.blockchain.proxy.FabricNetworkContainer.getInstance(FabricNetworkContainer.java:62)
	at com.charile.blockchain.proxy.FabricNetworkContainerTest.testCreateChannel(FabricNetworkContainerTest.java:19)
	at sun.reflect.NativeMethodAccessorImpl.invoke0(Native Method)
	at sun.reflect.NativeMethodAccessorImpl.invoke(NativeMethodAccessorImpl.java:62)
	at sun.reflect.DelegatingMethodAccessorImpl.invoke(DelegatingMethodAccessorImpl.java:43)
	at java.lang.reflect.Method.invoke(Method.java:498)
	at org.junit.runners.model.FrameworkMethod$1.runReflectiveCall(FrameworkMethod.java:50)
	at org.junit.internal.runners.model.ReflectiveCallable.run(ReflectiveCallable.java:12)
	at org.junit.runners.model.FrameworkMethod.invokeExplosively(FrameworkMethod.java:47)
	at org.junit.internal.runners.statements.InvokeMethod.evaluate(InvokeMethod.java:17)
	at org.junit.runners.ParentRunner.runLeaf(ParentRunner.java:325)
	at org.junit.runners.BlockJUnit4ClassRunner.runChild(BlockJUnit4ClassRunner.java:78)
	at org.junit.runners.BlockJUnit4ClassRunner.runChild(BlockJUnit4ClassRunner.java:57)
	at org.junit.runners.ParentRunner$3.run(ParentRunner.java:290)
	at org.junit.runners.ParentRunner$1.schedule(ParentRunner.java:71)
	at org.junit.runners.ParentRunner.runChildren(ParentRunner.java:288)
	at org.junit.runners.ParentRunner.access$000(ParentRunner.java:58)
	at org.junit.runners.ParentRunner$2.evaluate(ParentRunner.java:268)
	at org.junit.runners.ParentRunner.run(ParentRunner.java:363)
	at org.junit.runner.JUnitCore.run(JUnitCore.java:137)
	at com.intellij.junit4.JUnit4IdeaTestRunner.startRunnerWithArgs(JUnit4IdeaTestRunner.java:68)
	at com.intellij.rt.execution.junit.IdeaTestRunner$Repeater.startRunnerWithArgs(IdeaTestRunner.java:47)
	at com.intellij.rt.execution.junit.JUnitStarter.prepareStreamsAndStart(JUnitStarter.java:242)
	at com.intellij.rt.execution.junit.JUnitStarter.main(JUnitStarter.java:70)
2020-10-24 19:51:19 下午 [Thread: main][ Class:org.hyperledger.fabric.sdk.Channel Method: org.hyperledger.fabric.sdk.Channel.getGenesisBlock(Channel.java:1953) ]
ERROR:Getting block time exceeded 5 seconds for channel demochannel
org.hyperledger.fabric.sdk.exception.TransactionException: Getting block time exceeded 5 seconds for channel demochannel
	at org.hyperledger.fabric.sdk.Channel.seekBlock(Channel.java:2772)
	at org.hyperledger.fabric.sdk.Channel.getGenesisBlock(Channel.java:1936)
	at org.hyperledger.fabric.sdk.Channel.joinPeer(Channel.java:870)
	at org.hyperledger.fabric.sdk.Channel.joinPeer(Channel.java:828)
	at org.hyperledger.fabric.sdk.Channel.joinPeer(Channel.java:785)
	at com.charile.blockchain.proxy.FabricNetworkContainer.joinAllPeers(FabricNetworkContainer.java:189)
	at com.charile.blockchain.proxy.FabricNetworkContainer.initlizeNetwork(FabricNetworkContainer.java:162)
	at com.charile.blockchain.proxy.FabricNetworkContainer.init(FabricNetworkContainer.java:77)
	at com.charile.base.AbstractInitOnce.initOnce(AbstractInitOnce.java:27)
	at com.charile.blockchain.proxy.FabricNetworkContainer.<init>(FabricNetworkContainer.java:44)
	at com.charile.blockchain.proxy.FabricNetworkContainer.<init>(FabricNetworkContainer.java:34)
	at com.charile.blockchain.proxy.FabricNetworkContainer$FabricClientProxyFactoryHolder.<clinit>(FabricNetworkContainer.java:55)
	at com.charile.blockchain.proxy.FabricNetworkContainer.getInstance(FabricNetworkContainer.java:62)
	at com.charile.blockchain.proxy.FabricNetworkContainerTest.testCreateChannel(FabricNetworkContainerTest.java:19)
	at sun.reflect.NativeMethodAccessorImpl.invoke0(Native Method)
	at sun.reflect.NativeMethodAccessorImpl.invoke(NativeMethodAccessorImpl.java:62)
	at sun.reflect.DelegatingMethodAccessorImpl.invoke(DelegatingMethodAccessorImpl.java:43)
	at java.lang.reflect.Method.invoke(Method.java:498)
	at org.junit.runners.model.FrameworkMethod$1.runReflectiveCall(FrameworkMethod.java:50)
	at org.junit.internal.runners.model.ReflectiveCallable.run(ReflectiveCallable.java:12)
	at org.junit.runners.model.FrameworkMethod.invokeExplosively(FrameworkMethod.java:47)
	at org.junit.internal.runners.statements.InvokeMethod.evaluate(InvokeMethod.java:17)
	at org.junit.runners.ParentRunner.runLeaf(ParentRunner.java:325)
	at org.junit.runners.BlockJUnit4ClassRunner.runChild(BlockJUnit4ClassRunner.java:78)
	at org.junit.runners.BlockJUnit4ClassRunner.runChild(BlockJUnit4ClassRunner.java:57)
	at org.junit.runners.ParentRunner$3.run(ParentRunner.java:290)
	at org.junit.runners.ParentRunner$1.schedule(ParentRunner.java:71)
	at org.junit.runners.ParentRunner.runChildren(ParentRunner.java:288)
	at org.junit.runners.ParentRunner.access$000(ParentRunner.java:58)
	at org.junit.runners.ParentRunner$2.evaluate(ParentRunner.java:268)
	at org.junit.runners.ParentRunner.run(ParentRunner.java:363)
	at org.junit.runner.JUnitCore.run(JUnitCore.java:137)
	at com.intellij.junit4.JUnit4IdeaTestRunner.startRunnerWithArgs(JUnit4IdeaTestRunner.java:68)
	at com.intellij.rt.execution.junit.IdeaTestRunner$Repeater.startRunnerWithArgs(IdeaTestRunner.java:47)
	at com.intellij.rt.execution.junit.JUnitStarter.prepareStreamsAndStart(JUnitStarter.java:242)
	at com.intellij.rt.execution.junit.JUnitStarter.main(JUnitStarter.java:70)
2020-10-24 19:51:19 下午 [Thread: main][ Class:org.hyperledger.fabric.sdk.Channel Method: org.hyperledger.fabric.sdk.Channel.joinPeer(Channel.java:907) ]
ERROR:Channel{id: 1, name: demochannel} removing peer Peer{ id: 7, name: peer0.org1.com, channelName: null, url: grpcs://127.0.0.1:11051} due to exception Getting block time exceeded 5 seconds for channel demochannel
2020-10-24 19:51:19 下午 [Thread: main][ Class:org.hyperledger.fabric.sdk.Channel Method: org.hyperledger.fabric.sdk.Channel.joinPeer(Channel.java:910) ]
ERROR:org.hyperledger.fabric.sdk.exception.TransactionException: Getting block time exceeded 5 seconds for channel demochannel
2020-10-24 19:57:11 下午 [Thread: main][ Class:org.hyperledger.fabric.sdk.Channel Method: org.hyperledger.fabric.sdk.Channel.joinPeer(Channel.java:902) ]
ERROR:Channel{id: 6, name: demochannel} removing peer Peer{ id: 11, name: peer0.org1.com, channelName: demochannel, url: grpcs://127.0.0.1:11051} due to exception Join peer to channel demochannel failed.  Status FAILURE, details: cannot create ledger from genesis block: LedgerID already exists
2020-10-24 19:57:11 下午 [Thread: main][ Class:org.hyperledger.fabric.sdk.Channel Method: org.hyperledger.fabric.sdk.Channel.joinPeer(Channel.java:904) ]
ERROR:org.hyperledger.fabric.sdk.exception.ProposalException: Join peer to channel demochannel failed.  Status FAILURE, details: cannot create ledger from genesis block: LedgerID already exists
2020-10-24 20:05:41 下午 [Thread: main][ Class:org.hyperledger.fabric.sdk.Channel Method: org.hyperledger.fabric.sdk.Channel.joinPeer(Channel.java:902) ]
ERROR:Channel{id: 6, name: demochannel} removing peer Peer{ id: 11, name: peer0.org1.com, channelName: demochannel, url: grpcs://127.0.0.1:11051} due to exception Join peer to channel demochannel failed.  Status FAILURE, details: cannot create ledger from genesis block: LedgerID already exists
2020-10-24 20:05:41 下午 [Thread: main][ Class:org.hyperledger.fabric.sdk.Channel Method: org.hyperledger.fabric.sdk.Channel.joinPeer(Channel.java:904) ]
ERROR:org.hyperledger.fabric.sdk.exception.ProposalException: Join peer to channel demochannel failed.  Status FAILURE, details: cannot create ledger from genesis block: LedgerID already exists
2020-10-24 20:16:55 下午 [Thread: main][ Class:org.hyperledger.fabric.sdk.Channel Method: org.hyperledger.fabric.sdk.Channel.joinPeer(Channel.java:902) ]
ERROR:Channel{id: 5, name: demochannel} removing peer Peer{ id: 6, name: peer0.org1.com, channelName: demochannel, url: grpcs://127.0.0.1:11051} due to exception Join peer to channel demochannel failed.  Status FAILURE, details: cannot create ledger from genesis block: LedgerID already exists
2020-10-24 20:16:55 下午 [Thread: main][ Class:org.hyperledger.fabric.sdk.Channel Method: org.hyperledger.fabric.sdk.Channel.joinPeer(Channel.java:904) ]
ERROR:org.hyperledger.fabric.sdk.exception.ProposalException: Join peer to channel demochannel failed.  Status FAILURE, details: cannot create ledger from genesis block: LedgerID already exists
2020-10-24 23:17:11 下午 [Thread: main][ Class:org.hyperledger.fabric.sdk.transaction.InstallProposalBuilder Method: org.hyperledger.fabric.sdk.transaction.InstallProposalBuilder.createNetModeTransaction(InstallProposalBuilder.java:235) ]
ERROR:The project source directory does not exist: /Users/joker/go/src/myLibrary/java-library/src/main/resources/src/chaincodes
